<?xml version="1.0" encoding="UTF-8"?>
<coverage generated="1767840343851" clover="3.2.0">
  <project timestamp="1767840343851" name="All files">
    <metrics statements="974" coveredstatements="744" conditionals="549" coveredconditionals="337" methods="298" coveredmethods="205" elements="1821" coveredelements="1286" complexity="0" loc="974" ncloc="974" packages="5" files="23" classes="23"/>
    <package name="components">
      <metrics statements="32" coveredstatements="16" conditionals="10" coveredconditionals="2" methods="12" coveredmethods="3"/>
      <file name="NotificationModal.tsx" path="D:\UNi\251\Mobile\Testing\finflow\frontend\src\components\NotificationModal.tsx">
        <metrics statements="3" coveredstatements="3" conditionals="0" coveredconditionals="0" methods="1" coveredmethods="1"/>
        <line num="19" count="19" type="stmt"/>
        <line num="49" count="5" type="stmt"/>
        <line num="60" count="5" type="stmt"/>
      </file>
      <file name="ProgressDots.tsx" path="D:\UNi\251\Mobile\Testing\finflow\frontend\src\components\ProgressDots.tsx">
        <metrics statements="4" coveredstatements="0" conditionals="4" coveredconditionals="0" methods="3" coveredmethods="0"/>
        <line num="11" count="0" type="stmt"/>
        <line num="14" count="0" type="stmt"/>
        <line num="16" count="0" type="cond" truecount="0" falsecount="2"/>
        <line num="31" count="0" type="stmt"/>
      </file>
      <file name="Toast.tsx" path="D:\UNi\251\Mobile\Testing\finflow\frontend\src\components\Toast.tsx">
        <metrics statements="25" coveredstatements="13" conditionals="6" coveredconditionals="2" methods="8" coveredmethods="2"/>
        <line num="19" count="12" type="stmt"/>
        <line num="26" count="12" type="stmt"/>
        <line num="32" count="12" type="stmt"/>
        <line num="35" count="0" type="stmt"/>
        <line num="39" count="0" type="stmt"/>
        <line num="43" count="0" type="stmt"/>
        <line num="47" count="11" type="stmt"/>
        <line num="48" count="11" type="stmt"/>
        <line num="53" count="11" type="stmt"/>
        <line num="54" count="11" type="stmt"/>
        <line num="56" count="11" type="stmt"/>
        <line num="57" count="11" type="stmt"/>
        <line num="58" count="0" type="stmt"/>
        <line num="59" count="0" type="stmt"/>
        <line num="62" count="0" type="stmt"/>
        <line num="76" count="0" type="stmt"/>
        <line num="77" count="0" type="stmt"/>
        <line num="88" count="0" type="stmt"/>
        <line num="93" count="11" type="cond" truecount="1" falsecount="1"/>
        <line num="95" count="0" type="stmt"/>
        <line num="96" count="0" type="stmt"/>
        <line num="98" count="0" type="stmt"/>
        <line num="124" count="12" type="stmt"/>
        <line num="125" count="12" type="stmt"/>
        <line num="127" count="12" type="stmt"/>
      </file>
    </package>
    <package name="constants">
      <metrics statements="2" coveredstatements="2" conditionals="0" coveredconditionals="0" methods="2" coveredmethods="2"/>
      <file name="budgetCategories.ts" path="D:\UNi\251\Mobile\Testing\finflow\frontend\src\constants\budgetCategories.ts">
        <metrics statements="2" coveredstatements="2" conditionals="0" coveredconditionals="0" methods="2" coveredmethods="2"/>
        <line num="21" count="4" type="stmt"/>
        <line num="59" count="293" type="stmt"/>
      </file>
    </package>
    <package name="screens">
      <metrics statements="852" coveredstatements="656" conditionals="465" coveredconditionals="290" methods="261" coveredmethods="177"/>
      <file name="AddTransactionScreen.tsx" path="D:\UNi\251\Mobile\Testing\finflow\frontend\src\screens\AddTransactionScreen.tsx">
        <metrics statements="154" coveredstatements="113" conditionals="104" coveredconditionals="61" methods="55" coveredmethods="34"/>
        <line num="35" count="1" type="stmt"/>
        <line num="53" count="1" type="stmt"/>
        <line num="103" count="13" type="cond" truecount="1" falsecount="1"/>
        <line num="104" count="13" type="stmt"/>
        <line num="105" count="13" type="stmt"/>
        <line num="109" count="17" type="stmt"/>
        <line num="113" count="13" type="stmt"/>
        <line num="114" count="13" type="stmt"/>
        <line num="115" count="13" type="stmt"/>
        <line num="116" count="13" type="stmt"/>
        <line num="120" count="2" type="stmt"/>
        <line num="121" count="2" type="stmt"/>
        <line num="122" count="2" type="stmt"/>
        <line num="123" count="2" type="stmt"/>
        <line num="127" count="3" type="stmt"/>
        <line num="131" count="3" type="stmt"/>
        <line num="132" count="3" type="stmt"/>
        <line num="133" count="3" type="stmt"/>
        <line num="135" count="3" type="stmt"/>
        <line num="136" count="9" type="stmt"/>
        <line num="137" count="93" type="stmt"/>
        <line num="138" count="3" type="stmt"/>
        <line num="140" count="3" type="stmt"/>
        <line num="141" count="15" type="stmt"/>
        <line num="142" count="3" type="stmt"/>
        <line num="152" count="13" type="stmt"/>
        <line num="155" count="1" type="stmt"/>
        <line num="171" count="0" type="stmt"/>
        <line num="197" count="12" type="stmt"/>
        <line num="198" count="12" type="stmt"/>
        <line num="209" count="12" type="stmt"/>
        <line num="213" count="108" type="stmt"/>
        <line num="221" count="2" type="stmt"/>
        <line num="251" count="27" type="stmt"/>
        <line num="274" count="16" type="stmt"/>
        <line num="276" count="16" type="stmt"/>
        <line num="277" count="16" type="stmt"/>
        <line num="279" count="16" type="stmt"/>
        <line num="280" count="16" type="stmt"/>
        <line num="282" count="16" type="stmt"/>
        <line num="283" count="16" type="stmt"/>
        <line num="285" count="16" type="stmt"/>
        <line num="286" count="16" type="stmt"/>
        <line num="290" count="16" type="stmt"/>
        <line num="292" count="16" type="stmt"/>
        <line num="293" count="3" type="stmt"/>
        <line num="298" count="16" type="stmt"/>
        <line num="299" count="16" type="stmt"/>
        <line num="302" count="16" type="stmt"/>
        <line num="305" count="16" type="stmt"/>
        <line num="306" count="3" type="stmt"/>
        <line num="307" count="3" type="stmt"/>
        <line num="308" count="3" type="stmt"/>
        <line num="309" count="3" type="cond" truecount="1" falsecount="1"/>
        <line num="310" count="0" type="stmt"/>
        <line num="311" count="0" type="stmt"/>
        <line num="314" count="3" type="stmt"/>
        <line num="315" count="3" type="stmt"/>
        <line num="317" count="0" type="cond" truecount="0" falsecount="2"/>
        <line num="319" count="3" type="stmt"/>
        <line num="325" count="16" type="stmt"/>
        <line num="326" count="4" type="cond" truecount="2" falsecount="0"/>
        <line num="329" count="16" type="stmt"/>
        <line num="330" count="4" type="cond" truecount="2" falsecount="0"/>
        <line num="333" count="16" type="stmt"/>
        <line num="334" count="4" type="stmt"/>
        <line num="338" count="16" type="stmt"/>
        <line num="339" count="1" type="stmt"/>
        <line num="354" count="1" type="cond" truecount="1" falsecount="1"/>
        <line num="356" count="1" type="stmt"/>
        <line num="357" count="1" type="cond" truecount="2" falsecount="0"/>
        <line num="360" count="1" type="cond" truecount="1" falsecount="1"/>
        <line num="364" count="16" type="stmt"/>
        <line num="365" count="1" type="stmt"/>
        <line num="366" count="2" type="cond" truecount="2" falsecount="0"/>
        <line num="368" count="1" type="cond" truecount="1" falsecount="1"/>
        <line num="371" count="16" type="stmt"/>
        <line num="372" count="4" type="stmt"/>
        <line num="373" count="4" type="cond" truecount="2" falsecount="0"/>
        <line num="374" count="4" type="stmt"/>
        <line num="375" count="4" type="cond" truecount="1" falsecount="1"/>
        <line num="379" count="16" type="stmt"/>
        <line num="380" count="0" type="stmt"/>
        <line num="381" count="0" type="cond" truecount="0" falsecount="2"/>
        <line num="382" count="0" type="stmt"/>
        <line num="386" count="16" type="stmt"/>
        <line num="387" count="1" type="stmt"/>
        <line num="388" count="1" type="cond" truecount="1" falsecount="1"/>
        <line num="391" count="16" type="stmt"/>
        <line num="392" count="0" type="stmt"/>
        <line num="393" count="0" type="cond" truecount="0" falsecount="2"/>
        <line num="396" count="16" type="stmt"/>
        <line num="397" count="2" type="cond" truecount="1" falsecount="1"/>
        <line num="399" count="2" type="stmt"/>
        <line num="400" count="2" type="stmt"/>
        <line num="401" count="2" type="cond" truecount="1" falsecount="1"/>
        <line num="402" count="0" type="stmt"/>
        <line num="403" count="0" type="stmt"/>
        <line num="406" count="2" type="stmt"/>
        <line num="408" count="2" type="cond" truecount="2" falsecount="0"/>
        <line num="409" count="1" type="cond" truecount="1" falsecount="1"/>
        <line num="410" count="0" type="stmt"/>
        <line num="411" count="0" type="stmt"/>
        <line num="413" count="1" type="stmt"/>
        <line num="414" count="1" type="cond" truecount="1" falsecount="1"/>
        <line num="415" count="0" type="stmt"/>
        <line num="418" count="0" type="stmt"/>
        <line num="422" count="1" type="stmt"/>
        <line num="423" count="1" type="cond" truecount="1" falsecount="1"/>
        <line num="424" count="0" type="stmt"/>
        <line num="425" count="0" type="stmt"/>
        <line num="429" count="2" type="stmt"/>
        <line num="431" count="2" type="stmt"/>
        <line num="432" count="2" type="cond" truecount="1" falsecount="1"/>
        <line num="433" count="0" type="stmt"/>
        <line num="434" count="0" type="stmt"/>
        <line num="437" count="2" type="stmt"/>
        <line num="447" count="2" type="stmt"/>
        <line num="448" count="2" type="stmt"/>
        <line num="450" count="0" type="cond" truecount="0" falsecount="2"/>
        <line num="452" count="2" type="stmt"/>
        <line num="456" count="16" type="stmt"/>
        <line num="457" count="1" type="stmt"/>
        <line num="458" count="1" type="stmt"/>
        <line num="459" count="1" type="stmt"/>
        <line num="462" count="1" type="cond" truecount="1" falsecount="1"/>
        <line num="463" count="0" type="stmt"/>
        <line num="467" count="16" type="cond" truecount="2" falsecount="0"/>
        <line num="468" count="3" type="stmt"/>
        <line num="479" count="13" type="stmt"/>
        <line num="486" count="0" type="stmt"/>
        <line num="505" count="27" type="stmt"/>
        <line num="509" count="0" type="stmt"/>
        <line num="516" count="0" type="stmt"/>
        <line num="517" count="0" type="stmt"/>
        <line num="594" count="0" type="stmt"/>
        <line num="595" count="0" type="stmt"/>
        <line num="596" count="0" type="stmt"/>
        <line num="618" count="0" type="stmt"/>
        <line num="619" count="0" type="stmt"/>
        <line num="620" count="0" type="stmt"/>
        <line num="631" count="0" type="stmt"/>
        <line num="638" count="0" type="stmt"/>
        <line num="641" count="0" type="cond" truecount="0" falsecount="4"/>
        <line num="646" count="0" type="stmt"/>
        <line num="651" count="0" type="stmt"/>
        <line num="703" count="0" type="stmt"/>
        <line num="707" count="0" type="stmt"/>
        <line num="713" count="0" type="stmt"/>
        <line num="723" count="108" type="stmt"/>
        <line num="726" count="0" type="stmt"/>
        <line num="727" count="0" type="stmt"/>
        <line num="752" count="1" type="stmt"/>
        <line num="763" count="1" type="stmt"/>
      </file>
      <file name="BudgetCategoryDetailScreen.tsx" path="D:\UNi\251\Mobile\Testing\finflow\frontend\src\screens\BudgetCategoryDetailScreen.tsx">
        <metrics statements="95" coveredstatements="84" conditionals="36" coveredconditionals="23" methods="29" coveredmethods="22"/>
        <line num="36" count="12" type="stmt"/>
        <line num="43" count="3" type="stmt"/>
        <line num="44" count="3" type="stmt"/>
        <line num="45" count="3" type="stmt"/>
        <line num="46" count="3" type="stmt"/>
        <line num="50" count="3" type="stmt"/>
        <line num="51" count="3" type="stmt"/>
        <line num="52" count="3" type="stmt"/>
        <line num="53" count="3" type="stmt"/>
        <line num="57" count="4" type="stmt"/>
        <line num="58" count="4" type="stmt"/>
        <line num="59" count="4" type="stmt"/>
        <line num="60" count="4" type="stmt"/>
        <line num="63" count="1" type="stmt"/>
        <line num="75" count="3" type="stmt"/>
        <line num="76" count="3" type="stmt"/>
        <line num="77" count="3" type="cond" truecount="1" falsecount="1"/>
        <line num="79" count="3" type="stmt"/>
        <line num="101" count="4" type="stmt"/>
        <line num="103" count="4" type="stmt"/>
        <line num="106" count="4" type="cond" truecount="2" falsecount="0"/>
        <line num="107" count="4" type="cond" truecount="1" falsecount="1"/>
        <line num="109" count="4" type="stmt"/>
        <line num="110" count="4" type="stmt"/>
        <line num="112" count="4" type="stmt"/>
        <line num="113" count="4" type="stmt"/>
        <line num="115" count="4" type="stmt"/>
        <line num="118" count="4" type="stmt"/>
        <line num="133" count="4" type="stmt"/>
        <line num="134" count="4" type="stmt"/>
        <line num="135" count="4" type="stmt"/>
        <line num="136" count="4" type="cond" truecount="1" falsecount="1"/>
        <line num="137" count="0" type="stmt"/>
        <line num="138" count="0" type="stmt"/>
        <line num="141" count="4" type="stmt"/>
        <line num="142" count="4" type="stmt"/>
        <line num="148" count="4" type="cond" truecount="1" falsecount="1"/>
        <line num="149" count="4" type="stmt"/>
        <line num="150" count="4" type="stmt"/>
        <line num="154" count="4" type="stmt"/>
        <line num="155" count="4" type="stmt"/>
        <line num="158" count="4" type="stmt"/>
        <line num="159" count="4" type="cond" truecount="1" falsecount="1"/>
        <line num="161" count="0" type="cond" truecount="0" falsecount="2"/>
        <line num="163" count="4" type="stmt"/>
        <line num="164" count="4" type="stmt"/>
        <line num="168" count="4" type="stmt"/>
        <line num="169" count="1" type="stmt"/>
        <line num="172" count="4" type="stmt"/>
        <line num="174" count="4" type="cond" truecount="2" falsecount="0"/>
        <line num="175" count="3" type="stmt"/>
        <line num="180" count="4" type="stmt"/>
        <line num="181" count="0" type="stmt"/>
        <line num="182" count="0" type="stmt"/>
        <line num="186" count="4" type="stmt"/>
        <line num="187" count="4" type="stmt"/>
        <line num="188" count="4" type="stmt"/>
        <line num="190" count="4" type="stmt"/>
        <line num="191" count="3" type="stmt"/>
        <line num="192" count="3" type="cond" truecount="2" falsecount="0"/>
        <line num="195" count="4" type="stmt"/>
        <line num="196" count="3" type="stmt"/>
        <line num="197" count="0" type="stmt"/>
        <line num="199" count="4" type="stmt"/>
        <line num="200" count="3" type="stmt"/>
        <line num="201" count="3" type="stmt"/>
        <line num="203" count="4" type="cond" truecount="2" falsecount="0"/>
        <line num="205" count="4" type="stmt"/>
        <line num="206" count="2" type="cond" truecount="2" falsecount="0"/>
        <line num="207" count="1" type="stmt"/>
        <line num="214" count="4" type="stmt"/>
        <line num="215" count="4" type="stmt"/>
        <line num="217" count="4" type="stmt"/>
        <line num="218" count="3" type="stmt"/>
        <line num="219" count="3" type="stmt"/>
        <line num="223" count="3" type="stmt"/>
        <line num="228" count="3" type="cond" truecount="1" falsecount="1"/>
        <line num="229" count="3" type="stmt"/>
        <line num="231" count="3" type="stmt"/>
        <line num="235" count="4" type="stmt"/>
        <line num="236" count="0" type="stmt"/>
        <line num="238" count="3" type="stmt"/>
        <line num="239" count="3" type="stmt"/>
        <line num="243" count="0" type="stmt"/>
        <line num="248" count="4" type="stmt"/>
        <line num="251" count="4" type="cond" truecount="2" falsecount="0"/>
        <line num="252" count="1" type="stmt"/>
        <line num="263" count="3" type="stmt"/>
        <line num="274" count="0" type="stmt"/>
        <line num="285" count="0" type="stmt"/>
        <line num="370" count="3" type="cond" truecount="1" falsecount="1"/>
        <line num="376" count="3" type="stmt"/>
        <line num="384" count="1" type="stmt"/>
        <line num="398" count="0" type="stmt"/>
        <line num="404" count="1" type="stmt"/>
      </file>
      <file name="BudgetCategoryFormScreen.tsx" path="D:\UNi\251\Mobile\Testing\finflow\frontend\src\screens\BudgetCategoryFormScreen.tsx">
        <metrics statements="58" coveredstatements="45" conditionals="34" coveredconditionals="19" methods="10" coveredmethods="7"/>
        <line num="25" count="1" type="stmt"/>
        <line num="37" count="1" type="stmt"/>
        <line num="38" count="1" type="stmt"/>
        <line num="39" count="1" type="stmt"/>
        <line num="40" count="1" type="stmt"/>
        <line num="45" count="5" type="stmt"/>
        <line num="46" count="5" type="stmt"/>
        <line num="48" count="5" type="stmt"/>
        <line num="49" count="5" type="stmt"/>
        <line num="50" count="1" type="cond" truecount="1" falsecount="1"/>
        <line num="54" count="5" type="stmt"/>
        <line num="55" count="5" type="stmt"/>
        <line num="57" count="5" type="stmt"/>
        <line num="58" count="5" type="stmt"/>
        <line num="59" count="5" type="stmt"/>
        <line num="62" count="5" type="stmt"/>
        <line num="77" count="5" type="stmt"/>
        <line num="78" count="1" type="stmt"/>
        <line num="79" count="1" type="stmt"/>
        <line num="80" count="1" type="stmt"/>
        <line num="81" count="1" type="cond" truecount="1" falsecount="1"/>
        <line num="82" count="0" type="stmt"/>
        <line num="83" count="0" type="stmt"/>
        <line num="86" count="1" type="stmt"/>
        <line num="87" count="1" type="stmt"/>
        <line num="89" count="0" type="cond" truecount="0" falsecount="2"/>
        <line num="91" count="1" type="stmt"/>
        <line num="96" count="5" type="stmt"/>
        <line num="97" count="1" type="cond" truecount="1" falsecount="1"/>
        <line num="99" count="1" type="stmt"/>
        <line num="100" count="1" type="stmt"/>
        <line num="101" count="1" type="stmt"/>
        <line num="103" count="1" type="cond" truecount="3" falsecount="1"/>
        <line num="104" count="0" type="stmt"/>
        <line num="105" count="0" type="stmt"/>
        <line num="108" count="1" type="cond" truecount="2" falsecount="2"/>
        <line num="111" count="1" type="stmt"/>
        <line num="112" count="1" type="cond" truecount="2" falsecount="0"/>
        <line num="115" count="1" type="cond" truecount="1" falsecount="1"/>
        <line num="116" count="0" type="stmt"/>
        <line num="117" count="0" type="stmt"/>
        <line num="120" count="1" type="stmt"/>
        <line num="122" count="1" type="stmt"/>
        <line num="123" count="1" type="cond" truecount="1" falsecount="1"/>
        <line num="124" count="0" type="stmt"/>
        <line num="125" count="0" type="stmt"/>
        <line num="128" count="1" type="stmt"/>
        <line num="137" count="1" type="stmt"/>
        <line num="138" count="1" type="stmt"/>
        <line num="140" count="0" type="cond" truecount="0" falsecount="2"/>
        <line num="142" count="1" type="stmt"/>
        <line num="146" count="5" type="cond" truecount="2" falsecount="0"/>
        <line num="147" count="1" type="stmt"/>
        <line num="158" count="4" type="stmt"/>
        <line num="166" count="0" type="stmt"/>
        <line num="177" count="0" type="stmt"/>
        <line num="221" count="0" type="stmt"/>
        <line num="227" count="1" type="stmt"/>
      </file>
      <file name="BudgetScreen.tsx" path="D:\UNi\251\Mobile\Testing\finflow\frontend\src\screens\BudgetScreen.tsx">
        <metrics statements="105" coveredstatements="70" conditionals="26" coveredconditionals="13" methods="34" coveredmethods="15"/>
        <line num="33" count="1" type="stmt"/>
        <line num="36" count="24" type="stmt"/>
        <line num="43" count="12" type="stmt"/>
        <line num="44" count="12" type="stmt"/>
        <line num="45" count="12" type="stmt"/>
        <line num="46" count="12" type="stmt"/>
        <line num="56" count="60" type="stmt"/>
        <line num="69" count="5" type="stmt"/>
        <line num="70" count="0" type="stmt"/>
        <line num="82" count="10" type="stmt"/>
        <line num="84" count="10" type="stmt"/>
        <line num="85" count="10" type="stmt"/>
        <line num="87" count="10" type="stmt"/>
        <line num="88" count="10" type="stmt"/>
        <line num="90" count="10" type="stmt"/>
        <line num="91" count="10" type="stmt"/>
        <line num="92" count="10" type="stmt"/>
        <line num="94" count="10" type="stmt"/>
        <line num="95" count="10" type="stmt"/>
        <line num="97" count="10" type="stmt"/>
        <line num="99" count="10" type="stmt"/>
        <line num="100" count="11" type="stmt"/>
        <line num="101" count="11" type="stmt"/>
        <line num="102" count="11" type="cond" truecount="1" falsecount="1"/>
        <line num="103" count="0" type="stmt"/>
        <line num="104" count="0" type="stmt"/>
        <line num="107" count="11" type="stmt"/>
        <line num="108" count="11" type="stmt"/>
        <line num="113" count="11" type="stmt"/>
        <line num="114" count="11" type="stmt"/>
        <line num="116" count="0" type="cond" truecount="0" falsecount="2"/>
        <line num="118" count="11" type="stmt"/>
        <line num="119" count="11" type="stmt"/>
        <line num="123" count="10" type="stmt"/>
        <line num="124" count="2" type="stmt"/>
        <line num="127" count="10" type="stmt"/>
        <line num="129" count="10" type="cond" truecount="2" falsecount="0"/>
        <line num="130" count="8" type="stmt"/>
        <line num="135" count="10" type="stmt"/>
        <line num="136" count="0" type="stmt"/>
        <line num="137" count="0" type="stmt"/>
        <line num="141" count="10" type="stmt"/>
        <line num="142" count="10" type="stmt"/>
        <line num="143" count="10" type="stmt"/>
        <line num="145" count="10" type="stmt"/>
        <line num="146" count="0" type="stmt"/>
        <line num="147" count="0" type="cond" truecount="0" falsecount="2"/>
        <line num="150" count="10" type="stmt"/>
        <line num="151" count="0" type="stmt"/>
        <line num="152" count="0" type="stmt"/>
        <line num="154" count="10" type="stmt"/>
        <line num="155" count="0" type="stmt"/>
        <line num="156" count="0" type="stmt"/>
        <line num="159" count="10" type="stmt"/>
        <line num="161" count="10" type="stmt"/>
        <line num="162" count="4" type="cond" truecount="2" falsecount="0"/>
        <line num="163" count="2" type="stmt"/>
        <line num="169" count="10" type="stmt"/>
        <line num="170" count="1" type="stmt"/>
        <line num="171" count="1" type="stmt"/>
        <line num="174" count="10" type="stmt"/>
        <line num="175" count="1" type="stmt"/>
        <line num="176" count="1" type="stmt"/>
        <line num="177" count="1" type="stmt"/>
        <line num="178" count="1" type="cond" truecount="3" falsecount="1"/>
        <line num="179" count="0" type="stmt"/>
        <line num="180" count="0" type="stmt"/>
        <line num="183" count="1" type="stmt"/>
        <line num="184" count="1" type="cond" truecount="1" falsecount="1"/>
        <line num="185" count="0" type="stmt"/>
        <line num="186" count="0" type="stmt"/>
        <line num="191" count="1" type="stmt"/>
        <line num="192" count="1" type="cond" truecount="1" falsecount="1"/>
        <line num="194" count="1" type="cond" truecount="1" falsecount="1"/>
        <line num="195" count="0" type="stmt"/>
        <line num="196" count="0" type="stmt"/>
        <line num="199" count="1" type="stmt"/>
        <line num="204" count="1" type="stmt"/>
        <line num="205" count="1" type="stmt"/>
        <line num="206" count="1" type="stmt"/>
        <line num="208" count="0" type="cond" truecount="0" falsecount="2"/>
        <line num="212" count="10" type="stmt"/>
        <line num="213" count="0" type="cond" truecount="0" falsecount="2"/>
        <line num="215" count="0" type="stmt"/>
        <line num="216" count="0" type="stmt"/>
        <line num="222" count="0" type="stmt"/>
        <line num="223" count="0" type="stmt"/>
        <line num="224" count="0" type="stmt"/>
        <line num="227" count="10" type="cond" truecount="2" falsecount="0"/>
        <line num="228" count="2" type="stmt"/>
        <line num="239" count="8" type="stmt"/>
        <line num="250" count="0" type="stmt"/>
        <line num="261" count="0" type="stmt"/>
        <line num="335" count="96" type="stmt"/>
        <line num="339" count="1" type="stmt"/>
        <line num="347" count="0" type="stmt"/>
        <line num="363" count="0" type="stmt"/>
        <line num="367" count="0" type="stmt"/>
        <line num="387" count="0" type="stmt"/>
        <line num="401" count="0" type="stmt"/>
        <line num="405" count="0" type="stmt"/>
        <line num="426" count="0" type="stmt"/>
        <line num="436" count="0" type="stmt"/>
        <line num="443" count="1" type="stmt"/>
        <line num="454" count="1" type="stmt"/>
      </file>
      <file name="EditProfileScreen.tsx" path="D:\UNi\251\Mobile\Testing\finflow\frontend\src\screens\EditProfileScreen.tsx">
        <metrics statements="47" coveredstatements="37" conditionals="30" coveredconditionals="18" methods="6" coveredmethods="4"/>
        <line num="24" count="1" type="stmt"/>
        <line num="28" count="5" type="stmt"/>
        <line num="30" count="5" type="stmt"/>
        <line num="31" count="5" type="stmt"/>
        <line num="33" count="5" type="stmt"/>
        <line num="34" count="5" type="stmt"/>
        <line num="35" count="5" type="stmt"/>
        <line num="36" count="5" type="stmt"/>
        <line num="37" count="5" type="stmt"/>
        <line num="39" count="5" type="stmt"/>
        <line num="40" count="1" type="stmt"/>
        <line num="41" count="1" type="stmt"/>
        <line num="42" count="1" type="stmt"/>
        <line num="43" count="1" type="cond" truecount="1" falsecount="1"/>
        <line num="44" count="0" type="stmt"/>
        <line num="45" count="0" type="stmt"/>
        <line num="48" count="1" type="stmt"/>
        <line num="49" count="1" type="stmt"/>
        <line num="50" count="1" type="stmt"/>
        <line num="51" count="1" type="cond" truecount="1" falsecount="1"/>
        <line num="52" count="1" type="stmt"/>
        <line num="57" count="1" type="cond" truecount="2" falsecount="0"/>
        <line num="59" count="0" type="cond" truecount="0" falsecount="2"/>
        <line num="61" count="1" type="stmt"/>
        <line num="66" count="5" type="stmt"/>
        <line num="67" count="1" type="cond" truecount="1" falsecount="1"/>
        <line num="69" count="1" type="stmt"/>
        <line num="70" count="1" type="cond" truecount="1" falsecount="1"/>
        <line num="71" count="0" type="stmt"/>
        <line num="72" count="0" type="stmt"/>
        <line num="75" count="1" type="stmt"/>
        <line num="77" count="1" type="stmt"/>
        <line num="78" count="1" type="cond" truecount="1" falsecount="1"/>
        <line num="79" count="0" type="stmt"/>
        <line num="80" count="0" type="stmt"/>
        <line num="83" count="1" type="stmt"/>
        <line num="93" count="1" type="stmt"/>
        <line num="94" count="1" type="stmt"/>
        <line num="96" count="0" type="cond" truecount="0" falsecount="2"/>
        <line num="98" count="1" type="stmt"/>
        <line num="102" count="5" type="cond" truecount="2" falsecount="0"/>
        <line num="103" count="1" type="stmt"/>
        <line num="114" count="4" type="stmt"/>
        <line num="122" count="0" type="stmt"/>
        <line num="137" count="0" type="stmt"/>
        <line num="270" count="1" type="stmt"/>
        <line num="281" count="1" type="stmt"/>
      </file>
      <file name="HomeScreen.tsx" path="D:\UNi\251\Mobile\Testing\finflow\frontend\src\screens\HomeScreen.tsx">
        <metrics statements="60" coveredstatements="53" conditionals="16" coveredconditionals="12" methods="20" coveredmethods="17"/>
        <line num="24" count="22" type="stmt"/>
        <line num="39" count="6" type="stmt"/>
        <line num="60" count="2" type="stmt"/>
        <line num="84" count="9" type="stmt"/>
        <line num="86" count="9" type="stmt"/>
        <line num="87" count="9" type="stmt"/>
        <line num="88" count="9" type="stmt"/>
        <line num="89" count="9" type="stmt"/>
        <line num="91" count="9" type="stmt"/>
        <line num="92" count="9" type="stmt"/>
        <line num="93" count="9" type="stmt"/>
        <line num="94" count="9" type="cond" truecount="1" falsecount="1"/>
        <line num="95" count="0" type="stmt"/>
        <line num="96" count="0" type="stmt"/>
        <line num="99" count="9" type="stmt"/>
        <line num="100" count="9" type="stmt"/>
        <line num="102" count="0" type="cond" truecount="0" falsecount="2"/>
        <line num="104" count="9" type="stmt"/>
        <line num="105" count="9" type="stmt"/>
        <line num="110" count="9" type="stmt"/>
        <line num="111" count="3" type="stmt"/>
        <line num="115" count="9" type="stmt"/>
        <line num="117" count="9" type="cond" truecount="2" falsecount="0"/>
        <line num="118" count="6" type="stmt"/>
        <line num="123" count="9" type="stmt"/>
        <line num="124" count="0" type="stmt"/>
        <line num="125" count="0" type="stmt"/>
        <line num="129" count="9" type="stmt"/>
        <line num="130" count="9" type="stmt"/>
        <line num="131" count="9" type="stmt"/>
        <line num="133" count="9" type="stmt"/>
        <line num="134" count="6" type="stmt"/>
        <line num="135" count="6" type="cond" truecount="2" falsecount="0"/>
        <line num="138" count="9" type="stmt"/>
        <line num="139" count="6" type="stmt"/>
        <line num="140" count="2" type="stmt"/>
        <line num="142" count="9" type="stmt"/>
        <line num="143" count="6" type="stmt"/>
        <line num="144" count="4" type="stmt"/>
        <line num="147" count="9" type="stmt"/>
        <line num="152" count="9" type="stmt"/>
        <line num="153" count="6" type="stmt"/>
        <line num="155" count="4" type="stmt"/>
        <line num="156" count="4" type="cond" truecount="2" falsecount="0"/>
        <line num="162" count="4" type="stmt"/>
        <line num="163" count="4" type="stmt"/>
        <line num="164" count="4" type="stmt"/>
        <line num="167" count="9" type="stmt"/>
        <line num="168" count="2" type="stmt"/>
        <line num="172" count="9" type="stmt"/>
        <line num="181" count="9" type="cond" truecount="2" falsecount="0"/>
        <line num="182" count="3" type="stmt"/>
        <line num="193" count="6" type="stmt"/>
        <line num="207" count="0" type="stmt"/>
        <line num="257" count="36" type="stmt"/>
        <line num="269" count="4" type="cond" truecount="1" falsecount="1"/>
        <line num="270" count="4" type="stmt"/>
        <line num="272" count="4" type="stmt"/>
        <line num="294" count="0" type="stmt"/>
        <line num="300" count="1" type="stmt"/>
      </file>
      <file name="LoginScreen.tsx" path="D:\UNi\251\Mobile\Testing\finflow\frontend\src\screens\LoginScreen.tsx">
        <metrics statements="38" coveredstatements="20" conditionals="32" coveredconditionals="16" methods="19" coveredmethods="10"/>
        <line num="25" count="7" type="stmt"/>
        <line num="48" count="7" type="stmt"/>
        <line num="52" count="0" type="stmt"/>
        <line num="70" count="1" type="stmt"/>
        <line num="106" count="14" type="stmt"/>
        <line num="133" count="28" type="stmt"/>
        <line num="146" count="7" type="stmt"/>
        <line num="147" count="7" type="stmt"/>
        <line num="148" count="7" type="stmt"/>
        <line num="150" count="7" type="stmt"/>
        <line num="151" count="7" type="stmt"/>
        <line num="152" count="7" type="stmt"/>
        <line num="153" count="7" type="stmt"/>
        <line num="154" count="7" type="stmt"/>
        <line num="156" count="7" type="stmt"/>
        <line num="158" count="7" type="stmt"/>
        <line num="159" count="1" type="cond" truecount="1" falsecount="1"/>
        <line num="162" count="7" type="stmt"/>
        <line num="163" count="0" type="cond" truecount="0" falsecount="2"/>
        <line num="165" count="0" type="stmt"/>
        <line num="166" count="0" type="stmt"/>
        <line num="167" count="0" type="cond" truecount="0" falsecount="2"/>
        <line num="168" count="0" type="stmt"/>
        <line num="169" count="0" type="stmt"/>
        <line num="171" count="0" type="cond" truecount="0" falsecount="2"/>
        <line num="172" count="0" type="stmt"/>
        <line num="173" count="0" type="stmt"/>
        <line num="176" count="0" type="stmt"/>
        <line num="178" count="0" type="stmt"/>
        <line num="183" count="0" type="stmt"/>
        <line num="188" count="0" type="stmt"/>
        <line num="189" count="0" type="stmt"/>
        <line num="191" count="0" type="cond" truecount="0" falsecount="2"/>
        <line num="193" count="0" type="stmt"/>
        <line num="197" count="7" type="stmt"/>
        <line num="234" count="1" type="stmt"/>
        <line num="245" count="0" type="stmt"/>
        <line num="303" count="1" type="stmt"/>
      </file>
      <file name="OnboardingScreen.tsx" path="D:\UNi\251\Mobile\Testing\finflow\frontend\src\screens\OnboardingScreen.tsx">
        <metrics statements="25" coveredstatements="22" conditionals="12" coveredconditionals="6" methods="5" coveredmethods="5"/>
        <line num="26" count="1" type="stmt"/>
        <line num="39" count="1" type="cond" truecount="1" falsecount="1"/>
        <line num="40" count="0" type="stmt"/>
        <line num="47" count="1" type="stmt"/>
        <line num="58" count="1" type="stmt"/>
        <line num="59" count="1" type="stmt"/>
        <line num="60" count="1" type="stmt"/>
        <line num="61" count="1" type="stmt"/>
        <line num="63" count="1" type="stmt"/>
        <line num="65" count="1" type="stmt"/>
        <line num="66" count="1" type="stmt"/>
        <line num="67" count="1" type="stmt"/>
        <line num="68" count="1" type="stmt"/>
        <line num="70" count="1" type="cond" truecount="1" falsecount="1"/>
        <line num="72" count="1" type="stmt"/>
        <line num="75" count="1" type="stmt"/>
        <line num="76" count="1" type="stmt"/>
        <line num="77" count="1" type="stmt"/>
        <line num="84" count="1" type="stmt"/>
        <line num="85" count="1" type="cond" truecount="1" falsecount="1"/>
        <line num="86" count="0" type="stmt"/>
        <line num="87" count="0" type="stmt"/>
        <line num="89" count="1" type="stmt"/>
        <line num="92" count="1" type="stmt"/>
        <line num="130" count="1" type="stmt"/>
      </file>
      <file name="ProfileScreen.tsx" path="D:\UNi\251\Mobile\Testing\finflow\frontend\src\screens\ProfileScreen.tsx">
        <metrics statements="58" coveredstatements="47" conditionals="23" coveredconditionals="15" methods="23" coveredmethods="18"/>
        <line num="26" count="1" type="stmt"/>
        <line num="38" count="38" type="stmt"/>
        <line num="57" count="96" type="cond" truecount="2" falsecount="0"/>
        <line num="59" count="96" type="stmt"/>
        <line num="83" count="16" type="stmt"/>
        <line num="115" count="19" type="stmt"/>
        <line num="117" count="19" type="stmt"/>
        <line num="118" count="19" type="stmt"/>
        <line num="119" count="19" type="stmt"/>
        <line num="121" count="19" type="stmt"/>
        <line num="122" count="19" type="stmt"/>
        <line num="128" count="19" type="stmt"/>
        <line num="129" count="19" type="stmt"/>
        <line num="130" count="19" type="stmt"/>
        <line num="131" count="19" type="cond" truecount="1" falsecount="1"/>
        <line num="132" count="0" type="stmt"/>
        <line num="133" count="0" type="stmt"/>
        <line num="136" count="19" type="stmt"/>
        <line num="141" count="19" type="stmt"/>
        <line num="143" count="19" type="stmt"/>
        <line num="144" count="38" type="stmt"/>
        <line num="145" count="19" type="stmt"/>
        <line num="147" count="19" type="stmt"/>
        <line num="148" count="38" type="stmt"/>
        <line num="149" count="19" type="stmt"/>
        <line num="151" count="19" type="stmt"/>
        <line num="157" count="0" type="cond" truecount="0" falsecount="2"/>
        <line num="159" count="19" type="stmt"/>
        <line num="160" count="19" type="stmt"/>
        <line num="164" count="19" type="stmt"/>
        <line num="165" count="3" type="stmt"/>
        <line num="168" count="19" type="stmt"/>
        <line num="170" count="19" type="cond" truecount="2" falsecount="0"/>
        <line num="171" count="16" type="stmt"/>
        <line num="176" count="19" type="stmt"/>
        <line num="177" count="0" type="stmt"/>
        <line num="178" count="0" type="stmt"/>
        <line num="181" count="19" type="stmt"/>
        <line num="182" count="0" type="stmt"/>
        <line num="183" count="0" type="stmt"/>
        <line num="184" count="0" type="stmt"/>
        <line num="190" count="19" type="stmt"/>
        <line num="217" count="19" type="cond" truecount="2" falsecount="0"/>
        <line num="218" count="3" type="stmt"/>
        <line num="229" count="16" type="stmt"/>
        <line num="252" count="0" type="stmt"/>
        <line num="262" count="1" type="stmt"/>
        <line num="279" count="48" type="cond" truecount="1" falsecount="1"/>
        <line num="285" count="48" type="stmt"/>
        <line num="315" count="1" type="stmt"/>
        <line num="322" count="1" type="stmt"/>
        <line num="330" count="1" type="stmt"/>
        <line num="339" count="0" type="stmt"/>
        <line num="348" count="0" type="stmt"/>
        <line num="357" count="1" type="stmt"/>
        <line num="380" count="1" type="stmt"/>
        <line num="386" count="1" type="stmt"/>
        <line num="397" count="1" type="stmt"/>
      </file>
      <file name="ReportScreen.tsx" path="D:\UNi\251\Mobile\Testing\finflow\frontend\src\screens\ReportScreen.tsx">
        <metrics statements="150" coveredstatements="107" conditionals="101" coveredconditionals="69" methods="43" coveredmethods="30"/>
        <line num="27" count="1" type="cond" truecount="1" falsecount="1"/>
        <line num="31" count="0" type="stmt"/>
        <line num="37" count="0" type="stmt"/>
        <line num="41" count="7" type="stmt"/>
        <line num="42" count="7" type="stmt"/>
        <line num="43" count="7" type="stmt"/>
        <line num="44" count="7" type="stmt"/>
        <line num="48" count="14" type="stmt"/>
        <line num="49" count="14" type="stmt"/>
        <line num="50" count="14" type="cond" truecount="1" falsecount="1"/>
        <line num="51" count="14" type="stmt"/>
        <line num="52" count="14" type="stmt"/>
        <line num="54" count="14" type="stmt"/>
        <line num="55" count="14" type="stmt"/>
        <line num="56" count="98" type="stmt"/>
        <line num="57" count="98" type="stmt"/>
        <line num="58" count="98" type="stmt"/>
        <line num="60" count="14" type="stmt"/>
        <line num="64" count="0" type="stmt"/>
        <line num="65" count="0" type="stmt"/>
        <line num="66" count="0" type="stmt"/>
        <line num="68" count="0" type="stmt"/>
        <line num="69" count="0" type="stmt"/>
        <line num="71" count="0" type="stmt"/>
        <line num="72" count="0" type="stmt"/>
        <line num="73" count="0" type="stmt"/>
        <line num="75" count="0" type="stmt"/>
        <line num="76" count="0" type="stmt"/>
        <line num="77" count="0" type="stmt"/>
        <line num="79" count="0" type="cond" truecount="0" falsecount="2"/>
        <line num="80" count="0" type="stmt"/>
        <line num="86" count="0" type="stmt"/>
        <line num="93" count="0" type="stmt"/>
        <line num="94" count="0" type="stmt"/>
        <line num="97" count="0" type="stmt"/>
        <line num="107" count="4" type="stmt"/>
        <line num="111" count="0" type="stmt"/>
        <line num="112" count="0" type="stmt"/>
        <line num="131" count="0" type="stmt"/>
        <line num="132" count="0" type="stmt"/>
        <line num="165" count="6" type="stmt"/>
        <line num="166" count="6" type="stmt"/>
        <line num="167" count="6" type="stmt"/>
        <line num="168" count="6" type="stmt"/>
        <line num="170" count="6" type="stmt"/>
        <line num="200" count="4" type="stmt"/>
        <line num="201" count="4" type="stmt"/>
        <line num="236" count="28" type="stmt"/>
        <line num="238" count="4" type="stmt"/>
        <line num="258" count="28" type="stmt"/>
        <line num="259" count="28" type="stmt"/>
        <line num="260" count="28" type="stmt"/>
        <line num="264" count="0" type="stmt"/>
        <line num="265" count="0" type="stmt"/>
        <line num="315" count="8" type="stmt"/>
        <line num="345" count="7" type="stmt"/>
        <line num="347" count="7" type="stmt"/>
        <line num="348" count="7" type="stmt"/>
        <line num="349" count="7" type="stmt"/>
        <line num="351" count="7" type="stmt"/>
        <line num="352" count="7" type="stmt"/>
        <line num="354" count="7" type="stmt"/>
        <line num="356" count="7" type="stmt"/>
        <line num="357" count="7" type="stmt"/>
        <line num="358" count="7" type="stmt"/>
        <line num="359" count="7" type="cond" truecount="1" falsecount="1"/>
        <line num="360" count="0" type="stmt"/>
        <line num="361" count="0" type="stmt"/>
        <line num="364" count="7" type="stmt"/>
        <line num="365" count="7" type="stmt"/>
        <line num="370" count="7" type="stmt"/>
        <line num="371" count="7" type="stmt"/>
        <line num="373" count="0" type="cond" truecount="0" falsecount="2"/>
        <line num="375" count="7" type="stmt"/>
        <line num="376" count="7" type="stmt"/>
        <line num="380" count="7" type="stmt"/>
        <line num="381" count="2" type="stmt"/>
        <line num="384" count="7" type="stmt"/>
        <line num="386" count="7" type="cond" truecount="2" falsecount="0"/>
        <line num="387" count="5" type="stmt"/>
        <line num="392" count="7" type="stmt"/>
        <line num="393" count="0" type="stmt"/>
        <line num="394" count="0" type="stmt"/>
        <line num="398" count="7" type="stmt"/>
        <line num="399" count="4" type="cond" truecount="1" falsecount="1"/>
        <line num="400" count="4" type="stmt"/>
        <line num="401" count="4" type="stmt"/>
        <line num="402" count="28" type="stmt"/>
        <line num="403" count="28" type="stmt"/>
        <line num="404" count="28" type="stmt"/>
        <line num="410" count="28" type="stmt"/>
        <line num="411" count="28" type="stmt"/>
        <line num="415" count="28" type="stmt"/>
        <line num="423" count="4" type="stmt"/>
        <line num="426" count="0" type="stmt"/>
        <line num="427" count="0" type="stmt"/>
        <line num="428" count="0" type="stmt"/>
        <line num="429" count="0" type="stmt"/>
        <line num="430" count="0" type="stmt"/>
        <line num="437" count="0" type="stmt"/>
        <line num="439" count="0" type="stmt"/>
        <line num="447" count="0" type="stmt"/>
        <line num="451" count="7" type="cond" truecount="1" falsecount="1"/>
        <line num="453" count="7" type="stmt"/>
        <line num="454" count="16" type="cond" truecount="4" falsecount="0"/>
        <line num="455" count="2" type="stmt"/>
        <line num="462" count="49" type="stmt"/>
        <line num="463" count="7" type="stmt"/>
        <line num="465" count="7" type="cond" truecount="2" falsecount="0"/>
        <line num="467" count="7" type="stmt"/>
        <line num="469" count="7" type="cond" truecount="1" falsecount="1"/>
        <line num="477" count="7" type="cond" truecount="1" falsecount="1"/>
        <line num="481" count="49" type="stmt"/>
        <line num="482" count="7" type="stmt"/>
        <line num="485" count="7" type="stmt"/>
        <line num="491" count="7" type="cond" truecount="1" falsecount="1"/>
        <line num="493" count="10" type="stmt"/>
        <line num="494" count="10" type="stmt"/>
        <line num="495" count="10" type="stmt"/>
        <line num="496" count="40" type="stmt"/>
        <line num="500" count="0" type="stmt"/>
        <line num="501" count="0" type="stmt"/>
        <line num="507" count="7" type="stmt"/>
        <line num="508" count="10" type="stmt"/>
        <line num="510" count="10" type="stmt"/>
        <line num="511" count="10" type="cond" truecount="2" falsecount="0"/>
        <line num="516" count="10" type="stmt"/>
        <line num="517" count="10" type="stmt"/>
        <line num="518" count="10" type="stmt"/>
        <line num="521" count="7" type="stmt"/>
        <line num="522" count="10" type="stmt"/>
        <line num="523" count="5" type="stmt"/>
        <line num="526" count="7" type="stmt"/>
        <line num="544" count="7" type="cond" truecount="2" falsecount="0"/>
        <line num="545" count="2" type="stmt"/>
        <line num="556" count="5" type="stmt"/>
        <line num="569" count="0" type="cond" truecount="0" falsecount="2"/>
        <line num="580" count="0" type="stmt"/>
        <line num="614" count="10" type="cond" truecount="1" falsecount="1"/>
        <line num="616" count="10" type="cond" truecount="1" falsecount="1"/>
        <line num="620" count="10" type="stmt"/>
        <line num="621" count="10" type="cond" truecount="2" falsecount="0"/>
        <line num="622" count="10" type="cond" truecount="2" falsecount="0"/>
        <line num="624" count="10" type="cond" truecount="2" falsecount="0"/>
        <line num="631" count="10" type="cond" truecount="2" falsecount="0"/>
        <line num="633" count="10" type="cond" truecount="2" falsecount="0"/>
        <line num="639" count="10" type="stmt"/>
        <line num="662" count="0" type="stmt"/>
        <line num="668" count="1" type="stmt"/>
        <line num="679" count="1" type="stmt"/>
      </file>
      <file name="SignupScreen.tsx" path="D:\UNi\251\Mobile\Testing\finflow\frontend\src\screens\SignupScreen.tsx">
        <metrics statements="62" coveredstatements="58" conditionals="51" coveredconditionals="38" methods="17" coveredmethods="15"/>
        <line num="23" count="2" type="stmt"/>
        <line num="26" count="60" type="stmt"/>
        <line num="30" count="10" type="stmt"/>
        <line num="31" count="60" type="stmt"/>
        <line num="32" count="10" type="stmt"/>
        <line num="40" count="5" type="cond" truecount="2" falsecount="2"/>
        <line num="41" count="5" type="cond" truecount="2" falsecount="2"/>
        <line num="43" count="5" type="cond" truecount="1" falsecount="2"/>
        <line num="44" count="5" type="stmt"/>
        <line num="46" count="5" type="cond" truecount="2" falsecount="0"/>
        <line num="47" count="5" type="stmt"/>
        <line num="49" count="5" type="stmt"/>
        <line num="53" count="5" type="stmt"/>
        <line num="57" count="5" type="stmt"/>
        <line num="58" count="5" type="cond" truecount="2" falsecount="0"/>
        <line num="61" count="4" type="cond" truecount="2" falsecount="0"/>
        <line num="64" count="2" type="stmt"/>
        <line num="65" count="2" type="cond" truecount="1" falsecount="1"/>
        <line num="66" count="2" type="stmt"/>
        <line num="67" count="2" type="stmt"/>
        <line num="68" count="2" type="stmt"/>
        <line num="69" count="2" type="stmt"/>
        <line num="73" count="0" type="stmt"/>
        <line num="77" count="43" type="stmt"/>
        <line num="100" count="43" type="stmt"/>
        <line num="104" count="2" type="stmt"/>
        <line num="122" count="0" type="stmt"/>
        <line num="158" count="215" type="stmt"/>
        <line num="180" count="44" type="stmt"/>
        <line num="181" count="44" type="stmt"/>
        <line num="182" count="44" type="stmt"/>
        <line num="184" count="44" type="stmt"/>
        <line num="185" count="44" type="stmt"/>
        <line num="186" count="44" type="stmt"/>
        <line num="187" count="44" type="stmt"/>
        <line num="188" count="44" type="stmt"/>
        <line num="189" count="44" type="stmt"/>
        <line num="190" count="44" type="stmt"/>
        <line num="192" count="44" type="stmt"/>
        <line num="194" count="44" type="stmt"/>
        <line num="195" count="2" type="cond" truecount="1" falsecount="1"/>
        <line num="198" count="44" type="stmt"/>
        <line num="199" count="8" type="cond" truecount="1" falsecount="1"/>
        <line num="201" count="8" type="stmt"/>
        <line num="202" count="8" type="stmt"/>
        <line num="203" count="8" type="cond" truecount="2" falsecount="0"/>
        <line num="204" count="2" type="stmt"/>
        <line num="205" count="2" type="stmt"/>
        <line num="207" count="6" type="cond" truecount="4" falsecount="0"/>
        <line num="208" count="1" type="stmt"/>
        <line num="209" count="1" type="stmt"/>
        <line num="212" count="5" type="stmt"/>
        <line num="214" count="5" type="stmt"/>
        <line num="224" count="5" type="stmt"/>
        <line num="226" count="4" type="stmt"/>
        <line num="231" count="0" type="stmt"/>
        <line num="232" count="0" type="stmt"/>
        <line num="234" count="5" type="cond" truecount="1" falsecount="1"/>
        <line num="236" count="8" type="stmt"/>
        <line num="240" count="44" type="stmt"/>
        <line num="305" count="2" type="stmt"/>
        <line num="330" count="2" type="stmt"/>
      </file>
    </package>
    <package name="services">
      <metrics statements="88" coveredstatements="70" conditionals="74" coveredconditionals="45" methods="23" coveredmethods="23"/>
      <file name="analytics.ts" path="D:\UNi\251\Mobile\Testing\finflow\frontend\src\services\analytics.ts">
        <metrics statements="14" coveredstatements="14" conditionals="10" coveredconditionals="10" methods="3" coveredmethods="3"/>
        <line num="6" count="17" type="stmt"/>
        <line num="7" count="17" type="cond" truecount="2" falsecount="0"/>
        <line num="10" count="16" type="stmt"/>
        <line num="11" count="16" type="stmt"/>
        <line num="15" count="17" type="cond" truecount="2" falsecount="0"/>
        <line num="17" count="15" type="stmt"/>
        <line num="24" count="18" type="cond" truecount="2" falsecount="0"/>
        <line num="25" count="17" type="cond" truecount="2" falsecount="0"/>
        <line num="27" count="3" type="stmt"/>
        <line num="29" count="3" type="stmt"/>
        <line num="30" count="3" type="stmt"/>
        <line num="32" count="3" type="cond" truecount="2" falsecount="0"/>
        <line num="34" count="2" type="stmt"/>
        <line num="36" count="1" type="stmt"/>
      </file>
      <file name="api.ts" path="D:\UNi\251\Mobile\Testing\finflow\frontend\src\services\api.ts">
        <metrics statements="33" coveredstatements="23" conditionals="40" coveredconditionals="16" methods="4" coveredmethods="4"/>
        <line num="2" count="4" type="cond" truecount="2" falsecount="0"/>
        <line num="11" count="5" type="stmt"/>
        <line num="12" count="5" type="stmt"/>
        <line num="21" count="5" type="stmt"/>
        <line num="22" count="5" type="cond" truecount="1" falsecount="1"/>
        <line num="24" count="5" type="cond" truecount="2" falsecount="0"/>
        <line num="26" count="1" type="cond" truecount="1" falsecount="2"/>
        <line num="29" count="1" type="stmt"/>
        <line num="32" count="4" type="stmt"/>
        <line num="39" count="4" type="stmt"/>
        <line num="40" count="4" type="stmt"/>
        <line num="48" count="4" type="stmt"/>
        <line num="49" count="4" type="cond" truecount="1" falsecount="1"/>
        <line num="51" count="4" type="cond" truecount="1" falsecount="1"/>
        <line num="53" count="0" type="cond" truecount="0" falsecount="3"/>
        <line num="56" count="0" type="stmt"/>
        <line num="59" count="4" type="stmt"/>
        <line num="63" count="1" type="stmt"/>
        <line num="64" count="1" type="stmt"/>
        <line num="72" count="1" type="cond" truecount="1" falsecount="1"/>
        <line num="73" count="0" type="stmt"/>
        <line num="74" count="0" type="cond" truecount="0" falsecount="2"/>
        <line num="76" count="0" type="cond" truecount="0" falsecount="3"/>
        <line num="79" count="0" type="stmt"/>
        <line num="88" count="2" type="stmt"/>
        <line num="89" count="2" type="stmt"/>
        <line num="98" count="2" type="cond" truecount="1" falsecount="1"/>
        <line num="99" count="0" type="stmt"/>
        <line num="100" count="0" type="cond" truecount="0" falsecount="2"/>
        <line num="102" count="0" type="cond" truecount="0" falsecount="3"/>
        <line num="105" count="0" type="stmt"/>
        <line num="108" count="2" type="stmt"/>
        <line num="109" count="2" type="cond" truecount="1" falsecount="1"/>
      </file>
      <file name="auth.ts" path="D:\UNi\251\Mobile\Testing\finflow\frontend\src\services\auth.ts">
        <metrics statements="2" coveredstatements="2" conditionals="0" coveredconditionals="0" methods="2" coveredmethods="2"/>
        <line num="20" count="1" type="stmt"/>
        <line num="29" count="2" type="stmt"/>
      </file>
      <file name="budgets.ts" path="D:\UNi\251\Mobile\Testing\finflow\frontend\src\services\budgets.ts">
        <metrics statements="4" coveredstatements="4" conditionals="2" coveredconditionals="1" methods="3" coveredmethods="3"/>
        <line num="24" count="1" type="cond" truecount="1" falsecount="1"/>
        <line num="25" count="1" type="stmt"/>
        <line num="32" count="1" type="stmt"/>
        <line num="36" count="1" type="stmt"/>
      </file>
      <file name="tokenStorage.ts" path="D:\UNi\251\Mobile\Testing\finflow\frontend\src\services\tokenStorage.ts">
        <metrics statements="29" coveredstatements="21" conditionals="22" coveredconditionals="18" methods="5" coveredmethods="5"/>
        <line num="3" count="1" type="stmt"/>
        <line num="4" count="1" type="stmt"/>
        <line num="12" count="8" type="stmt"/>
        <line num="16" count="4" type="stmt"/>
        <line num="17" count="4" type="cond" truecount="2" falsecount="0"/>
        <line num="19" count="0" type="stmt"/>
        <line num="24" count="2" type="cond" truecount="4" falsecount="0"/>
        <line num="25" count="1" type="stmt"/>
        <line num="26" count="1" type="stmt"/>
        <line num="27" count="1" type="stmt"/>
        <line num="30" count="1" type="stmt"/>
        <line num="34" count="0" type="stmt"/>
        <line num="41" count="4" type="cond" truecount="4" falsecount="0"/>
        <line num="42" count="2" type="stmt"/>
        <line num="43" count="2" type="stmt"/>
        <line num="44" count="2" type="cond" truecount="4" falsecount="0"/>
        <line num="45" count="1" type="stmt"/>
        <line num="48" count="2" type="stmt"/>
        <line num="52" count="0" type="stmt"/>
        <line num="56" count="0" type="stmt"/>
        <line num="57" count="0" type="stmt"/>
        <line num="58" count="0" type="cond" truecount="0" falsecount="4"/>
        <line num="60" count="0" type="stmt"/>
        <line num="64" count="2" type="cond" truecount="4" falsecount="0"/>
        <line num="65" count="1" type="stmt"/>
        <line num="66" count="1" type="stmt"/>
        <line num="67" count="1" type="stmt"/>
        <line num="70" count="1" type="stmt"/>
        <line num="74" count="0" type="stmt"/>
      </file>
      <file name="transactions.ts" path="D:\UNi\251\Mobile\Testing\finflow\frontend\src\services\transactions.ts">
        <metrics statements="3" coveredstatements="3" conditionals="0" coveredconditionals="0" methods="3" coveredmethods="3"/>
        <line num="27" count="1" type="stmt"/>
        <line num="34" count="1" type="stmt"/>
        <line num="46" count="1" type="stmt"/>
      </file>
      <file name="users.ts" path="D:\UNi\251\Mobile\Testing\finflow\frontend\src\services\users.ts">
        <metrics statements="3" coveredstatements="3" conditionals="0" coveredconditionals="0" methods="3" coveredmethods="3"/>
        <line num="27" count="1" type="stmt"/>
        <line num="34" count="1" type="stmt"/>
        <line num="41" count="1" type="stmt"/>
      </file>
    </package>
    <package name="utils">
      <metrics statements="0" coveredstatements="0" conditionals="0" coveredconditionals="0" methods="0" coveredmethods="0"/>
      <file name="toast.ts" path="D:\UNi\251\Mobile\Testing\finflow\frontend\src\utils\toast.ts">
        <metrics statements="0" coveredstatements="0" conditionals="0" coveredconditionals="0" methods="0" coveredmethods="0"/>
      </file>
    </package>
  </project>
</coverage>
