{"D:\\UNi\\251\\Mobile\\Testing\\finflow\\frontend\\src\\components\\NotificationModal.tsx": {"path":"D:\\UNi\\251\\Mobile\\Testing\\finflow\\frontend\\src\\components\\NotificationModal.tsx","statementMap":{"0":{"start":{"line":19,"column":2},"end":{"line":46,"column":4}},"1":{"start":{"line":49,"column":20},"end":{"line":58,"column":2}},"2":{"start":{"line":60,"column":15},"end":{"line":112,"column":2}}},"fnMap":{"0":{"name":"NotificationModal","decl":{"start":{"line":12,"column":16},"end":{"line":12,"column":33}},"loc":{"start":{"line":18,"column":3},"end":{"line":47,"column":1}},"line":18}},"branchMap":{},"s":{"0":19,"1":5,"2":5},"f":{"0":19},"b":{},"_coverageSchema":"1a1c01bbd47fc00a2c39e90264f33305004495a9","hash":"bfd92444cd7ec2767a24495e99572e4a270a47bb"}
,"D:\\UNi\\251\\Mobile\\Testing\\finflow\\frontend\\src\\components\\ProgressDots.tsx": {"path":"D:\\UNi\\251\\Mobile\\Testing\\finflow\\frontend\\src\\components\\ProgressDots.tsx","statementMap":{"0":{"start":{"line":11,"column":2},"end":{"line":28,"column":4}},"1":{"start":{"line":14,"column":8},"end":{"line":25,"column":27}},"2":{"start":{"line":16,"column":25},"end":{"line":16,"column":52}},"3":{"start":{"line":31,"column":15},"end":{"line":42,"column":2}}},"fnMap":{"0":{"name":"ProgressDots","decl":{"start":{"line":10,"column":24},"end":{"line":10,"column":36}},"loc":{"start":{"line":10,"column":76},"end":{"line":29,"column":1}},"line":10},"1":{"name":"(anonymous_1)","decl":{"start":{"line":13,"column":41},"end":{"line":13,"column":42}},"loc":{"start":{"line":14,"column":8},"end":{"line":25,"column":27}},"line":14},"2":{"name":"(anonymous_2)","decl":{"start":{"line":16,"column":19},"end":{"line":16,"column":20}},"loc":{"start":{"line":16,"column":25},"end":{"line":16,"column":52}},"line":16}},"branchMap":{"0":{"loc":{"start":{"line":16,"column":25},"end":{"line":16,"column":52}},"type":"binary-expr","locations":[{"start":{"line":16,"column":25},"end":{"line":16,"column":35}},{"start":{"line":16,"column":39},"end":{"line":16,"column":52}}],"line":16},"1":{"loc":{"start":{"line":22,"column":14},"end":{"line":22,"column":67}},"type":"cond-expr","locations":[{"start":{"line":22,"column":30},"end":{"line":22,"column":46}},{"start":{"line":22,"column":49},"end":{"line":22,"column":67}}],"line":22}},"s":{"0":0,"1":0,"2":0,"3":0},"f":{"0":0,"1":0,"2":0},"b":{"0":[0,0],"1":[0,0]}}
,"D:\\UNi\\251\\Mobile\\Testing\\finflow\\frontend\\src\\components\\Toast.tsx": {"path":"D:\\UNi\\251\\Mobile\\Testing\\finflow\\frontend\\src\\components\\Toast.tsx","statementMap":{"0":{"start":{"line":19,"column":44},"end":{"line":23,"column":1}},"1":{"start":{"line":26,"column":2},"end":{"line":30,"column":3}},"2":{"start":{"line":32,"column":62},"end":{"line":32,"column":66}},"3":{"start":{"line":35,"column":2},"end":{"line":35,"column":66}},"4":{"start":{"line":39,"column":2},"end":{"line":39,"column":64}},"5":{"start":{"line":43,"column":2},"end":{"line":43,"column":63}},"6":{"start":{"line":47,"column":32},"end":{"line":47,"column":53}},"7":{"start":{"line":48,"column":30},"end":{"line":51,"column":4}},"8":{"start":{"line":53,"column":21},"end":{"line":53,"column":61}},"9":{"start":{"line":54,"column":18},"end":{"line":54,"column":55}},"10":{"start":{"line":56,"column":2},"end":{"line":91,"column":28}},"11":{"start":{"line":57,"column":4},"end":{"line":90,"column":6}},"12":{"start":{"line":58,"column":6},"end":{"line":58,"column":21}},"13":{"start":{"line":59,"column":6},"end":{"line":59,"column":23}},"14":{"start":{"line":62,"column":6},"end":{"line":73,"column":17}},"15":{"start":{"line":76,"column":6},"end":{"line":89,"column":31}},"16":{"start":{"line":77,"column":8},"end":{"line":88,"column":42}},"17":{"start":{"line":88,"column":23},"end":{"line":88,"column":40}},"18":{"start":{"line":93,"column":2},"end":{"line":93,"column":28}},"19":{"start":{"line":93,"column":16},"end":{"line":93,"column":28}},"20":{"start":{"line":95,"column":17},"end":{"line":95,"column":39}},"21":{"start":{"line":96,"column":15},"end":{"line":96,"column":36}},"22":{"start":{"line":98,"column":2},"end":{"line":121,"column":4}},"23":{"start":{"line":124,"column":18},"end":{"line":124,"column":42}},"24":{"start":{"line":125,"column":18},"end":{"line":125,"column":43}},"25":{"start":{"line":127,"column":15},"end":{"line":172,"column":2}}},"fnMap":{"0":{"name":"showSuccess","decl":{"start":{"line":34,"column":16},"end":{"line":34,"column":27}},"loc":{"start":{"line":34,"column":45},"end":{"line":36,"column":1}},"line":34},"1":{"name":"showError","decl":{"start":{"line":38,"column":16},"end":{"line":38,"column":25}},"loc":{"start":{"line":38,"column":43},"end":{"line":40,"column":1}},"line":38},"2":{"name":"showInfo","decl":{"start":{"line":42,"column":16},"end":{"line":42,"column":24}},"loc":{"start":{"line":42,"column":42},"end":{"line":44,"column":1}},"line":42},"3":{"name":"Toast","decl":{"start":{"line":46,"column":24},"end":{"line":46,"column":29}},"loc":{"start":{"line":46,"column":32},"end":{"line":122,"column":1}},"line":46},"4":{"name":"(anonymous_4)","decl":{"start":{"line":56,"column":12},"end":{"line":56,"column":13}},"loc":{"start":{"line":56,"column":18},"end":{"line":91,"column":3}},"line":56},"5":{"name":"(anonymous_5)","decl":{"start":{"line":57,"column":22},"end":{"line":57,"column":23}},"loc":{"start":{"line":57,"column":44},"end":{"line":90,"column":5}},"line":57},"6":{"name":"(anonymous_6)","decl":{"start":{"line":76,"column":17},"end":{"line":76,"column":18}},"loc":{"start":{"line":76,"column":23},"end":{"line":89,"column":7}},"line":76},"7":{"name":"(anonymous_7)","decl":{"start":{"line":88,"column":17},"end":{"line":88,"column":18}},"loc":{"start":{"line":88,"column":23},"end":{"line":88,"column":40}},"line":88}},"branchMap":{"0":{"loc":{"start":{"line":89,"column":9},"end":{"line":89,"column":29}},"type":"binary-expr","locations":[{"start":{"line":89,"column":9},"end":{"line":89,"column":21}},{"start":{"line":89,"column":25},"end":{"line":89,"column":29}}],"line":89},"1":{"loc":{"start":{"line":93,"column":2},"end":{"line":93,"column":28}},"type":"if","locations":[{"start":{"line":93,"column":2},"end":{"line":93,"column":28}},{"start":{},"end":{}}],"line":93},"2":{"loc":{"start":{"line":130,"column":9},"end":{"line":130,"column":40}},"type":"cond-expr","locations":[{"start":{"line":130,"column":33},"end":{"line":130,"column":35}},{"start":{"line":130,"column":38},"end":{"line":130,"column":40}}],"line":130}},"s":{"0":12,"1":12,"2":12,"3":0,"4":0,"5":0,"6":11,"7":11,"8":11,"9":11,"10":11,"11":11,"12":0,"13":0,"14":0,"15":0,"16":0,"17":0,"18":11,"19":11,"20":0,"21":0,"22":0,"23":12,"24":12,"25":12},"f":{"0":0,"1":0,"2":0,"3":11,"4":11,"5":0,"6":0,"7":0},"b":{"0":[0,0],"1":[11,0],"2":[0,12]},"_coverageSchema":"1a1c01bbd47fc00a2c39e90264f33305004495a9","hash":"3d7b62c237bda496294f9c6783124e2c7e34690b"}
,"D:\\UNi\\251\\Mobile\\Testing\\finflow\\frontend\\src\\constants\\budgetCategories.ts": {"path":"D:\\UNi\\251\\Mobile\\Testing\\finflow\\frontend\\src\\constants\\budgetCategories.ts","statementMap":{"0":{"start":{"line":21,"column":55},"end":{"line":56,"column":1}},"1":{"start":{"line":59,"column":2},"end":{"line":59,"column":60}},"2":{"start":{"line":59,"column":39},"end":{"line":59,"column":58}}},"fnMap":{"0":{"name":"getBudgetCategory","decl":{"start":{"line":58,"column":16},"end":{"line":58,"column":33}},"loc":{"start":{"line":58,"column":54},"end":{"line":60,"column":1}},"line":58},"1":{"name":"(anonymous_1)","decl":{"start":{"line":59,"column":32},"end":{"line":59,"column":33}},"loc":{"start":{"line":59,"column":39},"end":{"line":59,"column":58}},"line":59}},"branchMap":{},"s":{"0":4,"1":40,"2":293},"f":{"0":40,"1":293},"b":{},"_coverageSchema":"1a1c01bbd47fc00a2c39e90264f33305004495a9","hash":"af4fb542bfe33171f922b72d66ee61bf88353cc1"}
,"D:\\UNi\\251\\Mobile\\Testing\\finflow\\frontend\\src\\screens\\AddTransactionScreen.tsx": {"path":"D:\\UNi\\251\\Mobile\\Testing\\finflow\\frontend\\src\\screens\\AddTransactionScreen.tsx","statementMap":{"0":{"start":{"line":35,"column":50},"end":{"line":51,"column":1}},"1":{"start":{"line":53,"column":50},"end":{"line":100,"column":1}},"2":{"start":{"line":103,"column":12},"end":{"line":103,"column":39}},"3":{"start":{"line":104,"column":20},"end":{"line":104,"column":45}},"4":{"start":{"line":105,"column":2},"end":{"line":105,"column":25}},"5":{"start":{"line":109,"column":2},"end":{"line":109,"column":36}},"6":{"start":{"line":113,"column":14},"end":{"line":113,"column":31}},"7":{"start":{"line":114,"column":16},"end":{"line":114,"column":60}},"8":{"start":{"line":115,"column":15},"end":{"line":115,"column":30}},"9":{"start":{"line":116,"column":2},"end":{"line":116,"column":36}},"10":{"start":{"line":120,"column":12},"end":{"line":120,"column":27}},"11":{"start":{"line":121,"column":12},"end":{"line":121,"column":34}},"12":{"start":{"line":122,"column":14},"end":{"line":122,"column":31}},"13":{"start":{"line":123,"column":2},"end":{"line":123,"column":28}},"14":{"start":{"line":127,"column":2},"end":{"line":127,"column":25}},"15":{"start":{"line":131,"column":16},"end":{"line":131,"column":46}},"16":{"start":{"line":132,"column":20},"end":{"line":132,"column":64}},"17":{"start":{"line":133,"column":17},"end":{"line":133,"column":44}},"18":{"start":{"line":135,"column":58},"end":{"line":135,"column":60}},"19":{"start":{"line":136,"column":2},"end":{"line":136,"column":74}},"20":{"start":{"line":136,"column":15},"end":{"line":136,"column":16}},"21":{"start":{"line":136,"column":35},"end":{"line":136,"column":74}},"22":{"start":{"line":137,"column":2},"end":{"line":137,"column":77}},"23":{"start":{"line":137,"column":15},"end":{"line":137,"column":16}},"24":{"start":{"line":137,"column":39},"end":{"line":137,"column":77}},"25":{"start":{"line":138,"column":2},"end":{"line":138,"column":72}},"26":{"start":{"line":138,"column":33},"end":{"line":138,"column":72}},"27":{"start":{"line":140,"column":65},"end":{"line":140,"column":67}},"28":{"start":{"line":141,"column":2},"end":{"line":141,"column":78}},"29":{"start":{"line":141,"column":15},"end":{"line":141,"column":16}},"30":{"start":{"line":141,"column":44},"end":{"line":141,"column":78}},"31":{"start":{"line":142,"column":2},"end":{"line":142,"column":15}},"32":{"start":{"line":152,"column":2},"end":{"line":187,"column":4}},"33":{"start":{"line":155,"column":23},"end":{"line":155,"column":41}},"34":{"start":{"line":171,"column":23},"end":{"line":171,"column":42}},"35":{"start":{"line":197,"column":15},"end":{"line":197,"column":60}},"36":{"start":{"line":198,"column":38},"end":{"line":207,"column":3}},"37":{"start":{"line":209,"column":2},"end":{"line":239,"column":4}},"38":{"start":{"line":213,"column":10},"end":{"line":216,"column":22}},"39":{"start":{"line":213,"column":44},"end":{"line":213,"column":54}},"40":{"start":{"line":221,"column":34},"end":{"line":221,"column":46}},"41":{"start":{"line":251,"column":2},"end":{"line":270,"column":4}},"42":{"start":{"line":274,"column":21},"end":{"line":274,"column":36}},"43":{"start":{"line":276,"column":32},"end":{"line":276,"column":46}},"44":{"start":{"line":277,"column":30},"end":{"line":277,"column":45}},"45":{"start":{"line":279,"column":30},"end":{"line":279,"column":57}},"46":{"start":{"line":280,"column":42},"end":{"line":280,"column":63}},"47":{"start":{"line":282,"column":26},"end":{"line":282,"column":46}},"48":{"start":{"line":283,"column":28},"end":{"line":283,"column":53}},"49":{"start":{"line":285,"column":14},"end":{"line":285,"column":24}},"50":{"start":{"line":286,"column":40},"end":{"line":289,"column":5}},"51":{"start":{"line":286,"column":56},"end":{"line":289,"column":3}},"52":{"start":{"line":290,"column":42},"end":{"line":290,"column":61}},"53":{"start":{"line":292,"column":16},"end":{"line":295,"column":3}},"54":{"start":{"line":293,"column":10},"end":{"line":293,"column":59}},"55":{"start":{"line":298,"column":52},"end":{"line":298,"column":76}},"56":{"start":{"line":299,"column":58},"end":{"line":301,"column":3}},"57":{"start":{"line":302,"column":52},"end":{"line":302,"column":67}},"58":{"start":{"line":305,"column":2},"end":{"line":322,"column":9}},"59":{"start":{"line":306,"column":4},"end":{"line":321,"column":9}},"60":{"start":{"line":307,"column":6},"end":{"line":320,"column":7}},"61":{"start":{"line":308,"column":23},"end":{"line":308,"column":40}},"62":{"start":{"line":309,"column":8},"end":{"line":312,"column":9}},"63":{"start":{"line":310,"column":10},"end":{"line":310,"column":30}},"64":{"start":{"line":311,"column":10},"end":{"line":311,"column":17}},"65":{"start":{"line":314,"column":21},"end":{"line":314,"column":60}},"66":{"start":{"line":315,"column":8},"end":{"line":315,"column":35}},"67":{"start":{"line":317,"column":8},"end":{"line":317,"column":62}},"68":{"start":{"line":319,"column":8},"end":{"line":319,"column":26}},"69":{"start":{"line":325,"column":28},"end":{"line":327,"column":14}},"70":{"start":{"line":326,"column":4},"end":{"line":326,"column":62}},"71":{"start":{"line":329,"column":24},"end":{"line":331,"column":14}},"72":{"start":{"line":330,"column":4},"end":{"line":330,"column":62}},"73":{"start":{"line":333,"column":29},"end":{"line":335,"column":47}},"74":{"start":{"line":334,"column":4},"end":{"line":334,"column":72}},"75":{"start":{"line":334,"column":41},"end":{"line":334,"column":70}},"76":{"start":{"line":338,"column":31},"end":{"line":361,"column":3}},"77":{"start":{"line":339,"column":47},"end":{"line":352,"column":5}},"78":{"start":{"line":354,"column":26},"end":{"line":354,"column":66}},"79":{"start":{"line":356,"column":18},"end":{"line":358,"column":5}},"80":{"start":{"line":357,"column":13},"end":{"line":357,"column":67}},"81":{"start":{"line":360,"column":4},"end":{"line":360,"column":29}},"82":{"start":{"line":364,"column":37},"end":{"line":369,"column":3}},"83":{"start":{"line":365,"column":27},"end":{"line":367,"column":5}},"84":{"start":{"line":366,"column":13},"end":{"line":366,"column":55}},"85":{"start":{"line":368,"column":4},"end":{"line":368,"column":38}},"86":{"start":{"line":371,"column":18},"end":{"line":377,"column":3}},"87":{"start":{"line":372,"column":4},"end":{"line":376,"column":7}},"88":{"start":{"line":373,"column":19},"end":{"line":373,"column":43}},"89":{"start":{"line":374,"column":19},"end":{"line":374,"column":54}},"90":{"start":{"line":375,"column":6},"end":{"line":375,"column":53}},"91":{"start":{"line":379,"column":19},"end":{"line":384,"column":3}},"92":{"start":{"line":380,"column":4},"end":{"line":383,"column":7}},"93":{"start":{"line":381,"column":6},"end":{"line":381,"column":39}},"94":{"start":{"line":381,"column":28},"end":{"line":381,"column":39}},"95":{"start":{"line":382,"column":6},"end":{"line":382,"column":31}},"96":{"start":{"line":386,"column":21},"end":{"line":389,"column":3}},"97":{"start":{"line":387,"column":4},"end":{"line":387,"column":32}},"98":{"start":{"line":388,"column":4},"end":{"line":388,"column":56}},"99":{"start":{"line":388,"column":21},"end":{"line":388,"column":53}},"100":{"start":{"line":391,"column":25},"end":{"line":394,"column":3}},"101":{"start":{"line":392,"column":4},"end":{"line":392,"column":32}},"102":{"start":{"line":393,"column":4},"end":{"line":393,"column":64}},"103":{"start":{"line":393,"column":21},"end":{"line":393,"column":61}},"104":{"start":{"line":396,"column":22},"end":{"line":454,"column":3}},"105":{"start":{"line":397,"column":4},"end":{"line":397,"column":23}},"106":{"start":{"line":397,"column":16},"end":{"line":397,"column":23}},"107":{"start":{"line":399,"column":4},"end":{"line":453,"column":5}},"108":{"start":{"line":400,"column":21},"end":{"line":400,"column":41}},"109":{"start":{"line":401,"column":6},"end":{"line":404,"column":7}},"110":{"start":{"line":402,"column":8},"end":{"line":402,"column":49}},"111":{"start":{"line":403,"column":8},"end":{"line":403,"column":15}},"112":{"start":{"line":406,"column":38},"end":{"line":406,"column":42}},"113":{"start":{"line":408,"column":6},"end":{"line":427,"column":7}},"114":{"start":{"line":409,"column":8},"end":{"line":412,"column":9}},"115":{"start":{"line":410,"column":10},"end":{"line":410,"column":48}},"116":{"start":{"line":411,"column":10},"end":{"line":411,"column":17}},"117":{"start":{"line":413,"column":8},"end":{"line":413,"column":68}},"118":{"start":{"line":414,"column":8},"end":{"line":419,"column":9}},"119":{"start":{"line":415,"column":10},"end":{"line":417,"column":12}},"120":{"start":{"line":418,"column":10},"end":{"line":418,"column":17}},"121":{"start":{"line":422,"column":8},"end":{"line":422,"column":50}},"122":{"start":{"line":423,"column":8},"end":{"line":426,"column":9}},"123":{"start":{"line":424,"column":10},"end":{"line":424,"column":61}},"124":{"start":{"line":425,"column":10},"end":{"line":425,"column":17}},"125":{"start":{"line":429,"column":6},"end":{"line":429,"column":22}},"126":{"start":{"line":431,"column":21},"end":{"line":431,"column":38}},"127":{"start":{"line":432,"column":6},"end":{"line":435,"column":7}},"128":{"start":{"line":433,"column":8},"end":{"line":433,"column":28}},"129":{"start":{"line":434,"column":8},"end":{"line":434,"column":15}},"130":{"start":{"line":437,"column":6},"end":{"line":445,"column":8}},"131":{"start":{"line":447,"column":6},"end":{"line":447,"column":53}},"132":{"start":{"line":448,"column":6},"end":{"line":448,"column":26}},"133":{"start":{"line":450,"column":6},"end":{"line":450,"column":63}},"134":{"start":{"line":452,"column":6},"end":{"line":452,"column":23}},"135":{"start":{"line":456,"column":23},"end":{"line":465,"column":3}},"136":{"start":{"line":457,"column":4},"end":{"line":457,"column":17}},"137":{"start":{"line":458,"column":4},"end":{"line":458,"column":23}},"138":{"start":{"line":459,"column":4},"end":{"line":459,"column":32}},"139":{"start":{"line":462,"column":4},"end":{"line":464,"column":5}},"140":{"start":{"line":463,"column":6},"end":{"line":463,"column":60}},"141":{"start":{"line":467,"column":2},"end":{"line":477,"column":3}},"142":{"start":{"line":468,"column":4},"end":{"line":476,"column":6}},"143":{"start":{"line":479,"column":2},"end":{"line":749,"column":4}},"144":{"start":{"line":486,"column":27},"end":{"line":486,"column":46}},"145":{"start":{"line":505,"column":16},"end":{"line":510,"column":18}},"146":{"start":{"line":509,"column":33},"end":{"line":509,"column":62}},"147":{"start":{"line":516,"column":20},"end":{"line":516,"column":39}},"148":{"start":{"line":517,"column":20},"end":{"line":517,"column":47}},"149":{"start":{"line":594,"column":20},"end":{"line":597,"column":22}},"150":{"start":{"line":595,"column":32},"end":{"line":595,"column":57}},"151":{"start":{"line":596,"column":22},"end":{"line":596,"column":69}},"152":{"start":{"line":618,"column":20},"end":{"line":621,"column":22}},"153":{"start":{"line":619,"column":32},"end":{"line":619,"column":57}},"154":{"start":{"line":620,"column":22},"end":{"line":620,"column":69}},"155":{"start":{"line":631,"column":18},"end":{"line":633,"column":25}},"156":{"start":{"line":638,"column":16},"end":{"line":673,"column":23}},"157":{"start":{"line":641,"column":22},"end":{"line":644,"column":54}},"158":{"start":{"line":646,"column":20},"end":{"line":671,"column":22}},"159":{"start":{"line":651,"column":26},"end":{"line":653,"column":27}},"160":{"start":{"line":703,"column":32},"end":{"line":703,"column":59}},"161":{"start":{"line":707,"column":27},"end":{"line":707,"column":54}},"162":{"start":{"line":713,"column":33},"end":{"line":713,"column":60}},"163":{"start":{"line":723,"column":18},"end":{"line":741,"column":30}},"164":{"start":{"line":726,"column":22},"end":{"line":726,"column":52}},"165":{"start":{"line":727,"column":22},"end":{"line":727,"column":50}},"166":{"start":{"line":752,"column":20},"end":{"line":761,"column":2}},"167":{"start":{"line":763,"column":15},"end":{"line":1047,"column":2}}},"fnMap":{"0":{"name":"formatVnd","decl":{"start":{"line":102,"column":9},"end":{"line":102,"column":18}},"loc":{"start":{"line":102,"column":41},"end":{"line":106,"column":1}},"line":102},"1":{"name":"pad2","decl":{"start":{"line":108,"column":9},"end":{"line":108,"column":13}},"loc":{"start":{"line":108,"column":25},"end":{"line":110,"column":1}},"line":108},"2":{"name":"formatDateLabel","decl":{"start":{"line":112,"column":9},"end":{"line":112,"column":24}},"loc":{"start":{"line":112,"column":34},"end":{"line":117,"column":1}},"line":112},"3":{"name":"toISODate","decl":{"start":{"line":119,"column":9},"end":{"line":119,"column":18}},"loc":{"start":{"line":119,"column":28},"end":{"line":124,"column":1}},"line":119},"4":{"name":"mondayIndex","decl":{"start":{"line":126,"column":9},"end":{"line":126,"column":20}},"loc":{"start":{"line":126,"column":36},"end":{"line":128,"column":1}},"line":126},"5":{"name":"buildCalendarMatrix","decl":{"start":{"line":130,"column":9},"end":{"line":130,"column":28}},"loc":{"start":{"line":130,"column":64},"end":{"line":143,"column":1}},"line":130},"6":{"name":"Segmented","decl":{"start":{"line":145,"column":9},"end":{"line":145,"column":18}},"loc":{"start":{"line":151,"column":3},"end":{"line":188,"column":1}},"line":151},"7":{"name":"(anonymous_7)","decl":{"start":{"line":155,"column":17},"end":{"line":155,"column":18}},"loc":{"start":{"line":155,"column":23},"end":{"line":155,"column":41}},"line":155},"8":{"name":"(anonymous_8)","decl":{"start":{"line":171,"column":17},"end":{"line":171,"column":18}},"loc":{"start":{"line":171,"column":23},"end":{"line":171,"column":42}},"line":171},"9":{"name":"Keypad","decl":{"start":{"line":190,"column":9},"end":{"line":190,"column":15}},"loc":{"start":{"line":196,"column":3},"end":{"line":240,"column":1}},"line":196},"10":{"name":"(anonymous_10)","decl":{"start":{"line":212,"column":18},"end":{"line":212,"column":19}},"loc":{"start":{"line":213,"column":10},"end":{"line":216,"column":22}},"line":213},"11":{"name":"(anonymous_11)","decl":{"start":{"line":213,"column":38},"end":{"line":213,"column":39}},"loc":{"start":{"line":213,"column":44},"end":{"line":213,"column":54}},"line":213},"12":{"name":"(anonymous_12)","decl":{"start":{"line":221,"column":28},"end":{"line":221,"column":29}},"loc":{"start":{"line":221,"column":34},"end":{"line":221,"column":46}},"line":221},"13":{"name":"CategoryPill","decl":{"start":{"line":242,"column":9},"end":{"line":242,"column":21}},"loc":{"start":{"line":250,"column":3},"end":{"line":271,"column":1}},"line":250},"14":{"name":"AddTransactionScreen","decl":{"start":{"line":273,"column":24},"end":{"line":273,"column":44}},"loc":{"start":{"line":273,"column":47},"end":{"line":750,"column":1}},"line":273},"15":{"name":"(anonymous_15)","decl":{"start":{"line":286,"column":49},"end":{"line":286,"column":50}},"loc":{"start":{"line":286,"column":56},"end":{"line":289,"column":3}},"line":286},"16":{"name":"(anonymous_16)","decl":{"start":{"line":293,"column":4},"end":{"line":293,"column":5}},"loc":{"start":{"line":293,"column":10},"end":{"line":293,"column":59}},"line":293},"17":{"name":"(anonymous_17)","decl":{"start":{"line":305,"column":12},"end":{"line":305,"column":13}},"loc":{"start":{"line":305,"column":18},"end":{"line":322,"column":3}},"line":305},"18":{"name":"(anonymous_18)","decl":{"start":{"line":306,"column":5},"end":{"line":306,"column":6}},"loc":{"start":{"line":306,"column":17},"end":{"line":321,"column":5}},"line":306},"19":{"name":"(anonymous_19)","decl":{"start":{"line":325,"column":36},"end":{"line":325,"column":37}},"loc":{"start":{"line":325,"column":42},"end":{"line":327,"column":3}},"line":325},"20":{"name":"(anonymous_20)","decl":{"start":{"line":329,"column":32},"end":{"line":329,"column":33}},"loc":{"start":{"line":329,"column":38},"end":{"line":331,"column":3}},"line":329},"21":{"name":"(anonymous_21)","decl":{"start":{"line":333,"column":37},"end":{"line":333,"column":38}},"loc":{"start":{"line":333,"column":43},"end":{"line":335,"column":3}},"line":333},"22":{"name":"(anonymous_22)","decl":{"start":{"line":334,"column":34},"end":{"line":334,"column":35}},"loc":{"start":{"line":334,"column":41},"end":{"line":334,"column":70}},"line":334},"23":{"name":"(anonymous_23)","decl":{"start":{"line":338,"column":31},"end":{"line":338,"column":32}},"loc":{"start":{"line":338,"column":72},"end":{"line":361,"column":3}},"line":338},"24":{"name":"(anonymous_24)","decl":{"start":{"line":357,"column":6},"end":{"line":357,"column":7}},"loc":{"start":{"line":357,"column":13},"end":{"line":357,"column":67}},"line":357},"25":{"name":"(anonymous_25)","decl":{"start":{"line":364,"column":37},"end":{"line":364,"column":38}},"loc":{"start":{"line":364,"column":58},"end":{"line":369,"column":3}},"line":364},"26":{"name":"(anonymous_26)","decl":{"start":{"line":366,"column":6},"end":{"line":366,"column":7}},"loc":{"start":{"line":366,"column":13},"end":{"line":366,"column":55}},"line":366},"27":{"name":"(anonymous_27)","decl":{"start":{"line":371,"column":18},"end":{"line":371,"column":19}},"loc":{"start":{"line":371,"column":33},"end":{"line":377,"column":3}},"line":371},"28":{"name":"(anonymous_28)","decl":{"start":{"line":372,"column":20},"end":{"line":372,"column":21}},"loc":{"start":{"line":372,"column":30},"end":{"line":376,"column":5}},"line":372},"29":{"name":"(anonymous_29)","decl":{"start":{"line":379,"column":19},"end":{"line":379,"column":20}},"loc":{"start":{"line":379,"column":25},"end":{"line":384,"column":3}},"line":379},"30":{"name":"(anonymous_30)","decl":{"start":{"line":380,"column":20},"end":{"line":380,"column":21}},"loc":{"start":{"line":380,"column":30},"end":{"line":383,"column":5}},"line":380},"31":{"name":"(anonymous_31)","decl":{"start":{"line":386,"column":21},"end":{"line":386,"column":22}},"loc":{"start":{"line":386,"column":27},"end":{"line":389,"column":3}},"line":386},"32":{"name":"(anonymous_32)","decl":{"start":{"line":388,"column":13},"end":{"line":388,"column":14}},"loc":{"start":{"line":388,"column":21},"end":{"line":388,"column":53}},"line":388},"33":{"name":"(anonymous_33)","decl":{"start":{"line":391,"column":25},"end":{"line":391,"column":26}},"loc":{"start":{"line":391,"column":31},"end":{"line":394,"column":3}},"line":391},"34":{"name":"(anonymous_34)","decl":{"start":{"line":393,"column":13},"end":{"line":393,"column":14}},"loc":{"start":{"line":393,"column":21},"end":{"line":393,"column":61}},"line":393},"35":{"name":"(anonymous_35)","decl":{"start":{"line":396,"column":22},"end":{"line":396,"column":23}},"loc":{"start":{"line":396,"column":34},"end":{"line":454,"column":3}},"line":396},"36":{"name":"(anonymous_36)","decl":{"start":{"line":456,"column":23},"end":{"line":456,"column":24}},"loc":{"start":{"line":456,"column":38},"end":{"line":465,"column":3}},"line":456},"37":{"name":"(anonymous_37)","decl":{"start":{"line":486,"column":21},"end":{"line":486,"column":22}},"loc":{"start":{"line":486,"column":27},"end":{"line":486,"column":46}},"line":486},"38":{"name":"(anonymous_38)","decl":{"start":{"line":504,"column":33},"end":{"line":504,"column":34}},"loc":{"start":{"line":505,"column":16},"end":{"line":510,"column":18}},"line":505},"39":{"name":"(anonymous_39)","decl":{"start":{"line":509,"column":27},"end":{"line":509,"column":28}},"loc":{"start":{"line":509,"column":33},"end":{"line":509,"column":62}},"line":509},"40":{"name":"(anonymous_40)","decl":{"start":{"line":515,"column":27},"end":{"line":515,"column":28}},"loc":{"start":{"line":515,"column":33},"end":{"line":518,"column":19}},"line":515},"41":{"name":"(anonymous_41)","decl":{"start":{"line":593,"column":27},"end":{"line":593,"column":28}},"loc":{"start":{"line":594,"column":20},"end":{"line":597,"column":22}},"line":594},"42":{"name":"(anonymous_42)","decl":{"start":{"line":594,"column":35},"end":{"line":594,"column":36}},"loc":{"start":{"line":594,"column":42},"end":{"line":597,"column":21}},"line":594},"43":{"name":"(anonymous_43)","decl":{"start":{"line":617,"column":27},"end":{"line":617,"column":28}},"loc":{"start":{"line":618,"column":20},"end":{"line":621,"column":22}},"line":618},"44":{"name":"(anonymous_44)","decl":{"start":{"line":618,"column":35},"end":{"line":618,"column":36}},"loc":{"start":{"line":618,"column":42},"end":{"line":621,"column":21}},"line":618},"45":{"name":"(anonymous_45)","decl":{"start":{"line":630,"column":64},"end":{"line":630,"column":65}},"loc":{"start":{"line":631,"column":18},"end":{"line":633,"column":25}},"line":631},"46":{"name":"(anonymous_46)","decl":{"start":{"line":637,"column":25},"end":{"line":637,"column":26}},"loc":{"start":{"line":638,"column":16},"end":{"line":673,"column":23}},"line":638},"47":{"name":"(anonymous_47)","decl":{"start":{"line":639,"column":25},"end":{"line":639,"column":26}},"loc":{"start":{"line":639,"column":36},"end":{"line":672,"column":19}},"line":639},"48":{"name":"(anonymous_48)","decl":{"start":{"line":650,"column":33},"end":{"line":650,"column":34}},"loc":{"start":{"line":651,"column":26},"end":{"line":653,"column":27}},"line":651},"49":{"name":"(anonymous_49)","decl":{"start":{"line":703,"column":26},"end":{"line":703,"column":27}},"loc":{"start":{"line":703,"column":32},"end":{"line":703,"column":59}},"line":703},"50":{"name":"(anonymous_50)","decl":{"start":{"line":707,"column":21},"end":{"line":707,"column":22}},"loc":{"start":{"line":707,"column":27},"end":{"line":707,"column":54}},"line":707},"51":{"name":"(anonymous_51)","decl":{"start":{"line":709,"column":57},"end":{"line":709,"column":58}},"loc":{"start":{"line":709,"column":63},"end":{"line":709,"column":65}},"line":709},"52":{"name":"(anonymous_52)","decl":{"start":{"line":713,"column":27},"end":{"line":713,"column":28}},"loc":{"start":{"line":713,"column":33},"end":{"line":713,"column":60}},"line":713},"53":{"name":"(anonymous_53)","decl":{"start":{"line":722,"column":39},"end":{"line":722,"column":40}},"loc":{"start":{"line":723,"column":18},"end":{"line":741,"column":30}},"line":723},"54":{"name":"(anonymous_54)","decl":{"start":{"line":725,"column":29},"end":{"line":725,"column":30}},"loc":{"start":{"line":725,"column":35},"end":{"line":728,"column":21}},"line":725}},"branchMap":{"0":{"loc":{"start":{"line":103,"column":19},"end":{"line":103,"column":38}},"type":"binary-expr","locations":[{"start":{"line":103,"column":19},"end":{"line":103,"column":31}},{"start":{"line":103,"column":35},"end":{"line":103,"column":38}}],"line":103},"1":{"loc":{"start":{"line":158,"column":10},"end":{"line":158,"column":55}},"type":"binary-expr","locations":[{"start":{"line":158,"column":10},"end":{"line":158,"column":28}},{"start":{"line":158,"column":32},"end":{"line":158,"column":55}}],"line":158},"2":{"loc":{"start":{"line":164,"column":12},"end":{"line":164,"column":58}},"type":"binary-expr","locations":[{"start":{"line":164,"column":12},"end":{"line":164,"column":30}},{"start":{"line":164,"column":34},"end":{"line":164,"column":58}}],"line":164},"3":{"loc":{"start":{"line":174,"column":10},"end":{"line":174,"column":56}},"type":"binary-expr","locations":[{"start":{"line":174,"column":10},"end":{"line":174,"column":29}},{"start":{"line":174,"column":33},"end":{"line":174,"column":56}}],"line":174},"4":{"loc":{"start":{"line":180,"column":12},"end":{"line":180,"column":59}},"type":"binary-expr","locations":[{"start":{"line":180,"column":12},"end":{"line":180,"column":31}},{"start":{"line":180,"column":35},"end":{"line":180,"column":59}}],"line":180},"5":{"loc":{"start":{"line":215,"column":41},"end":{"line":215,"column":53}},"type":"binary-expr","locations":[{"start":{"line":215,"column":41},"end":{"line":215,"column":47}},{"start":{"line":215,"column":51},"end":{"line":215,"column":53}}],"line":215},"6":{"loc":{"start":{"line":254,"column":30},"end":{"line":254,"column":62}},"type":"binary-expr","locations":[{"start":{"line":254,"column":30},"end":{"line":254,"column":38}},{"start":{"line":254,"column":42},"end":{"line":254,"column":62}}],"line":254},"7":{"loc":{"start":{"line":256,"column":40},"end":{"line":256,"column":76}},"type":"binary-expr","locations":[{"start":{"line":256,"column":40},"end":{"line":256,"column":48}},{"start":{"line":256,"column":52},"end":{"line":256,"column":76}}],"line":256},"8":{"loc":{"start":{"line":264,"column":33},"end":{"line":264,"column":66}},"type":"binary-expr","locations":[{"start":{"line":264,"column":33},"end":{"line":264,"column":41}},{"start":{"line":264,"column":45},"end":{"line":264,"column":66}}],"line":264},"9":{"loc":{"start":{"line":309,"column":8},"end":{"line":312,"column":9}},"type":"if","locations":[{"start":{"line":309,"column":8},"end":{"line":312,"column":9}},{"start":{},"end":{}}],"line":309},"10":{"loc":{"start":{"line":317,"column":18},"end":{"line":317,"column":60}},"type":"binary-expr","locations":[{"start":{"line":317,"column":18},"end":{"line":317,"column":29}},{"start":{"line":317,"column":33},"end":{"line":317,"column":60}}],"line":317},"11":{"loc":{"start":{"line":326,"column":11},"end":{"line":326,"column":61}},"type":"cond-expr","locations":[{"start":{"line":326,"column":34},"end":{"line":326,"column":56}},{"start":{"line":326,"column":59},"end":{"line":326,"column":61}}],"line":326},"12":{"loc":{"start":{"line":330,"column":11},"end":{"line":330,"column":61}},"type":"cond-expr","locations":[{"start":{"line":330,"column":34},"end":{"line":330,"column":56}},{"start":{"line":330,"column":59},"end":{"line":330,"column":61}}],"line":330},"13":{"loc":{"start":{"line":354,"column":26},"end":{"line":354,"column":66}},"type":"binary-expr","locations":[{"start":{"line":354,"column":26},"end":{"line":354,"column":48}},{"start":{"line":354,"column":52},"end":{"line":354,"column":66}}],"line":354},"14":{"loc":{"start":{"line":357,"column":13},"end":{"line":357,"column":67}},"type":"binary-expr","locations":[{"start":{"line":357,"column":13},"end":{"line":357,"column":33}},{"start":{"line":357,"column":37},"end":{"line":357,"column":67}}],"line":357},"15":{"loc":{"start":{"line":360,"column":11},"end":{"line":360,"column":28}},"type":"binary-expr","locations":[{"start":{"line":360,"column":11},"end":{"line":360,"column":20}},{"start":{"line":360,"column":24},"end":{"line":360,"column":28}}],"line":360},"16":{"loc":{"start":{"line":366,"column":13},"end":{"line":366,"column":55}},"type":"binary-expr","locations":[{"start":{"line":366,"column":13},"end":{"line":366,"column":32}},{"start":{"line":366,"column":36},"end":{"line":366,"column":55}}],"line":366},"17":{"loc":{"start":{"line":368,"column":11},"end":{"line":368,"column":37}},"type":"binary-expr","locations":[{"start":{"line":368,"column":11},"end":{"line":368,"column":29}},{"start":{"line":368,"column":33},"end":{"line":368,"column":37}}],"line":368},"18":{"loc":{"start":{"line":373,"column":19},"end":{"line":373,"column":43}},"type":"cond-expr","locations":[{"start":{"line":373,"column":34},"end":{"line":373,"column":36}},{"start":{"line":373,"column":39},"end":{"line":373,"column":43}}],"line":373},"19":{"loc":{"start":{"line":375,"column":14},"end":{"line":375,"column":38}},"type":"cond-expr","locations":[{"start":{"line":375,"column":28},"end":{"line":375,"column":32}},{"start":{"line":375,"column":35},"end":{"line":375,"column":38}}],"line":375},"20":{"loc":{"start":{"line":381,"column":6},"end":{"line":381,"column":39}},"type":"if","locations":[{"start":{"line":381,"column":6},"end":{"line":381,"column":39}},{"start":{},"end":{}}],"line":381},"21":{"loc":{"start":{"line":388,"column":21},"end":{"line":388,"column":53}},"type":"cond-expr","locations":[{"start":{"line":388,"column":36},"end":{"line":388,"column":44}},{"start":{"line":388,"column":47},"end":{"line":388,"column":53}}],"line":388},"22":{"loc":{"start":{"line":393,"column":21},"end":{"line":393,"column":61}},"type":"cond-expr","locations":[{"start":{"line":393,"column":40},"end":{"line":393,"column":48}},{"start":{"line":393,"column":51},"end":{"line":393,"column":61}}],"line":393},"23":{"loc":{"start":{"line":397,"column":4},"end":{"line":397,"column":23}},"type":"if","locations":[{"start":{"line":397,"column":4},"end":{"line":397,"column":23}},{"start":{},"end":{}}],"line":397},"24":{"loc":{"start":{"line":401,"column":6},"end":{"line":404,"column":7}},"type":"if","locations":[{"start":{"line":401,"column":6},"end":{"line":404,"column":7}},{"start":{},"end":{}}],"line":401},"25":{"loc":{"start":{"line":408,"column":6},"end":{"line":427,"column":7}},"type":"if","locations":[{"start":{"line":408,"column":6},"end":{"line":427,"column":7}},{"start":{"line":420,"column":13},"end":{"line":427,"column":7}}],"line":408},"26":{"loc":{"start":{"line":409,"column":8},"end":{"line":412,"column":9}},"type":"if","locations":[{"start":{"line":409,"column":8},"end":{"line":412,"column":9}},{"start":{},"end":{}}],"line":409},"27":{"loc":{"start":{"line":414,"column":8},"end":{"line":419,"column":9}},"type":"if","locations":[{"start":{"line":414,"column":8},"end":{"line":419,"column":9}},{"start":{},"end":{}}],"line":414},"28":{"loc":{"start":{"line":423,"column":8},"end":{"line":426,"column":9}},"type":"if","locations":[{"start":{"line":423,"column":8},"end":{"line":426,"column":9}},{"start":{},"end":{}}],"line":423},"29":{"loc":{"start":{"line":432,"column":6},"end":{"line":435,"column":7}},"type":"if","locations":[{"start":{"line":432,"column":6},"end":{"line":435,"column":7}},{"start":{},"end":{}}],"line":432},"30":{"loc":{"start":{"line":441,"column":16},"end":{"line":441,"column":40}},"type":"binary-expr","locations":[{"start":{"line":441,"column":16},"end":{"line":441,"column":27}},{"start":{"line":441,"column":31},"end":{"line":441,"column":40}}],"line":441},"31":{"loc":{"start":{"line":450,"column":16},"end":{"line":450,"column":61}},"type":"binary-expr","locations":[{"start":{"line":450,"column":16},"end":{"line":450,"column":27}},{"start":{"line":450,"column":31},"end":{"line":450,"column":61}}],"line":450},"32":{"loc":{"start":{"line":462,"column":4},"end":{"line":464,"column":5}},"type":"if","locations":[{"start":{"line":462,"column":4},"end":{"line":464,"column":5}},{"start":{},"end":{}}],"line":462},"33":{"loc":{"start":{"line":467,"column":2},"end":{"line":477,"column":3}},"type":"if","locations":[{"start":{"line":467,"column":2},"end":{"line":477,"column":3}},{"start":{},"end":{}}],"line":467},"34":{"loc":{"start":{"line":499,"column":9},"end":{"line":538,"column":9}},"type":"binary-expr","locations":[{"start":{"line":499,"column":9},"end":{"line":499,"column":29}},{"start":{"line":500,"column":10},"end":{"line":537,"column":17}}],"line":499},"35":{"loc":{"start":{"line":513,"column":15},"end":{"line":526,"column":22}},"type":"cond-expr","locations":[{"start":{"line":514,"column":16},"end":{"line":525,"column":28}},{"start":{"line":526,"column":18},"end":{"line":526,"column":22}}],"line":513},"36":{"loc":{"start":{"line":529,"column":13},"end":{"line":536,"column":20}},"type":"cond-expr","locations":[{"start":{"line":530,"column":14},"end":{"line":535,"column":21}},{"start":{"line":536,"column":16},"end":{"line":536,"column":20}}],"line":529},"37":{"loc":{"start":{"line":551,"column":15},"end":{"line":551,"column":59}},"type":"cond-expr","locations":[{"start":{"line":551,"column":22},"end":{"line":551,"column":47}},{"start":{"line":551,"column":50},"end":{"line":551,"column":59}}],"line":551},"38":{"loc":{"start":{"line":571,"column":11},"end":{"line":678,"column":11}},"type":"cond-expr","locations":[{"start":{"line":572,"column":12},"end":{"line":588,"column":19}},{"start":{"line":589,"column":14},"end":{"line":678,"column":11}}],"line":571},"39":{"loc":{"start":{"line":589,"column":14},"end":{"line":678,"column":11}},"type":"cond-expr","locations":[{"start":{"line":590,"column":12},"end":{"line":675,"column":19}},{"start":{"line":677,"column":12},"end":{"line":677,"column":60}}],"line":589},"40":{"loc":{"start":{"line":641,"column":22},"end":{"line":644,"column":54}},"type":"binary-expr","locations":[{"start":{"line":641,"column":22},"end":{"line":641,"column":31}},{"start":{"line":642,"column":22},"end":{"line":642,"column":66}},{"start":{"line":643,"column":22},"end":{"line":643,"column":63}},{"start":{"line":644,"column":22},"end":{"line":644,"column":54}}],"line":641},"41":{"loc":{"start":{"line":649,"column":34},"end":{"line":649,"column":59}},"type":"binary-expr","locations":[{"start":{"line":649,"column":34},"end":{"line":649,"column":44}},{"start":{"line":649,"column":48},"end":{"line":649,"column":59}}],"line":649},"42":{"loc":{"start":{"line":657,"column":26},"end":{"line":657,"column":62}},"type":"binary-expr","locations":[{"start":{"line":657,"column":26},"end":{"line":657,"column":36}},{"start":{"line":657,"column":40},"end":{"line":657,"column":62}}],"line":657},"43":{"loc":{"start":{"line":658,"column":26},"end":{"line":658,"column":62}},"type":"binary-expr","locations":[{"start":{"line":658,"column":26},"end":{"line":658,"column":36}},{"start":{"line":658,"column":40},"end":{"line":658,"column":62}}],"line":658},"44":{"loc":{"start":{"line":664,"column":28},"end":{"line":664,"column":64}},"type":"binary-expr","locations":[{"start":{"line":664,"column":28},"end":{"line":664,"column":38}},{"start":{"line":664,"column":42},"end":{"line":664,"column":64}}],"line":664},"45":{"loc":{"start":{"line":665,"column":28},"end":{"line":665,"column":64}},"type":"binary-expr","locations":[{"start":{"line":665,"column":28},"end":{"line":665,"column":38}},{"start":{"line":665,"column":42},"end":{"line":665,"column":64}}],"line":665},"46":{"loc":{"start":{"line":668,"column":27},"end":{"line":668,"column":51}},"type":"cond-expr","locations":[{"start":{"line":668,"column":41},"end":{"line":668,"column":43}},{"start":{"line":668,"column":46},"end":{"line":668,"column":51}}],"line":668},"47":{"loc":{"start":{"line":686,"column":34},"end":{"line":686,"column":60}},"type":"binary-expr","locations":[{"start":{"line":686,"column":34},"end":{"line":686,"column":40}},{"start":{"line":686,"column":44},"end":{"line":686,"column":60}}],"line":686},"48":{"loc":{"start":{"line":689,"column":11},"end":{"line":693,"column":11}},"type":"cond-expr","locations":[{"start":{"line":690,"column":12},"end":{"line":690,"column":62}},{"start":{"line":692,"column":12},"end":{"line":692,"column":53}}],"line":689},"49":{"loc":{"start":{"line":698,"column":7},"end":{"line":747,"column":7}},"type":"binary-expr","locations":[{"start":{"line":698,"column":7},"end":{"line":698,"column":27}},{"start":{"line":699,"column":8},"end":{"line":746,"column":16}}],"line":698},"50":{"loc":{"start":{"line":983,"column":19},"end":{"line":983,"column":54}},"type":"cond-expr","locations":[{"start":{"line":983,"column":47},"end":{"line":983,"column":49}},{"start":{"line":983,"column":52},"end":{"line":983,"column":54}}],"line":983}},"s":{"0":1,"1":1,"2":13,"3":13,"4":13,"5":17,"6":13,"7":13,"8":13,"9":13,"10":2,"11":2,"12":2,"13":2,"14":3,"15":3,"16":3,"17":3,"18":3,"19":3,"20":3,"21":9,"22":3,"23":3,"24":93,"25":3,"26":3,"27":3,"28":3,"29":3,"30":15,"31":3,"32":13,"33":1,"34":0,"35":12,"36":12,"37":12,"38":108,"39":2,"40":2,"41":27,"42":16,"43":16,"44":16,"45":16,"46":16,"47":16,"48":16,"49":16,"50":16,"51":3,"52":16,"53":16,"54":3,"55":16,"56":16,"57":16,"58":16,"59":3,"60":3,"61":3,"62":3,"63":0,"64":0,"65":3,"66":3,"67":0,"68":3,"69":16,"70":4,"71":16,"72":4,"73":16,"74":4,"75":3,"76":16,"77":1,"78":1,"79":1,"80":1,"81":1,"82":16,"83":1,"84":2,"85":1,"86":16,"87":4,"88":4,"89":4,"90":4,"91":16,"92":0,"93":0,"94":0,"95":0,"96":16,"97":1,"98":1,"99":1,"100":16,"101":0,"102":0,"103":0,"104":16,"105":2,"106":0,"107":2,"108":2,"109":2,"110":0,"111":0,"112":2,"113":2,"114":1,"115":0,"116":0,"117":1,"118":1,"119":0,"120":0,"121":1,"122":1,"123":0,"124":0,"125":2,"126":2,"127":2,"128":0,"129":0,"130":2,"131":2,"132":2,"133":0,"134":2,"135":16,"136":1,"137":1,"138":1,"139":1,"140":0,"141":16,"142":3,"143":13,"144":0,"145":27,"146":0,"147":0,"148":0,"149":0,"150":0,"151":0,"152":0,"153":0,"154":0,"155":0,"156":0,"157":0,"158":0,"159":0,"160":0,"161":0,"162":0,"163":108,"164":0,"165":0,"166":1,"167":1},"f":{"0":13,"1":17,"2":13,"3":2,"4":3,"5":3,"6":13,"7":1,"8":0,"9":12,"10":108,"11":2,"12":2,"13":27,"14":16,"15":3,"16":3,"17":3,"18":3,"19":4,"20":4,"21":4,"22":3,"23":1,"24":1,"25":1,"26":2,"27":4,"28":4,"29":0,"30":0,"31":1,"32":1,"33":0,"34":0,"35":2,"36":1,"37":0,"38":27,"39":0,"40":0,"41":0,"42":0,"43":0,"44":0,"45":0,"46":0,"47":0,"48":0,"49":0,"50":0,"51":0,"52":0,"53":108,"54":0},"b":{"0":[13,0],"1":[13,4],"2":[13,4],"3":[13,9],"4":[13,9],"5":[108,12],"6":[27,9],"7":[27,9],"8":[27,9],"9":[0,3],"10":[0,0],"11":[3,1],"12":[3,1],"13":[1,0],"14":[1,1],"15":[1,0],"16":[2,1],"17":[1,0],"18":[2,2],"19":[4,0],"20":[0,0],"21":[0,1],"22":[0,0],"23":[0,2],"24":[0,2],"25":[1,1],"26":[0,1],"27":[0,1],"28":[0,1],"29":[0,2],"30":[2,2],"31":[0,0],"32":[0,1],"33":[3,13],"34":[13,9],"35":[9,0],"36":[9,0],"37":[0,13],"38":[1,12],"39":[0,12],"40":[0,0,0,0],"41":[0,0],"42":[0,0],"43":[0,0],"44":[0,0],"45":[0,0],"46":[0,0],"47":[13,2],"48":[2,11],"49":[13,9],"50":[0,1]},"_coverageSchema":"1a1c01bbd47fc00a2c39e90264f33305004495a9","hash":"024ac90b032c70a1f7bf045bec7e977417c2222e"}
,"D:\\UNi\\251\\Mobile\\Testing\\finflow\\frontend\\src\\screens\\BudgetCategoryDetailScreen.tsx": {"path":"D:\\UNi\\251\\Mobile\\Testing\\finflow\\frontend\\src\\screens\\BudgetCategoryDetailScreen.tsx","statementMap":{"0":{"start":{"line":36,"column":2},"end":{"line":39,"column":5}},"1":{"start":{"line":43,"column":12},"end":{"line":43,"column":29}},"2":{"start":{"line":44,"column":12},"end":{"line":44,"column":49}},"3":{"start":{"line":45,"column":12},"end":{"line":45,"column":51}},"4":{"start":{"line":46,"column":2},"end":{"line":46,"column":21}},"5":{"start":{"line":50,"column":12},"end":{"line":50,"column":29}},"6":{"start":{"line":51,"column":16},"end":{"line":51,"column":60}},"7":{"start":{"line":52,"column":14},"end":{"line":52,"column":25}},"8":{"start":{"line":53,"column":2},"end":{"line":53,"column":27}},"9":{"start":{"line":57,"column":14},"end":{"line":57,"column":24}},"10":{"start":{"line":58,"column":15},"end":{"line":58,"column":32}},"11":{"start":{"line":59,"column":16},"end":{"line":59,"column":59}},"12":{"start":{"line":60,"column":2},"end":{"line":60,"column":28}},"13":{"start":{"line":63,"column":20},"end":{"line":72,"column":2}},"14":{"start":{"line":75,"column":17},"end":{"line":75,"column":34}},"15":{"start":{"line":76,"column":20},"end":{"line":76,"column":50}},"16":{"start":{"line":77,"column":15},"end":{"line":77,"column":36}},"17":{"start":{"line":79,"column":2},"end":{"line":96,"column":4}},"18":{"start":{"line":101,"column":4},"end":{"line":101,"column":66}},"19":{"start":{"line":103,"column":4},"end":{"line":103,"column":69}},"20":{"start":{"line":106,"column":4},"end":{"line":106,"column":75}},"21":{"start":{"line":107,"column":16},"end":{"line":107,"column":41}},"22":{"start":{"line":109,"column":32},"end":{"line":109,"column":46}},"23":{"start":{"line":110,"column":38},"end":{"line":110,"column":53}},"24":{"start":{"line":112,"column":42},"end":{"line":112,"column":69}},"25":{"start":{"line":113,"column":32},"end":{"line":113,"column":54}},"26":{"start":{"line":115,"column":52},"end":{"line":115,"column":67}},"27":{"start":{"line":118,"column":52},"end":{"line":131,"column":3}},"28":{"start":{"line":133,"column":19},"end":{"line":166,"column":3}},"29":{"start":{"line":134,"column":4},"end":{"line":165,"column":5}},"30":{"start":{"line":135,"column":21},"end":{"line":135,"column":38}},"31":{"start":{"line":136,"column":6},"end":{"line":139,"column":7}},"32":{"start":{"line":137,"column":8},"end":{"line":137,"column":36}},"33":{"start":{"line":138,"column":8},"end":{"line":138,"column":15}},"34":{"start":{"line":141,"column":27},"end":{"line":141,"column":44}},"35":{"start":{"line":142,"column":26},"end":{"line":145,"column":8}},"36":{"start":{"line":148,"column":28},"end":{"line":148,"column":61}},"37":{"start":{"line":149,"column":26},"end":{"line":151,"column":7}},"38":{"start":{"line":150,"column":8},"end":{"line":150,"column":48}},"39":{"start":{"line":154,"column":29},"end":{"line":156,"column":7}},"40":{"start":{"line":155,"column":8},"end":{"line":155,"column":47}},"41":{"start":{"line":158,"column":6},"end":{"line":158,"column":35}},"42":{"start":{"line":159,"column":6},"end":{"line":159,"column":57}},"43":{"start":{"line":161,"column":6},"end":{"line":161,"column":54}},"44":{"start":{"line":163,"column":6},"end":{"line":163,"column":24}},"45":{"start":{"line":164,"column":6},"end":{"line":164,"column":27}},"46":{"start":{"line":168,"column":2},"end":{"line":170,"column":9}},"47":{"start":{"line":169,"column":4},"end":{"line":169,"column":15}},"48":{"start":{"line":172,"column":2},"end":{"line":178,"column":4}},"49":{"start":{"line":174,"column":6},"end":{"line":176,"column":7}},"50":{"start":{"line":175,"column":8},"end":{"line":175,"column":19}},"51":{"start":{"line":180,"column":20},"end":{"line":183,"column":3}},"52":{"start":{"line":181,"column":4},"end":{"line":181,"column":24}},"53":{"start":{"line":182,"column":4},"end":{"line":182,"column":15}},"54":{"start":{"line":186,"column":14},"end":{"line":186,"column":24}},"55":{"start":{"line":187,"column":23},"end":{"line":187,"column":37}},"56":{"start":{"line":188,"column":22},"end":{"line":188,"column":39}},"57":{"start":{"line":190,"column":23},"end":{"line":193,"column":4}},"58":{"start":{"line":191,"column":14},"end":{"line":191,"column":31}},"59":{"start":{"line":192,"column":4},"end":{"line":192,"column":76}},"60":{"start":{"line":195,"column":22},"end":{"line":197,"column":52}},"61":{"start":{"line":196,"column":20},"end":{"line":196,"column":49}},"62":{"start":{"line":197,"column":25},"end":{"line":197,"column":48}},"63":{"start":{"line":199,"column":23},"end":{"line":201,"column":52}},"64":{"start":{"line":200,"column":20},"end":{"line":200,"column":50}},"65":{"start":{"line":201,"column":25},"end":{"line":201,"column":48}},"66":{"start":{"line":203,"column":17},"end":{"line":203,"column":67}},"67":{"start":{"line":205,"column":18},"end":{"line":211,"column":28}},"68":{"start":{"line":206,"column":4},"end":{"line":206,"column":30}},"69":{"start":{"line":206,"column":21},"end":{"line":206,"column":30}},"70":{"start":{"line":207,"column":4},"end":{"line":210,"column":6}},"71":{"start":{"line":214,"column":28},"end":{"line":249,"column":20}},"72":{"start":{"line":215,"column":16},"end":{"line":215,"column":48}},"73":{"start":{"line":217,"column":4},"end":{"line":232,"column":7}},"74":{"start":{"line":218,"column":16},"end":{"line":218,"column":33}},"75":{"start":{"line":219,"column":23},"end":{"line":222,"column":9}},"76":{"start":{"line":223,"column":25},"end":{"line":226,"column":8}},"77":{"start":{"line":228,"column":6},"end":{"line":230,"column":7}},"78":{"start":{"line":229,"column":8},"end":{"line":229,"column":30}},"79":{"start":{"line":231,"column":6},"end":{"line":231,"column":34}},"80":{"start":{"line":235,"column":19},"end":{"line":246,"column":8}},"81":{"start":{"line":236,"column":22},"end":{"line":236,"column":46}},"82":{"start":{"line":238,"column":18},"end":{"line":238,"column":39}},"83":{"start":{"line":239,"column":8},"end":{"line":245,"column":10}},"84":{"start":{"line":243,"column":22},"end":{"line":243,"column":77}},"85":{"start":{"line":248,"column":4},"end":{"line":248,"column":18}},"86":{"start":{"line":251,"column":2},"end":{"line":261,"column":3}},"87":{"start":{"line":252,"column":4},"end":{"line":260,"column":6}},"88":{"start":{"line":263,"column":2},"end":{"line":401,"column":4}},"89":{"start":{"line":274,"column":36},"end":{"line":274,"column":55}},"90":{"start":{"line":285,"column":27},"end":{"line":285,"column":53}},"91":{"start":{"line":370,"column":14},"end":{"line":378,"column":21}},"92":{"start":{"line":376,"column":18},"end":{"line":376,"column":67}},"93":{"start":{"line":384,"column":14},"end":{"line":386,"column":16}},"94":{"start":{"line":398,"column":23},"end":{"line":398,"column":50}},"95":{"start":{"line":404,"column":15},"end":{"line":577,"column":2}}},"fnMap":{"0":{"name":"money","decl":{"start":{"line":35,"column":9},"end":{"line":35,"column":14}},"loc":{"start":{"line":35,"column":26},"end":{"line":40,"column":1}},"line":35},"1":{"name":"formatTime","decl":{"start":{"line":42,"column":9},"end":{"line":42,"column":19}},"loc":{"start":{"line":42,"column":37},"end":{"line":47,"column":1}},"line":42},"2":{"name":"formatDateLabel","decl":{"start":{"line":49,"column":9},"end":{"line":49,"column":24}},"loc":{"start":{"line":49,"column":42},"end":{"line":54,"column":1}},"line":49},"3":{"name":"getCurrentMonth","decl":{"start":{"line":56,"column":9},"end":{"line":56,"column":24}},"loc":{"start":{"line":56,"column":27},"end":{"line":61,"column":1}},"line":56},"4":{"name":"TxRow","decl":{"start":{"line":74,"column":9},"end":{"line":74,"column":14}},"loc":{"start":{"line":74,"column":63},"end":{"line":97,"column":1}},"line":74},"5":{"name":"BudgetCategoryDetailScreen","decl":{"start":{"line":99,"column":24},"end":{"line":99,"column":50}},"loc":{"start":{"line":99,"column":53},"end":{"line":402,"column":1}},"line":99},"6":{"name":"(anonymous_6)","decl":{"start":{"line":133,"column":19},"end":{"line":133,"column":20}},"loc":{"start":{"line":133,"column":31},"end":{"line":166,"column":3}},"line":133},"7":{"name":"(anonymous_7)","decl":{"start":{"line":149,"column":37},"end":{"line":149,"column":38}},"loc":{"start":{"line":150,"column":8},"end":{"line":150,"column":48}},"line":150},"8":{"name":"(anonymous_8)","decl":{"start":{"line":154,"column":39},"end":{"line":154,"column":40}},"loc":{"start":{"line":155,"column":8},"end":{"line":155,"column":47}},"line":155},"9":{"name":"(anonymous_9)","decl":{"start":{"line":168,"column":12},"end":{"line":168,"column":13}},"loc":{"start":{"line":168,"column":18},"end":{"line":170,"column":3}},"line":168},"10":{"name":"(anonymous_10)","decl":{"start":{"line":173,"column":16},"end":{"line":173,"column":17}},"loc":{"start":{"line":173,"column":22},"end":{"line":177,"column":5}},"line":173},"11":{"name":"(anonymous_11)","decl":{"start":{"line":180,"column":20},"end":{"line":180,"column":21}},"loc":{"start":{"line":180,"column":26},"end":{"line":183,"column":3}},"line":180},"12":{"name":"(anonymous_12)","decl":{"start":{"line":190,"column":43},"end":{"line":190,"column":44}},"loc":{"start":{"line":190,"column":51},"end":{"line":193,"column":3}},"line":190},"13":{"name":"(anonymous_13)","decl":{"start":{"line":196,"column":12},"end":{"line":196,"column":13}},"loc":{"start":{"line":196,"column":20},"end":{"line":196,"column":49}},"line":196},"14":{"name":"(anonymous_14)","decl":{"start":{"line":197,"column":12},"end":{"line":197,"column":13}},"loc":{"start":{"line":197,"column":25},"end":{"line":197,"column":48}},"line":197},"15":{"name":"(anonymous_15)","decl":{"start":{"line":200,"column":12},"end":{"line":200,"column":13}},"loc":{"start":{"line":200,"column":20},"end":{"line":200,"column":50}},"line":200},"16":{"name":"(anonymous_16)","decl":{"start":{"line":201,"column":12},"end":{"line":201,"column":13}},"loc":{"start":{"line":201,"column":25},"end":{"line":201,"column":48}},"line":201},"17":{"name":"(anonymous_17)","decl":{"start":{"line":205,"column":26},"end":{"line":205,"column":27}},"loc":{"start":{"line":205,"column":32},"end":{"line":211,"column":3}},"line":205},"18":{"name":"(anonymous_18)","decl":{"start":{"line":214,"column":36},"end":{"line":214,"column":37}},"loc":{"start":{"line":214,"column":42},"end":{"line":249,"column":3}},"line":214},"19":{"name":"(anonymous_19)","decl":{"start":{"line":217,"column":25},"end":{"line":217,"column":26}},"loc":{"start":{"line":217,"column":33},"end":{"line":232,"column":5}},"line":217},"20":{"name":"(anonymous_20)","decl":{"start":{"line":236,"column":12},"end":{"line":236,"column":13}},"loc":{"start":{"line":236,"column":22},"end":{"line":236,"column":46}},"line":236},"21":{"name":"(anonymous_21)","decl":{"start":{"line":237,"column":11},"end":{"line":237,"column":12}},"loc":{"start":{"line":237,"column":29},"end":{"line":246,"column":7}},"line":237},"22":{"name":"(anonymous_22)","decl":{"start":{"line":243,"column":12},"end":{"line":243,"column":13}},"loc":{"start":{"line":243,"column":22},"end":{"line":243,"column":77}},"line":243},"23":{"name":"(anonymous_23)","decl":{"start":{"line":274,"column":30},"end":{"line":274,"column":31}},"loc":{"start":{"line":274,"column":36},"end":{"line":274,"column":55}},"line":274},"24":{"name":"(anonymous_24)","decl":{"start":{"line":285,"column":21},"end":{"line":285,"column":22}},"loc":{"start":{"line":285,"column":27},"end":{"line":285,"column":53}},"line":285},"25":{"name":"(anonymous_25)","decl":{"start":{"line":369,"column":23},"end":{"line":369,"column":24}},"loc":{"start":{"line":370,"column":14},"end":{"line":378,"column":21}},"line":370},"26":{"name":"(anonymous_26)","decl":{"start":{"line":375,"column":29},"end":{"line":375,"column":30}},"loc":{"start":{"line":376,"column":18},"end":{"line":376,"column":67}},"line":376},"27":{"name":"(anonymous_27)","decl":{"start":{"line":383,"column":21},"end":{"line":383,"column":22}},"loc":{"start":{"line":384,"column":14},"end":{"line":386,"column":16}},"line":384},"28":{"name":"(anonymous_28)","decl":{"start":{"line":398,"column":17},"end":{"line":398,"column":18}},"loc":{"start":{"line":398,"column":23},"end":{"line":398,"column":50}},"line":398}},"branchMap":{"0":{"loc":{"start":{"line":77,"column":15},"end":{"line":77,"column":36}},"type":"cond-expr","locations":[{"start":{"line":77,"column":27},"end":{"line":77,"column":30}},{"start":{"line":77,"column":33},"end":{"line":77,"column":36}}],"line":77},"1":{"loc":{"start":{"line":86,"column":38},"end":{"line":86,"column":65}},"type":"binary-expr","locations":[{"start":{"line":86,"column":38},"end":{"line":86,"column":45}},{"start":{"line":86,"column":49},"end":{"line":86,"column":65}}],"line":86},"2":{"loc":{"start":{"line":106,"column":4},"end":{"line":106,"column":75}},"type":"binary-expr","locations":[{"start":{"line":106,"column":4},"end":{"line":106,"column":29}},{"start":{"line":106,"column":33},"end":{"line":106,"column":75}}],"line":106},"3":{"loc":{"start":{"line":107,"column":16},"end":{"line":107,"column":41}},"type":"binary-expr","locations":[{"start":{"line":107,"column":16},"end":{"line":107,"column":27}},{"start":{"line":107,"column":31},"end":{"line":107,"column":41}}],"line":107},"4":{"loc":{"start":{"line":136,"column":6},"end":{"line":139,"column":7}},"type":"if","locations":[{"start":{"line":136,"column":6},"end":{"line":139,"column":7}},{"start":{},"end":{}}],"line":136},"5":{"loc":{"start":{"line":148,"column":28},"end":{"line":148,"column":61}},"type":"binary-expr","locations":[{"start":{"line":148,"column":28},"end":{"line":148,"column":50}},{"start":{"line":148,"column":54},"end":{"line":148,"column":61}}],"line":148},"6":{"loc":{"start":{"line":159,"column":17},"end":{"line":159,"column":55}},"type":"cond-expr","locations":[{"start":{"line":159,"column":34},"end":{"line":159,"column":50}},{"start":{"line":159,"column":53},"end":{"line":159,"column":55}}],"line":159},"7":{"loc":{"start":{"line":161,"column":16},"end":{"line":161,"column":52}},"type":"binary-expr","locations":[{"start":{"line":161,"column":16},"end":{"line":161,"column":27}},{"start":{"line":161,"column":31},"end":{"line":161,"column":52}}],"line":161},"8":{"loc":{"start":{"line":174,"column":6},"end":{"line":176,"column":7}},"type":"if","locations":[{"start":{"line":174,"column":6},"end":{"line":176,"column":7}},{"start":{},"end":{}}],"line":174},"9":{"loc":{"start":{"line":192,"column":11},"end":{"line":192,"column":75}},"type":"binary-expr","locations":[{"start":{"line":192,"column":11},"end":{"line":192,"column":40}},{"start":{"line":192,"column":44},"end":{"line":192,"column":75}}],"line":192},"10":{"loc":{"start":{"line":203,"column":17},"end":{"line":203,"column":67}},"type":"cond-expr","locations":[{"start":{"line":203,"column":38},"end":{"line":203,"column":63}},{"start":{"line":203,"column":66},"end":{"line":203,"column":67}}],"line":203},"11":{"loc":{"start":{"line":206,"column":4},"end":{"line":206,"column":30}},"type":"if","locations":[{"start":{"line":206,"column":4},"end":{"line":206,"column":30}},{"start":{},"end":{}}],"line":206},"12":{"loc":{"start":{"line":228,"column":6},"end":{"line":230,"column":7}},"type":"if","locations":[{"start":{"line":228,"column":6},"end":{"line":230,"column":7}},{"start":{},"end":{}}],"line":228},"13":{"loc":{"start":{"line":251,"column":2},"end":{"line":261,"column":3}},"type":"if","locations":[{"start":{"line":251,"column":2},"end":{"line":261,"column":3}},{"start":{},"end":{}}],"line":251},"14":{"loc":{"start":{"line":357,"column":15},"end":{"line":357,"column":54}},"type":"binary-expr","locations":[{"start":{"line":357,"column":15},"end":{"line":357,"column":36}},{"start":{"line":357,"column":40},"end":{"line":357,"column":54}}],"line":357},"15":{"loc":{"start":{"line":364,"column":11},"end":{"line":380,"column":11}},"type":"cond-expr","locations":[{"start":{"line":365,"column":12},"end":{"line":367,"column":19}},{"start":{"line":369,"column":12},"end":{"line":379,"column":14}}],"line":364},"16":{"loc":{"start":{"line":370,"column":52},"end":{"line":370,"column":70}},"type":"cond-expr","locations":[{"start":{"line":370,"column":64},"end":{"line":370,"column":65}},{"start":{"line":370,"column":68},"end":{"line":370,"column":70}}],"line":370},"17":{"loc":{"start":{"line":371,"column":17},"end":{"line":373,"column":24}},"type":"cond-expr","locations":[{"start":{"line":372,"column":18},"end":{"line":372,"column":71}},{"start":{"line":373,"column":20},"end":{"line":373,"column":24}}],"line":371}},"s":{"0":12,"1":3,"2":3,"3":3,"4":3,"5":3,"6":3,"7":3,"8":3,"9":4,"10":4,"11":4,"12":4,"13":1,"14":3,"15":3,"16":3,"17":3,"18":4,"19":4,"20":4,"21":4,"22":4,"23":4,"24":4,"25":4,"26":4,"27":4,"28":4,"29":4,"30":4,"31":4,"32":0,"33":0,"34":4,"35":4,"36":4,"37":4,"38":4,"39":4,"40":4,"41":4,"42":4,"43":0,"44":4,"45":4,"46":4,"47":1,"48":4,"49":4,"50":3,"51":4,"52":0,"53":0,"54":4,"55":4,"56":4,"57":4,"58":3,"59":3,"60":4,"61":3,"62":0,"63":4,"64":3,"65":3,"66":4,"67":4,"68":2,"69":1,"70":1,"71":4,"72":4,"73":4,"74":3,"75":3,"76":3,"77":3,"78":3,"79":3,"80":4,"81":0,"82":3,"83":3,"84":0,"85":4,"86":4,"87":1,"88":3,"89":0,"90":0,"91":3,"92":3,"93":1,"94":0,"95":1},"f":{"0":12,"1":3,"2":3,"3":4,"4":3,"5":4,"6":4,"7":4,"8":4,"9":1,"10":4,"11":0,"12":3,"13":3,"14":0,"15":3,"16":3,"17":2,"18":4,"19":3,"20":0,"21":3,"22":0,"23":0,"24":0,"25":3,"26":3,"27":1,"28":0},"b":{"0":[3,0],"1":[3,0],"2":[4,4],"3":[4,0],"4":[0,4],"5":[4,0],"6":[4,0],"7":[0,0],"8":[3,1],"9":[3,3],"10":[3,1],"11":[1,1],"12":[3,0],"13":[1,3],"14":[3,0],"15":[0,3],"16":[3,0],"17":[0,3]},"_coverageSchema":"1a1c01bbd47fc00a2c39e90264f33305004495a9","hash":"5ec71b50810e75bec52584bd220322b90e9a2305"}
,"D:\\UNi\\251\\Mobile\\Testing\\finflow\\frontend\\src\\screens\\BudgetCategoryFormScreen.tsx": {"path":"D:\\UNi\\251\\Mobile\\Testing\\finflow\\frontend\\src\\screens\\BudgetCategoryFormScreen.tsx","statementMap":{"0":{"start":{"line":25,"column":20},"end":{"line":34,"column":2}},"1":{"start":{"line":37,"column":14},"end":{"line":37,"column":24}},"2":{"start":{"line":38,"column":15},"end":{"line":38,"column":32}},"3":{"start":{"line":39,"column":16},"end":{"line":39,"column":59}},"4":{"start":{"line":40,"column":2},"end":{"line":40,"column":28}},"5":{"start":{"line":45,"column":4},"end":{"line":45,"column":66}},"6":{"start":{"line":46,"column":16},"end":{"line":46,"column":79}},"7":{"start":{"line":48,"column":15},"end":{"line":48,"column":57}},"8":{"start":{"line":49,"column":16},"end":{"line":52,"column":3}},"9":{"start":{"line":50,"column":10},"end":{"line":50,"column":47}},"10":{"start":{"line":54,"column":32},"end":{"line":54,"column":46}},"11":{"start":{"line":55,"column":30},"end":{"line":55,"column":45}},"12":{"start":{"line":57,"column":52},"end":{"line":57,"column":76}},"13":{"start":{"line":58,"column":30},"end":{"line":58,"column":42}},"14":{"start":{"line":59,"column":52},"end":{"line":59,"column":67}},"15":{"start":{"line":62,"column":52},"end":{"line":75,"column":3}},"16":{"start":{"line":77,"column":2},"end":{"line":94,"column":9}},"17":{"start":{"line":78,"column":4},"end":{"line":93,"column":9}},"18":{"start":{"line":79,"column":6},"end":{"line":92,"column":7}},"19":{"start":{"line":80,"column":23},"end":{"line":80,"column":40}},"20":{"start":{"line":81,"column":8},"end":{"line":84,"column":9}},"21":{"start":{"line":82,"column":10},"end":{"line":82,"column":38}},"22":{"start":{"line":83,"column":10},"end":{"line":83,"column":17}},"23":{"start":{"line":86,"column":21},"end":{"line":86,"column":60}},"24":{"start":{"line":87,"column":8},"end":{"line":87,"column":35}},"25":{"start":{"line":89,"column":8},"end":{"line":89,"column":62}},"26":{"start":{"line":91,"column":8},"end":{"line":91,"column":26}},"27":{"start":{"line":96,"column":17},"end":{"line":144,"column":3}},"28":{"start":{"line":97,"column":4},"end":{"line":97,"column":23}},"29":{"start":{"line":97,"column":16},"end":{"line":97,"column":23}},"30":{"start":{"line":99,"column":4},"end":{"line":143,"column":5}},"31":{"start":{"line":100,"column":22},"end":{"line":100,"column":51}},"32":{"start":{"line":101,"column":27},"end":{"line":101,"column":42}},"33":{"start":{"line":103,"column":6},"end":{"line":106,"column":7}},"34":{"start":{"line":104,"column":8},"end":{"line":104,"column":49}},"35":{"start":{"line":105,"column":8},"end":{"line":105,"column":15}},"36":{"start":{"line":108,"column":28},"end":{"line":110,"column":7}},"37":{"start":{"line":111,"column":30},"end":{"line":113,"column":7}},"38":{"start":{"line":112,"column":15},"end":{"line":112,"column":69}},"39":{"start":{"line":115,"column":6},"end":{"line":118,"column":7}},"40":{"start":{"line":116,"column":8},"end":{"line":116,"column":69}},"41":{"start":{"line":117,"column":8},"end":{"line":117,"column":15}},"42":{"start":{"line":120,"column":6},"end":{"line":120,"column":22}},"43":{"start":{"line":122,"column":21},"end":{"line":122,"column":38}},"44":{"start":{"line":123,"column":6},"end":{"line":126,"column":7}},"45":{"start":{"line":124,"column":8},"end":{"line":124,"column":36}},"46":{"start":{"line":125,"column":8},"end":{"line":125,"column":15}},"47":{"start":{"line":128,"column":6},"end":{"line":135,"column":8}},"48":{"start":{"line":137,"column":6},"end":{"line":137,"column":46}},"49":{"start":{"line":138,"column":6},"end":{"line":138,"column":26}},"50":{"start":{"line":140,"column":6},"end":{"line":140,"column":55}},"51":{"start":{"line":142,"column":6},"end":{"line":142,"column":23}},"52":{"start":{"line":146,"column":2},"end":{"line":156,"column":3}},"53":{"start":{"line":147,"column":4},"end":{"line":155,"column":6}},"54":{"start":{"line":158,"column":2},"end":{"line":224,"column":4}},"55":{"start":{"line":166,"column":36},"end":{"line":166,"column":55}},"56":{"start":{"line":177,"column":27},"end":{"line":177,"column":53}},"57":{"start":{"line":221,"column":23},"end":{"line":221,"column":50}},"58":{"start":{"line":227,"column":15},"end":{"line":298,"column":2}}},"fnMap":{"0":{"name":"getCurrentMonth","decl":{"start":{"line":36,"column":9},"end":{"line":36,"column":24}},"loc":{"start":{"line":36,"column":27},"end":{"line":41,"column":1}},"line":36},"1":{"name":"BudgetCategoryFormScreen","decl":{"start":{"line":43,"column":24},"end":{"line":43,"column":48}},"loc":{"start":{"line":43,"column":51},"end":{"line":225,"column":1}},"line":43},"2":{"name":"(anonymous_2)","decl":{"start":{"line":50,"column":4},"end":{"line":50,"column":5}},"loc":{"start":{"line":50,"column":10},"end":{"line":50,"column":47}},"line":50},"3":{"name":"(anonymous_3)","decl":{"start":{"line":77,"column":12},"end":{"line":77,"column":13}},"loc":{"start":{"line":77,"column":18},"end":{"line":94,"column":3}},"line":77},"4":{"name":"(anonymous_4)","decl":{"start":{"line":78,"column":5},"end":{"line":78,"column":6}},"loc":{"start":{"line":78,"column":17},"end":{"line":93,"column":5}},"line":78},"5":{"name":"(anonymous_5)","decl":{"start":{"line":96,"column":17},"end":{"line":96,"column":18}},"loc":{"start":{"line":96,"column":29},"end":{"line":144,"column":3}},"line":96},"6":{"name":"(anonymous_6)","decl":{"start":{"line":112,"column":8},"end":{"line":112,"column":9}},"loc":{"start":{"line":112,"column":15},"end":{"line":112,"column":69}},"line":112},"7":{"name":"(anonymous_7)","decl":{"start":{"line":166,"column":30},"end":{"line":166,"column":31}},"loc":{"start":{"line":166,"column":36},"end":{"line":166,"column":55}},"line":166},"8":{"name":"(anonymous_8)","decl":{"start":{"line":177,"column":21},"end":{"line":177,"column":22}},"loc":{"start":{"line":177,"column":27},"end":{"line":177,"column":53}},"line":177},"9":{"name":"(anonymous_9)","decl":{"start":{"line":221,"column":17},"end":{"line":221,"column":18}},"loc":{"start":{"line":221,"column":23},"end":{"line":221,"column":50}},"line":221}},"branchMap":{"0":{"loc":{"start":{"line":50,"column":13},"end":{"line":50,"column":38}},"type":"binary-expr","locations":[{"start":{"line":50,"column":13},"end":{"line":50,"column":24}},{"start":{"line":50,"column":28},"end":{"line":50,"column":38}}],"line":50},"1":{"loc":{"start":{"line":81,"column":8},"end":{"line":84,"column":9}},"type":"if","locations":[{"start":{"line":81,"column":8},"end":{"line":84,"column":9}},{"start":{},"end":{}}],"line":81},"2":{"loc":{"start":{"line":89,"column":18},"end":{"line":89,"column":60}},"type":"binary-expr","locations":[{"start":{"line":89,"column":18},"end":{"line":89,"column":29}},{"start":{"line":89,"column":33},"end":{"line":89,"column":60}}],"line":89},"3":{"loc":{"start":{"line":97,"column":4},"end":{"line":97,"column":23}},"type":"if","locations":[{"start":{"line":97,"column":4},"end":{"line":97,"column":23}},{"start":{},"end":{}}],"line":97},"4":{"loc":{"start":{"line":103,"column":6},"end":{"line":106,"column":7}},"type":"if","locations":[{"start":{"line":103,"column":6},"end":{"line":106,"column":7}},{"start":{},"end":{}}],"line":103},"5":{"loc":{"start":{"line":103,"column":10},"end":{"line":103,"column":61}},"type":"binary-expr","locations":[{"start":{"line":103,"column":10},"end":{"line":103,"column":40}},{"start":{"line":103,"column":44},"end":{"line":103,"column":61}}],"line":103},"6":{"loc":{"start":{"line":108,"column":28},"end":{"line":110,"column":7}},"type":"binary-expr","locations":[{"start":{"line":108,"column":28},"end":{"line":108,"column":62}},{"start":{"line":108,"column":66},"end":{"line":110,"column":7}}],"line":108},"7":{"loc":{"start":{"line":108,"column":44},"end":{"line":108,"column":61}},"type":"binary-expr","locations":[{"start":{"line":108,"column":44},"end":{"line":108,"column":55}},{"start":{"line":108,"column":59},"end":{"line":108,"column":61}}],"line":108},"8":{"loc":{"start":{"line":109,"column":8},"end":{"line":109,"column":25}},"type":"binary-expr","locations":[{"start":{"line":109,"column":8},"end":{"line":109,"column":19}},{"start":{"line":109,"column":23},"end":{"line":109,"column":25}}],"line":109},"9":{"loc":{"start":{"line":112,"column":15},"end":{"line":112,"column":69}},"type":"binary-expr","locations":[{"start":{"line":112,"column":15},"end":{"line":112,"column":35}},{"start":{"line":112,"column":39},"end":{"line":112,"column":69}}],"line":112},"10":{"loc":{"start":{"line":115,"column":6},"end":{"line":118,"column":7}},"type":"if","locations":[{"start":{"line":115,"column":6},"end":{"line":118,"column":7}},{"start":{},"end":{}}],"line":115},"11":{"loc":{"start":{"line":123,"column":6},"end":{"line":126,"column":7}},"type":"if","locations":[{"start":{"line":123,"column":6},"end":{"line":126,"column":7}},{"start":{},"end":{}}],"line":123},"12":{"loc":{"start":{"line":140,"column":16},"end":{"line":140,"column":53}},"type":"binary-expr","locations":[{"start":{"line":140,"column":16},"end":{"line":140,"column":27}},{"start":{"line":140,"column":31},"end":{"line":140,"column":53}}],"line":140},"13":{"loc":{"start":{"line":146,"column":2},"end":{"line":156,"column":3}},"type":"if","locations":[{"start":{"line":146,"column":2},"end":{"line":156,"column":3}},{"start":{},"end":{}}],"line":146},"14":{"loc":{"start":{"line":201,"column":44},"end":{"line":201,"column":74}},"type":"binary-expr","locations":[{"start":{"line":201,"column":44},"end":{"line":201,"column":55}},{"start":{"line":201,"column":59},"end":{"line":201,"column":74}}],"line":201},"15":{"loc":{"start":{"line":206,"column":36},"end":{"line":206,"column":62}},"type":"binary-expr","locations":[{"start":{"line":206,"column":36},"end":{"line":206,"column":42}},{"start":{"line":206,"column":46},"end":{"line":206,"column":62}}],"line":206},"16":{"loc":{"start":{"line":209,"column":13},"end":{"line":213,"column":13}},"type":"cond-expr","locations":[{"start":{"line":210,"column":14},"end":{"line":210,"column":64}},{"start":{"line":212,"column":14},"end":{"line":212,"column":65}}],"line":209}},"s":{"0":1,"1":1,"2":1,"3":1,"4":1,"5":5,"6":5,"7":5,"8":5,"9":1,"10":5,"11":5,"12":5,"13":5,"14":5,"15":5,"16":5,"17":1,"18":1,"19":1,"20":1,"21":0,"22":0,"23":1,"24":1,"25":0,"26":1,"27":5,"28":1,"29":0,"30":1,"31":1,"32":1,"33":1,"34":0,"35":0,"36":1,"37":1,"38":1,"39":1,"40":0,"41":0,"42":1,"43":1,"44":1,"45":0,"46":0,"47":1,"48":1,"49":1,"50":0,"51":1,"52":5,"53":1,"54":4,"55":0,"56":0,"57":0,"58":1},"f":{"0":1,"1":5,"2":1,"3":1,"4":1,"5":1,"6":1,"7":0,"8":0,"9":0},"b":{"0":[1,0],"1":[0,1],"2":[0,0],"3":[0,1],"4":[0,1],"5":[1,1],"6":[1,0],"7":[1,0],"8":[0,0],"9":[1,1],"10":[0,1],"11":[0,1],"12":[0,0],"13":[1,4],"14":[4,0],"15":[4,1],"16":[1,3]},"_coverageSchema":"1a1c01bbd47fc00a2c39e90264f33305004495a9","hash":"48b507df5c6458f74196a34d0269c06fb78d9986"}
,"D:\\UNi\\251\\Mobile\\Testing\\finflow\\frontend\\src\\screens\\BudgetScreen.tsx": {"path":"D:\\UNi\\251\\Mobile\\Testing\\finflow\\frontend\\src\\screens\\BudgetScreen.tsx","statementMap":{"0":{"start":{"line":33,"column":31},"end":{"line":33,"column":48}},"1":{"start":{"line":36,"column":2},"end":{"line":39,"column":5}},"2":{"start":{"line":43,"column":14},"end":{"line":43,"column":24}},"3":{"start":{"line":44,"column":15},"end":{"line":44,"column":32}},"4":{"start":{"line":45,"column":16},"end":{"line":45,"column":59}},"5":{"start":{"line":46,"column":2},"end":{"line":46,"column":28}},"6":{"start":{"line":56,"column":2},"end":{"line":65,"column":4}},"7":{"start":{"line":69,"column":2},"end":{"line":69,"column":14}},"8":{"start":{"line":70,"column":2},"end":{"line":77,"column":4}},"9":{"start":{"line":82,"column":4},"end":{"line":82,"column":66}},"10":{"start":{"line":84,"column":32},"end":{"line":84,"column":46}},"11":{"start":{"line":85,"column":38},"end":{"line":85,"column":53}},"12":{"start":{"line":87,"column":42},"end":{"line":87,"column":69}},"13":{"start":{"line":88,"column":32},"end":{"line":88,"column":54}},"14":{"start":{"line":90,"column":38},"end":{"line":90,"column":77}},"15":{"start":{"line":91,"column":46},"end":{"line":91,"column":61}},"16":{"start":{"line":92,"column":38},"end":{"line":92,"column":50}},"17":{"start":{"line":94,"column":36},"end":{"line":94,"column":51}},"18":{"start":{"line":95,"column":40},"end":{"line":95,"column":61}},"19":{"start":{"line":97,"column":52},"end":{"line":97,"column":67}},"20":{"start":{"line":99,"column":19},"end":{"line":121,"column":3}},"21":{"start":{"line":100,"column":4},"end":{"line":120,"column":5}},"22":{"start":{"line":101,"column":21},"end":{"line":101,"column":38}},"23":{"start":{"line":102,"column":6},"end":{"line":105,"column":7}},"24":{"start":{"line":103,"column":8},"end":{"line":103,"column":36}},"25":{"start":{"line":104,"column":8},"end":{"line":104,"column":15}},"26":{"start":{"line":107,"column":27},"end":{"line":107,"column":44}},"27":{"start":{"line":108,"column":26},"end":{"line":111,"column":8}},"28":{"start":{"line":113,"column":6},"end":{"line":113,"column":27}},"29":{"start":{"line":114,"column":6},"end":{"line":114,"column":23}},"30":{"start":{"line":116,"column":6},"end":{"line":116,"column":54}},"31":{"start":{"line":118,"column":6},"end":{"line":118,"column":24}},"32":{"start":{"line":119,"column":6},"end":{"line":119,"column":27}},"33":{"start":{"line":123,"column":2},"end":{"line":125,"column":9}},"34":{"start":{"line":124,"column":4},"end":{"line":124,"column":15}},"35":{"start":{"line":127,"column":2},"end":{"line":133,"column":4}},"36":{"start":{"line":129,"column":6},"end":{"line":131,"column":7}},"37":{"start":{"line":130,"column":8},"end":{"line":130,"column":19}},"38":{"start":{"line":135,"column":20},"end":{"line":138,"column":3}},"39":{"start":{"line":136,"column":4},"end":{"line":136,"column":24}},"40":{"start":{"line":137,"column":4},"end":{"line":137,"column":15}},"41":{"start":{"line":141,"column":14},"end":{"line":141,"column":24}},"42":{"start":{"line":142,"column":23},"end":{"line":142,"column":37}},"43":{"start":{"line":143,"column":22},"end":{"line":143,"column":39}},"44":{"start":{"line":145,"column":23},"end":{"line":148,"column":4}},"45":{"start":{"line":146,"column":14},"end":{"line":146,"column":31}},"46":{"start":{"line":147,"column":4},"end":{"line":147,"column":76}},"47":{"start":{"line":150,"column":22},"end":{"line":152,"column":52}},"48":{"start":{"line":151,"column":20},"end":{"line":151,"column":49}},"49":{"start":{"line":152,"column":25},"end":{"line":152,"column":48}},"50":{"start":{"line":154,"column":23},"end":{"line":156,"column":52}},"51":{"start":{"line":155,"column":20},"end":{"line":155,"column":50}},"52":{"start":{"line":156,"column":25},"end":{"line":156,"column":48}},"53":{"start":{"line":159,"column":22},"end":{"line":159,"column":75}},"54":{"start":{"line":159,"column":49},"end":{"line":159,"column":71}},"55":{"start":{"line":161,"column":18},"end":{"line":167,"column":33}},"56":{"start":{"line":162,"column":4},"end":{"line":162,"column":35}},"57":{"start":{"line":162,"column":26},"end":{"line":162,"column":35}},"58":{"start":{"line":163,"column":4},"end":{"line":166,"column":6}},"59":{"start":{"line":169,"column":19},"end":{"line":172,"column":3}},"60":{"start":{"line":170,"column":4},"end":{"line":170,"column":40}},"61":{"start":{"line":171,"column":4},"end":{"line":171,"column":23}},"62":{"start":{"line":174,"column":21},"end":{"line":210,"column":3}},"63":{"start":{"line":175,"column":4},"end":{"line":209,"column":5}},"64":{"start":{"line":176,"column":22},"end":{"line":176,"column":56}},"65":{"start":{"line":177,"column":21},"end":{"line":177,"column":36}},"66":{"start":{"line":178,"column":6},"end":{"line":181,"column":7}},"67":{"start":{"line":179,"column":8},"end":{"line":179,"column":49}},"68":{"start":{"line":180,"column":8},"end":{"line":180,"column":15}},"69":{"start":{"line":183,"column":21},"end":{"line":183,"column":38}},"70":{"start":{"line":184,"column":6},"end":{"line":187,"column":7}},"71":{"start":{"line":185,"column":8},"end":{"line":185,"column":36}},"72":{"start":{"line":186,"column":8},"end":{"line":186,"column":15}},"73":{"start":{"line":191,"column":22},"end":{"line":191,"column":78}},"74":{"start":{"line":191,"column":42},"end":{"line":191,"column":77}},"75":{"start":{"line":192,"column":25},"end":{"line":192,"column":70}},"76":{"start":{"line":194,"column":6},"end":{"line":197,"column":7}},"77":{"start":{"line":195,"column":8},"end":{"line":195,"column":53}},"78":{"start":{"line":196,"column":8},"end":{"line":196,"column":15}},"79":{"start":{"line":199,"column":6},"end":{"line":202,"column":8}},"80":{"start":{"line":204,"column":6},"end":{"line":204,"column":50}},"81":{"start":{"line":205,"column":6},"end":{"line":205,"column":26}},"82":{"start":{"line":206,"column":6},"end":{"line":206,"column":17}},"83":{"start":{"line":208,"column":6},"end":{"line":208,"column":58}},"84":{"start":{"line":212,"column":28},"end":{"line":225,"column":3}},"85":{"start":{"line":213,"column":4},"end":{"line":213,"column":41}},"86":{"sta
[...]
,"D:\\UNi\\251\\Mobile\\Testing\\finflow\\frontend\\src\\services\\api.ts": {"path":"D:\\UNi\\251\\Mobile\\Testing\\finflow\\frontend\\src\\services\\api.ts","statementMap":{"0":{"start":{"line":2,"column":2},"end":{"line":2,"column":64}},"1":{"start":{"line":11,"column":14},"end":{"line":11,"column":38}},"2":{"start":{"line":12,"column":14},"end":{"line":19,"column":4}},"3":{"start":{"line":21,"column":15},"end":{"line":21,"column":31}},"4":{"start":{"line":22,"column":15},"end":{"line":22,"column":45}},"5":{"start":{"line":24,"column":2},"end":{"line":30,"column":3}},"6":{"start":{"line":26,"column":6},"end":{"line":28,"column":26}},"7":{"start":{"line":29,"column":4},"end":{"line":29,"column":29}},"8":{"start":{"line":32,"column":2},"end":{"line":32,"column":27}},"9":{"start":{"line":39,"column":14},"end":{"line":39,"column":38}},"10":{"start":{"line":40,"column":14},"end":{"line":46,"column":4}},"11":{"start":{"line":48,"column":15},"end":{"line":48,"column":31}},"12":{"start":{"line":49,"column":15},"end":{"line":49,"column":45}},"13":{"start":{"line":51,"column":2},"end":{"line":57,"column":3}},"14":{"start":{"line":53,"column":6},"end":{"line":55,"column":26}},"15":{"start":{"line":56,"column":4},"end":{"line":56,"column":29}},"16":{"start":{"line":59,"column":2},"end":{"line":59,"column":27}},"17":{"start":{"line":63,"column":14},"end":{"line":63,"column":38}},"18":{"start":{"line":64,"column":14},"end":{"line":70,"column":4}},"19":{"start":{"line":72,"column":2},"end":{"line":80,"column":3}},"20":{"start":{"line":73,"column":17},"end":{"line":73,"column":33}},"21":{"start":{"line":74,"column":17},"end":{"line":74,"column":47}},"22":{"start":{"line":76,"column":6},"end":{"line":78,"column":26}},"23":{"start":{"line":79,"column":4},"end":{"line":79,"column":29}},"24":{"start":{"line":88,"column":14},"end":{"line":88,"column":38}},"25":{"start":{"line":89,"column":14},"end":{"line":96,"column":4}},"26":{"start":{"line":98,"column":2},"end":{"line":106,"column":3}},"27":{"start":{"line":99,"column":17},"end":{"line":99,"column":33}},"28":{"start":{"line":100,"column":17},"end":{"line":100,"column":47}},"29":{"start":{"line":102,"column":6},"end":{"line":104,"column":26}},"30":{"start":{"line":105,"column":4},"end":{"line":105,"column":29}},"31":{"start":{"line":108,"column":15},"end":{"line":108,"column":31}},"32":{"start":{"line":109,"column":2},"end":{"line":109,"column":53}}},"fnMap":{"0":{"name":"apiPost","decl":{"start":{"line":6,"column":22},"end":{"line":6,"column":29}},"loc":{"start":{"line":10,"column":22},"end":{"line":33,"column":1}},"line":10},"1":{"name":"apiGet","decl":{"start":{"line":35,"column":22},"end":{"line":35,"column":28}},"loc":{"start":{"line":38,"column":22},"end":{"line":60,"column":1}},"line":38},"2":{"name":"apiDelete","decl":{"start":{"line":62,"column":22},"end":{"line":62,"column":31}},"loc":{"start":{"line":62,"column":77},"end":{"line":81,"column":1}},"line":62},"3":{"name":"apiPut","decl":{"start":{"line":83,"column":22},"end":{"line":83,"column":28}},"loc":{"start":{"line":87,"column":22},"end":{"line":110,"column":1}},"line":87}},"branchMap":{"0":{"loc":{"start":{"line":2,"column":2},"end":{"line":2,"column":64}},"type":"binary-expr","locations":[{"start":{"line":2,"column":2},"end":{"line":2,"column":37}},{"start":{"line":2,"column":41},"end":{"line":2,"column":64}}],"line":2},"1":{"loc":{"start":{"line":16,"column":10},"end":{"line":16,"column":59}},"type":"cond-expr","locations":[{"start":{"line":16,"column":18},"end":{"line":16,"column":54}},{"start":{"line":16,"column":57},"end":{"line":16,"column":59}}],"line":16},"2":{"loc":{"start":{"line":22,"column":15},"end":{"line":22,"column":45}},"type":"cond-expr","locations":[{"start":{"line":22,"column":22},"end":{"line":22,"column":38}},{"start":{"line":22,"column":41},"end":{"line":22,"column":45}}],"line":22},"3":{"loc":{"start":{"line":24,"column":2},"end":{"line":30,"column":3}},"type":"if","locations":[{"start":{"line":24,"column":2},"end":{"line":30,"column":3}},{"start":{},"end":{}}],"line":24},"4":{"loc":{"start":{"line":26,"column":6},"end":{"line":28,"column":26}},"type":"binary-expr","locations":[{"start":{"line":26,"column":6},"end":{"line":26,"column":33}},{"start":{"line":27,"column":6},"end":{"line":27,"column":31}},{"start":{"line":28,"column":6},"end":{"line":28,"column":26}}],"line":26},"5":{"loc":{"start":{"line":44,"column":10},"end":{"line":44,"column":59}},"type":"cond-expr","locations":[{"start":{"line":44,"column":18},"end":{"line":44,"column":54}},{"start":{"line":44,"column":57},"end":{"line":44,"column":59}}],"line":44},"6":{"loc":{"start":{"line":49,"column":15},"end":{"line":49,"column":45}},"type":"cond-expr","locations":[{"start":{"line":49,"column":22},"end":{"line":49,"column":38}},{"start":{"line":49,"column":41},"end":{"line":49,"column":45}}],"line":49},"7":{"loc":{"start":{"line":51,"column":2},"end":{"line":57,"column":3}},"type":"if","locations":[{"start":{"line":51,"column":2},"end":{"line":57,"column":3}},{"start":{},"end":{}}],"line":51},"8":{"loc":{"start":{"line":53,"column":6},"end":{"line":55,"column":26}},"type":"binary-expr","locations":[{"start":{"line":53,"column":6},"end":{"line":53,"column":33}},{"start":{"line":54,"column":6},"end":{"line":54,"column":31}},{"start":{"line":55,"column":6},"end":{"line":55,"column":26}}],"line":53},"9":{"loc":{"start":{"line":68,"column":10},"end":{"line":68,"column":59}},"type":"cond-expr","locations":[{"start":{"line":68,"column":18},"end":{"line":68,"column":54}},{"start":{"line":68,"column":57},"end":{"line":68,"column":59}}],"line":68},"10":{"loc":{"start":{"line":72,"column":2},"end":{"line":80,"column":3}},"type":"if","locations":[{"start":{"line":72,"column":2},"end":{"line":80,"column":3}},{"start":{},"end":{}}],"line":72},"11":{"loc":{"start":{"line":74,"column":17},"end":{"line":74,"column":47}},"type":"cond-expr","locations":[{"start":{"line":74,"column":24},"end":{"line":74,"column":40}},{"start":{"line":74,"column":43},"end":{"line":74,"column":47}}],"line":74},"12":{"loc":{"start":{"line":76,"column":6},"end":{"line":78,"column":26}},"type":"binary-expr","locations":[{"start":{"line":76,"column":6},"end":{"line":76,"column":33}},{"start":{"line":77,"column":6},"end":{"line":77,"column":31}},{"start":{"line":78,"column":6},"end":{"line":78,"column":26}}],"line":76},"13":{"loc":{"start":{"line":93,"column":10},"end":{"line":93,"column":59}},"type":"cond-expr","locations":[{"start":{"line":93,"column":18},"end":{"line":93,"column":54}},{"start":{"line":93,"column":57},"end":{"line":93,"column":59}}],"line":93},"14":{"loc":{"start":{"line":98,"column":2},"end":{"line":106,"column":3}},"type":"if","locations":[{"start":{"line":98,"column":2},"end":{"line":106,"column":3}},{"start":{},"end":{}}],"line":98},"15":{"loc":{"start":{"line":100,"column":17},"end":{"line":100,"column":47}},"type":"cond-expr","locations":[{"start":{"line":100,"column":24},"end":{"line":100,"column":40}},{"start":{"line":100,"column":43},"end":{"line":100,"column":47}}],"line":100},"16":{"loc":{"start":{"line":102,"column":6},"end":{"line":104,"column":26}},"type":"binary-expr","locations":[{"start":{"line":102,"column":6},"end":{"line":102,"column":33}},{"start":{"line":103,"column":6},"end":{"line":103,"column":31}},{"start":{"line":104,"column":6},"end":{"line":104,"column":26}}],"line":102},"17":{"loc":{"start":{"line":109,"column":9},"end":{"line":109,"column":52}},"type":"cond-expr","locations":[{"start":{"line":109,"column":16},"end":{"line":109,"column":32}},{"start":{"line":109,"column":36},"end":{"line":109,"column":51}}],"line":109}},"s":{"0":4,"1":5,"2":5,"3":5,"4":5,"5":5,"6":1,"7":1,"8":4,"9":4,"10":4,"11":4,"12":4,"13":4,"14":0,"15":0,"16":4,"17":1,"18":1,"19":1,"20":0,"21":0,"22":0,"23":0,"24":2,"25":2,"26":2,"27":0,"28":0,"29":0,"30":0,"31":2,"32":2},"f":{"0":5,"1":4,"2":1,"3":2},"b":{"0":[4,4],"1":[2,3],"2":[5,0],"3":[1,4],"4":[1,0,0],"5":[4,0],"6":[4,0],"7":[0,4],"8":[0,0,0],"9":[1,0],"10":[0,1],"11":[0,0],"12":[0,0,0],"13":[2,0],"14":[0,2],"15":[0,0],"16":[0,0,0],"17":[2,0]},"_coverageSchema":"1a1c01bbd47fc00a2c39e90264f33305004495a9","hash":"46e016827571cdf51a0b71cea48f78e4f7f67fa3"}
,"D:\\UNi\\251\\Mobile\\Testing\\finflow\\frontend\\src\\services\\auth.ts": {"path":"D:\\UNi\\251\\Mobile\\Testing\\finflow\\frontend\\src\\services\\auth.ts","statementMap":{"0":{"start":{"line":20,"column":2},"end":{"line":20,"column":58}},"1":{"start":{"line":29,"column":2},"end":{"line":29,"column":55}}},"fnMap":{"0":{"name":"register","decl":{"start":{"line":19,"column":16},"end":{"line":19,"column":24}},"loc":{"start":{"line":19,"column":51},"end":{"line":21,"column":1}},"line":19},"1":{"name":"login","decl":{"start":{"line":28,"column":16},"end":{"line":28,"column":21}},"loc":{"start":{"line":28,"column":45},"end":{"line":30,"column":1}},"line":28}},"branchMap":{},"s":{"0":1,"1":2},"f":{"0":1,"1":2},"b":{},"_coverageSchema":"1a1c01bbd47fc00a2c39e90264f33305004495a9","hash":"a4f94632d0cc913591d32f8e5844356d867ab5ca"}
,"D:\\UNi\\251\\Mobile\\Testing\\finflow\\frontend\\src\\services\\budgets.ts": {"path":"D:\\UNi\\251\\Mobile\\Testing\\finflow\\frontend\\src\\services\\budgets.ts","statementMap":{"0":{"start":{"line":24,"column":16},"end":{"line":24,"column":46}},"1":{"start":{"line":25,"column":2},"end":{"line":25,"column":53}},"2":{"start":{"line":32,"column":2},"end":{"line":32,"column":53}},"3":{"start":{"line":36,"column":2},"end":{"line":36,"column":50}}},"fnMap":{"0":{"name":"getBudgets","decl":{"start":{"line":23,"column":22},"end":{"line":23,"column":32}},"loc":{"start":{"line":23,"column":64},"end":{"line":26,"column":1}},"line":23},"1":{"name":"createOrUpdateBudget","decl":{"start":{"line":28,"column":22},"end":{"line":28,"column":42}},"loc":{"start":{"line":31,"column":2},"end":{"line":33,"column":1}},"line":31},"2":{"name":"deleteBudget","decl":{"start":{"line":35,"column":22},"end":{"line":35,"column":34}},"loc":{"start":{"line":35,"column":68},"end":{"line":37,"column":1}},"line":35}},"branchMap":{"0":{"loc":{"start":{"line":24,"column":16},"end":{"line":24,"column":46}},"type":"cond-expr","locations":[{"start":{"line":24,"column":24},"end":{"line":24,"column":41}},{"start":{"line":24,"column":44},"end":{"line":24,"column":46}}],"line":24}},"s":{"0":1,"1":1,"2":1,"3":1},"f":{"0":1,"1":1,"2":1},"b":{"0":[0,1]},"_coverageSchema":"1a1c01bbd47fc00a2c39e90264f33305004495a9","hash":"2cfe4ff4f27ff7b9f63cb63b1cf69d6cbe9467df"}
,"D:\\UNi\\251\\Mobile\\Testing\\finflow\\frontend\\src\\services\\tokenStorage.ts": {"path":"D:\\UNi\\251\\Mobile\\Testing\\finflow\\frontend\\src\\services\\tokenStorage.ts","statementMap":{"0":{"start":{"line":3,"column":25},"end":{"line":3,"column":47}},"1":{"start":{"line":4,"column":26},"end":{"line":4,"column":49}},"2":{"start":{"line":12,"column":2},"end":{"line":12,"column":31}},"3":{"start":{"line":16,"column":2},"end":{"line":20,"column":3}},"4":{"start":{"line":17,"column":4},"end":{"line":17,"column":66}},"5":{"start":{"line":19,"column":4},"end":{"line":19,"column":17}},"6":{"start":{"line":24,"column":2},"end":{"line":28,"column":3}},"7":{"start":{"line":25,"column":4},"end":{"line":25,"column":70}},"8":{"start":{"line":26,"column":4},"end":{"line":26,"column":72}},"9":{"start":{"line":27,"column":4},"end":{"line":27,"column":11}},"10":{"start":{"line":30,"column":23},"end":{"line":32,"column":11}},"11":{"start":{"line":34,"column":2},"end":{"line":37,"column":5}},"12":{"start":{"line":41,"column":2},"end":{"line":46,"column":3}},"13":{"start":{"line":42,"column":24},"end":{"line":42,"column":69}},"14":{"start":{"line":43,"column":25},"end":{"line":43,"column":71}},"15":{"start":{"line":44,"column":4},"end":{"line":44,"column":51}},"16":{"start":{"line":44,"column":39},"end":{"line":44,"column":51}},"17":{"start":{"line":45,"column":4},"end":{"line":45,"column":41}},"18":{"start":{"line":48,"column":23},"end":{"line":50,"column":11}},"19":{"start":{"line":52,"column":16},"end":{"line":55,"column":4}},"20":{"start":{"line":56,"column":22},"end":{"line":56,"column":35}},"21":{"start":{"line":57,"column":23},"end":{"line":57,"column":36}},"22":{"start":{"line":58,"column":2},"end":{"line":58,"column":49}},"23":{"start":{"line":58,"column":37},"end":{"line":58,"column":49}},"24":{"start":{"line":60,"column":2},"end":{"line":60,"column":39}},"25":{"start":{"line":64,"column":2},"end":{"line":68,"column":3}},"26":{"start":{"line":65,"column":4},"end":{"line":65,"column":53}},"27":{"start":{"line":66,"column":4},"end":{"line":66,"column":54}},"28":{"start":{"line":67,"column":4},"end":{"line":67,"column":11}},"29":{"start":{"line":70,"column":23},"end":{"line":72,"column":11}},"30":{"start":{"line":74,"column":2},"end":{"line":74,"column":72}}},"fnMap":{"0":{"name":"isWeb","decl":{"start":{"line":11,"column":9},"end":{"line":11,"column":14}},"loc":{"start":{"line":11,"column":17},"end":{"line":13,"column":1}},"line":11},"1":{"name":"hasLocalStorage","decl":{"start":{"line":15,"column":9},"end":{"line":15,"column":24}},"loc":{"start":{"line":15,"column":27},"end":{"line":21,"column":1}},"line":15},"2":{"name":"saveTokens","decl":{"start":{"line":23,"column":22},"end":{"line":23,"column":32}},"loc":{"start":{"line":23,"column":49},"end":{"line":38,"column":1}},"line":23},"3":{"name":"getTokens","decl":{"start":{"line":40,"column":22},"end":{"line":40,"column":31}},"loc":{"start":{"line":40,"column":58},"end":{"line":61,"column":1}},"line":40},"4":{"name":"clearTokens","decl":{"start":{"line":63,"column":22},"end":{"line":63,"column":33}},"loc":{"start":{"line":63,"column":36},"end":{"line":75,"column":1}},"line":63}},"branchMap":{"0":{"loc":{"start":{"line":17,"column":11},"end":{"line":17,"column":65}},"type":"binary-expr","locations":[{"start":{"line":17,"column":11},"end":{"line":17,"column":40}},{"start":{"line":17,"column":44},"end":{"line":17,"column":65}}],"line":17},"1":{"loc":{"start":{"line":24,"column":2},"end":{"line":28,"column":3}},"type":"if","locations":[{"start":{"line":24,"column":2},"end":{"line":28,"column":3}},{"start":{},"end":{}}],"line":24},"2":{"loc":{"start":{"line":24,"column":6},"end":{"line":24,"column":34}},"type":"binary-expr","locations":[{"start":{"line":24,"column":6},"end":{"line":24,"column":13}},{"start":{"line":24,"column":17},"end":{"line":24,"column":34}}],"line":24},"3":{"loc":{"start":{"line":41,"column":2},"end":{"line":46,"column":3}},"type":"if","locations":[{"start":{"line":41,"column":2},"end":{"line":46,"column":3}},{"start":{},"end":{}}],"line":41},"4":{"loc":{"start":{"line":41,"column":6},"end":{"line":41,"column":34}},"type":"binary-expr","locations":[{"start":{"line":41,"column":6},"end":{"line":41,"column":13}},{"start":{"line":41,"column":17},"end":{"line":41,"column":34}}],"line":41},"5":{"loc":{"start":{"line":44,"column":4},"end":{"line":44,"column":51}},"type":"if","locations":[{"start":{"line":44,"column":4},"end":{"line":44,"column":51}},{"start":{},"end":{}}],"line":44},"6":{"loc":{"start":{"line":44,"column":8},"end":{"line":44,"column":37}},"type":"binary-expr","locations":[{"start":{"line":44,"column":8},"end":{"line":44,"column":20}},{"start":{"line":44,"column":24},"end":{"line":44,"column":37}}],"line":44},"7":{"loc":{"start":{"line":58,"column":2},"end":{"line":58,"column":49}},"type":"if","locations":[{"start":{"line":58,"column":2},"end":{"line":58,"column":49}},{"start":{},"end":{}}],"line":58},"8":{"loc":{"start":{"line":58,"column":6},"end":{"line":58,"column":35}},"type":"binary-expr","locations":[{"start":{"line":58,"column":6},"end":{"line":58,"column":18}},{"start":{"line":58,"column":22},"end":{"line":58,"column":35}}],"line":58},"9":{"loc":{"start":{"line":64,"column":2},"end":{"line":68,"column":3}},"type":"if","locations":[{"start":{"line":64,"column":2},"end":{"line":68,"column":3}},{"start":{},"end":{}}],"line":64},"10":{"loc":{"start":{"line":64,"column":6},"end":{"line":64,"column":34}},"type":"binary-expr","locations":[{"start":{"line":64,"column":6},"end":{"line":64,"column":13}},{"start":{"line":64,"column":17},"end":{"line":64,"column":34}}],"line":64}},"s":{"0":1,"1":1,"2":8,"3":4,"4":4,"5":0,"6":2,"7":1,"8":1,"9":1,"10":1,"11":0,"12":4,"13":2,"14":2,"15":2,"16":1,"17":1,"18":2,"19":0,"20":0,"21":0,"22":0,"23":0,"24":0,"25":2,"26":1,"27":1,"28":1,"29":1,"30":0},"f":{"0":8,"1":4,"2":2,"3":4,"4":2},"b":{"0":[4,4],"1":[1,1],"2":[2,1],"3":[2,2],"4":[4,2],"5":[1,1],"6":[2,1],"7":[0,0],"8":[0,0],"9":[1,1],"10":[2,1]},"_coverageSchema":"1a1c01bbd47fc00a2c39e90264f33305004495a9","hash":"779a019d86a6256e5f5b1607ee489d7fa03d058c"}
,"D:\\UNi\\251\\Mobile\\Testing\\finflow\\frontend\\src\\services\\transactions.ts": {"path":"D:\\UNi\\251\\Mobile\\Testing\\finflow\\frontend\\src\\services\\transactions.ts","statementMap":{"0":{"start":{"line":27,"column":2},"end":{"line":27,"column":55}},"1":{"start":{"line":34,"column":2},"end":{"line":34,"column":63}},"2":{"start":{"line":46,"column":2},"end":{"line":46,"column":50}}},"fnMap":{"0":{"name":"getTransactions","decl":{"start":{"line":26,"column":22},"end":{"line":26,"column":37}},"loc":{"start":{"line":26,"column":53},"end":{"line":28,"column":1}},"line":26},"1":{"name":"createTransaction","decl":{"start":{"line":30,"column":22},"end":{"line":30,"column":39}},"loc":{"start":{"line":33,"column":2},"end":{"line":35,"column":1}},"line":33},"2":{"name":"getCategories","decl":{"start":{"line":45,"column":22},"end":{"line":45,"column":35}},"loc":{"start":{"line":45,"column":51},"end":{"line":47,"column":1}},"line":45}},"branchMap":{},"s":{"0":1,"1":1,"2":1},"f":{"0":1,"1":1,"2":1},"b":{},"_coverageSchema":"1a1c01bbd47fc00a2c39e90264f33305004495a9","hash":"cbf0a2d4ad2614254545acba9a17a8249a48e962"}
,"D:\\UNi\\251\\Mobile\\Testing\\finflow\\frontend\\src\\services\\users.ts": {"path":"D:\\UNi\\251\\Mobile\\Testing\\finflow\\frontend\\src\\services\\users.ts","statementMap":{"0":{"start":{"line":27,"column":2},"end":{"line":27,"column":42}},"1":{"start":{"line":34,"column":2},"end":{"line":34,"column":51}},"2":{"start":{"line":41,"column":2},"end":{"line":41,"column":75}}},"fnMap":{"0":{"name":"getProfile","decl":{"start":{"line":26,"column":22},"end":{"line":26,"column":32}},"loc":{"start":{"line":26,"column":48},"end":{"line":28,"column":1}},"line":26},"1":{"name":"updateProfile","decl":{"start":{"line":30,"column":22},"end":{"line":30,"column":35}},"loc":{"start":{"line":33,"column":2},"end":{"line":35,"column":1}},"line":33},"2":{"name":"changePassword","decl":{"start":{"line":37,"column":22},"end":{"line":37,"column":36}},"loc":{"start":{"line":40,"column":2},"end":{"line":42,"column":1}},"line":40}},"branchMap":{},"s":{"0":1,"1":1,"2":1},"f":{"0":1,"1":1,"2":1},"b":{},"_coverageSchema":"1a1c01bbd47fc00a2c39e90264f33305004495a9","hash":"bbbc7107ae3f2196e8b9934038e7161bd39374f6"}
,"D:\\UNi\\251\\Mobile\\Testing\\finflow\\frontend\\src\\utils\\toast.ts": {"path":"D:\\UNi\\251\\Mobile\\Testing\\finflow\\frontend\\src\\utils\\toast.ts","statementMap":{},"fnMap":{},"branchMap":{},"s":{},"f":{},"b":{},"_coverageSchema":"1a1c01bbd47fc00a2c39e90264f33305004495a9","hash":"1e68e79d08f125b813cbb1f698792fc7c2df084d"}
}
