TN:
SF:src\components\NotificationModal.tsx
FN:12,NotificationModal
FNF:1
FNH:1
FNDA:6,NotificationModal
DA:19,6
DA:49,5
DA:60,5
LF:3
LH:3
BRF:0
BRH:0
end_of_record
TN:
SF:src\components\ProgressDots.tsx
FN:10,ProgressDots
FN:13,(anonymous_1)
FN:16,(anonymous_2)
FNF:3
FNH:0
FNDA:0,ProgressDots
FNDA:0,(anonymous_1)
FNDA:0,(anonymous_2)
DA:11,0
DA:14,0
DA:16,0
DA:31,0
LF:4
LH:0
BRDA:16,0,0,0
BRDA:16,0,1,0
BRDA:22,1,0,0
BRDA:22,1,1,0
BRF:4
BRH:0
end_of_record
TN:
SF:src\components\Toast.tsx
FN:34,showSuccess
FN:38,showError
FN:42,showInfo
FN:46,Toast
FN:56,(anonymous_4)
FN:57,(anonymous_5)
FN:76,(anonymous_6)
FN:88,(anonymous_7)
FNF:8
FNH:2
FNDA:0,showSuccess
FNDA:0,showError
FNDA:0,showInfo
FNDA:11,Toast
FNDA:11,(anonymous_4)
FNDA:0,(anonymous_5)
FNDA:0,(anonymous_6)
FNDA:0,(anonymous_7)
DA:19,11
DA:26,11
DA:32,11
DA:35,0
DA:39,0
DA:43,0
DA:47,11
DA:48,11
DA:53,11
DA:54,11
DA:56,11
DA:57,11
DA:58,0
DA:59,0
DA:62,0
DA:76,0
DA:77,0
DA:88,0
DA:93,11
DA:95,0
DA:96,0
DA:98,0
DA:124,11
DA:125,11
DA:127,11
LF:25
LH:13
BRDA:89,0,0,0
BRDA:89,0,1,0
BRDA:93,1,0,11
BRDA:93,1,1,0
BRDA:130,2,0,0
BRDA:130,2,1,11
BRF:6
BRH:2
end_of_record
TN:
SF:src\constants\budgetCategories.ts
FN:58,getBudgetCategory
FN:59,(anonymous_1)
FNF:2
FNH:2
FNDA:33,getBudgetCategory
FNDA:286,(anonymous_1)
DA:21,4
DA:59,286
LF:2
LH:2
BRF:0
BRH:0
end_of_record
TN:
SF:src\screens\AddTransactionScreen.tsx
FN:102,formatVnd
FN:108,pad2
FN:112,formatDateLabel
FN:119,toISODate
FN:126,mondayIndex
FN:130,buildCalendarMatrix
FN:145,Segmented
FN:155,(anonymous_7)
FN:171,(anonymous_8)
FN:190,Keypad
FN:212,(anonymous_10)
FN:213,(anonymous_11)
FN:221,(anonymous_12)
FN:242,CategoryPill
FN:273,AddTransactionScreen
FN:286,(anonymous_15)
FN:293,(anonymous_16)
FN:305,(anonymous_17)
FN:306,(anonymous_18)
FN:325,(anonymous_19)
FN:329,(anonymous_20)
FN:333,(anonymous_21)
FN:334,(anonymous_22)
FN:338,(anonymous_23)
FN:357,(anonymous_24)
FN:364,(anonymous_25)
FN:366,(anonymous_26)
FN:371,(anonymous_27)
FN:372,(anonymous_28)
FN:379,(anonymous_29)
FN:380,(anonymous_30)
FN:386,(anonymous_31)
FN:388,(anonymous_32)
FN:391,(anonymous_33)
FN:393,(anonymous_34)
FN:396,(anonymous_35)
FN:456,(anonymous_36)
FN:486,(anonymous_37)
FN:504,(anonymous_38)
FN:509,(anonymous_39)
FN:515,(anonymous_40)
FN:593,(anonymous_41)
FN:594,(anonymous_42)
FN:617,(anonymous_43)
FN:618,(anonymous_44)
FN:630,(anonymous_45)
FN:637,(anonymous_46)
FN:639,(anonymous_47)
FN:650,(anonymous_48)
FN:703,(anonymous_49)
FN:707,(anonymous_50)
FN:709,(anonymous_51)
FN:713,(anonymous_52)
FN:722,(anonymous_53)
FN:725,(anonymous_54)
FNF:55
FNH:20
FNDA:2,formatVnd
FNDA:2,pad2
FNDA:2,formatDateLabel
FNDA:0,toISODate
FNDA:2,mondayIndex
FNDA:2,buildCalendarMatrix
FNDA:2,Segmented
FNDA:0,(anonymous_7)
FNDA:0,(anonymous_8)
FNDA:2,Keypad
FNDA:18,(anonymous_10)
FNDA:0,(anonymous_11)
FNDA:0,(anonymous_12)
FNDA:6,CategoryPill
FNDA:4,AddTransactionScreen
FNDA:2,(anonymous_15)
FNDA:2,(anonymous_16)
FNDA:2,(anonymous_17)
FNDA:2,(anonymous_18)
FNDA:2,(anonymous_19)
FNDA:2,(anonymous_20)
FNDA:2,(anonymous_21)
FNDA:2,(anonymous_22)
FNDA:0,(anonymous_23)
FNDA:0,(anonymous_24)
FNDA:0,(anonymous_25)
FNDA:0,(anonymous_26)
FNDA:0,(anonymous_27)
FNDA:0,(anonymous_28)
FNDA:0,(anonymous_29)
FNDA:0,(anonymous_30)
FNDA:0,(anonymous_31)
FNDA:0,(anonymous_32)
FNDA:0,(anonymous_33)
FNDA:0,(anonymous_34)
FNDA:0,(anonymous_35)
FNDA:0,(anonymous_36)
FNDA:0,(anonymous_37)
FNDA:6,(anonymous_38)
FNDA:0,(anonymous_39)
FNDA:0,(anonymous_40)
FNDA:0,(anonymous_41)
FNDA:0,(anonymous_42)
FNDA:0,(anonymous_43)
FNDA:0,(anonymous_44)
FNDA:0,(anonymous_45)
FNDA:0,(anonymous_46)
FNDA:0,(anonymous_47)
FNDA:0,(anonymous_48)
FNDA:0,(anonymous_49)
FNDA:0,(anonymous_50)
FNDA:0,(anonymous_51)
FNDA:0,(anonymous_52)
FNDA:24,(anonymous_53)
FNDA:0,(anonymous_54)
DA:35,1
DA:53,1
DA:103,2
DA:104,2
DA:105,2
DA:109,2
DA:113,2
DA:114,2
DA:115,2
DA:116,2
DA:120,0
DA:121,0
DA:122,0
DA:123,0
DA:127,2
DA:131,2
DA:132,2
DA:133,2
DA:135,2
DA:136,6
DA:137,62
DA:138,2
DA:140,2
DA:141,10
DA:142,2
DA:152,2
DA:155,0
DA:171,0
DA:197,2
DA:198,2
DA:209,2
DA:213,18
DA:221,0
DA:251,6
DA:274,4
DA:276,4
DA:277,4
DA:279,4
DA:280,4
DA:282,4
DA:283,4
DA:285,4
DA:286,4
DA:290,4
DA:292,4
DA:293,2
DA:298,4
DA:299,4
DA:302,4
DA:305,4
DA:306,2
DA:307,2
DA:308,2
DA:309,2
DA:310,0
DA:311,0
DA:314,2
DA:315,2
DA:317,0
DA:319,2
DA:325,4
DA:326,2
DA:329,4
DA:330,2
DA:333,4
DA:334,2
DA:338,4
DA:339,0
DA:354,0
DA:356,0
DA:357,0
DA:360,0
DA:364,4
DA:365,0
DA:366,0
DA:368,0
DA:371,4
DA:372,0
DA:373,0
DA:374,0
DA:375,0
DA:379,4
DA:380,0
DA:381,0
DA:382,0
DA:386,4
DA:387,0
DA:388,0
DA:391,4
DA:392,0
DA:393,0
DA:396,4
DA:397,0
DA:399,0
DA:400,0
DA:401,0
DA:402,0
DA:403,0
DA:406,0
DA:408,0
DA:409,0
DA:410,0
DA:411,0
DA:413,0
DA:414,0
DA:415,0
DA:418,0
DA:422,0
DA:423,0
DA:424,0
DA:425,0
DA:429,0
DA:431,0
DA:432,0
DA:433,0
DA:434,0
DA:437,0
DA:447,0
DA:448,0
DA:450,0
DA:452,0
DA:456,4
DA:457,0
DA:458,0
DA:459,0
DA:462,0
DA:463,0
DA:467,4
DA:468,2
DA:479,2
DA:486,0
DA:505,6
DA:509,0
DA:516,0
DA:517,0
DA:594,0
DA:595,0
DA:596,0
DA:618,0
DA:619,0
DA:620,0
DA:631,0
DA:638,0
DA:641,0
DA:646,0
DA:651,0
DA:703,0
DA:707,0
DA:713,0
DA:723,24
DA:726,0
DA:727,0
DA:752,1
DA:763,1
LF:154
LH:71
BRDA:103,0,0,2
BRDA:103,0,1,0
BRDA:158,1,0,2
BRDA:158,1,1,0
BRDA:164,2,0,2
BRDA:164,2,1,0
BRDA:174,3,0,2
BRDA:174,3,1,2
BRDA:180,4,0,2
BRDA:180,4,1,2
BRDA:215,5,0,18
BRDA:215,5,1,2
BRDA:254,6,0,6
BRDA:254,6,1,2
BRDA:256,7,0,6
BRDA:256,7,1,2
BRDA:264,8,0,6
BRDA:264,8,1,2
BRDA:309,9,0,0
BRDA:309,9,1,2
BRDA:317,10,0,0
BRDA:317,10,1,0
BRDA:326,11,0,2
BRDA:326,11,1,0
BRDA:330,12,0,2
BRDA:330,12,1,0
BRDA:354,13,0,0
BRDA:354,13,1,0
BRDA:357,14,0,0
BRDA:357,14,1,0
BRDA:360,15,0,0
BRDA:360,15,1,0
BRDA:366,16,0,0
BRDA:366,16,1,0
BRDA:368,17,0,0
BRDA:368,17,1,0
BRDA:373,18,0,0
BRDA:373,18,1,0
BRDA:375,19,0,0
BRDA:375,19,1,0
BRDA:381,20,0,0
BRDA:381,20,1,0
BRDA:388,21,0,0
BRDA:388,21,1,0
BRDA:393,22,0,0
BRDA:393,22,1,0
BRDA:397,23,0,0
BRDA:397,23,1,0
BRDA:401,24,0,0
BRDA:401,24,1,0
BRDA:408,25,0,0
BRDA:408,25,1,0
BRDA:409,26,0,0
BRDA:409,26,1,0
BRDA:414,27,0,0
BRDA:414,27,1,0
BRDA:423,28,0,0
BRDA:423,28,1,0
BRDA:432,29,0,0
BRDA:432,29,1,0
BRDA:441,30,0,0
BRDA:441,30,1,0
BRDA:450,31,0,0
BRDA:450,31,1,0
BRDA:462,32,0,0
BRDA:462,32,1,0
BRDA:467,33,0,2
BRDA:467,33,1,2
BRDA:499,34,0,2
BRDA:499,34,1,2
BRDA:513,35,0,2
BRDA:513,35,1,0
BRDA:529,36,0,2
BRDA:529,36,1,0
BRDA:551,37,0,0
BRDA:551,37,1,2
BRDA:571,38,0,0
BRDA:571,38,1,2
BRDA:589,39,0,0
BRDA:589,39,1,2
BRDA:641,40,0,0
BRDA:641,40,1,0
BRDA:641,40,2,0
BRDA:641,40,3,0
BRDA:649,41,0,0
BRDA:649,41,1,0
BRDA:657,42,0,0
BRDA:657,42,1,0
BRDA:658,43,0,0
BRDA:658,43,1,0
BRDA:664,44,0,0
BRDA:664,44,1,0
BRDA:665,45,0,0
BRDA:665,45,1,0
BRDA:668,46,0,0
BRDA:668,46,1,0
BRDA:686,47,0,2
BRDA:686,47,1,0
BRDA:689,48,0,0
BRDA:689,48,1,2
BRDA:698,49,0,2
BRDA:698,49,1,2
BRDA:983,50,0,0
BRDA:983,50,1,1
BRF:104
BRH:32
end_of_record
TN:
SF:src\screens\BudgetCategoryDetailScreen.tsx
FN:35,money
FN:42,formatTime
FN:49,formatDateLabel
FN:56,getCurrentMonth
FN:74,TxRow
FN:99,BudgetCategoryDetailScreen
FN:133,(anonymous_6)
FN:149,(anonymous_7)
FN:154,(anonymous_8)
FN:168,(anonymous_9)
FN:173,(anonymous_10)
FN:180,(anonymous_11)
FN:190,(anonymous_12)
FN:196,(anonymous_13)
FN:197,(anonymous_14)
FN:200,(anonymous_15)
FN:201,(anonymous_16)
FN:205,(anonymous_17)
FN:214,(anonymous_18)
FN:217,(anonymous_19)
FN:236,(anonymous_20)
FN:237,(anonymous_21)
FN:243,(anonymous_22)
FN:274,(anonymous_23)
FN:285,(anonymous_24)
FN:369,(anonymous_25)
FN:375,(anonymous_26)
FN:383,(anonymous_27)
FN:398,(anonymous_28)
FNF:29
FNH:7
FNDA:6,money
FNDA:0,formatTime
FNDA:0,formatDateLabel
FNDA:2,getCurrentMonth
FNDA:0,TxRow
FNDA:4,BudgetCategoryDetailScreen
FNDA:2,(anonymous_6)
FNDA:0,(anonymous_7)
FNDA:0,(anonymous_8)
FNDA:2,(anonymous_9)
FNDA:0,(anonymous_10)
FNDA:0,(anonymous_11)
FNDA:0,(anonymous_12)
FNDA:0,(anonymous_13)
FNDA:0,(anonymous_14)
FNDA:0,(anonymous_15)
FNDA:0,(anonymous_16)
FNDA:2,(anonymous_17)
FNDA:4,(anonymous_18)
FNDA:0,(anonymous_19)
FNDA:0,(anonymous_20)
FNDA:0,(anonymous_21)
FNDA:0,(anonymous_22)
FNDA:0,(anonymous_23)
FNDA:0,(anonymous_24)
FNDA:0,(anonymous_25)
FNDA:0,(anonymous_26)
FNDA:0,(anonymous_27)
FNDA:0,(anonymous_28)
DA:36,6
DA:43,0
DA:44,0
DA:45,0
DA:46,0
DA:50,0
DA:51,0
DA:52,0
DA:53,0
DA:57,2
DA:58,2
DA:59,2
DA:60,2
DA:63,1
DA:75,0
DA:76,0
DA:77,0
DA:79,0
DA:101,4
DA:103,4
DA:106,4
DA:107,4
DA:109,4
DA:110,4
DA:112,4
DA:113,4
DA:115,4
DA:118,4
DA:133,4
DA:134,2
DA:135,2
DA:136,2
DA:137,0
DA:138,0
DA:141,2
DA:142,2
DA:148,2
DA:149,2
DA:150,0
DA:154,2
DA:155,0
DA:158,2
DA:159,2
DA:161,0
DA:163,2
DA:164,2
DA:168,4
DA:169,2
DA:172,4
DA:174,0
DA:175,0
DA:180,4
DA:181,0
DA:182,0
DA:186,4
DA:187,4
DA:188,4
DA:190,4
DA:191,0
DA:192,0
DA:195,4
DA:196,0
DA:197,0
DA:199,4
DA:200,0
DA:201,0
DA:203,4
DA:205,4
DA:206,2
DA:207,0
DA:214,4
DA:215,4
DA:217,4
DA:218,0
DA:219,0
DA:223,0
DA:228,0
DA:229,0
DA:231,0
DA:235,4
DA:236,0
DA:238,0
DA:239,0
DA:243,0
DA:248,4
DA:251,4
DA:252,2
DA:263,2
DA:274,0
DA:285,0
DA:370,0
DA:376,0
DA:384,0
DA:398,0
DA:404,1
LF:95
LH:51
BRDA:77,0,0,0
BRDA:77,0,1,0
BRDA:86,1,0,0
BRDA:86,1,1,0
BRDA:106,2,0,4
BRDA:106,2,1,0
BRDA:107,3,0,4
BRDA:107,3,1,0
BRDA:136,4,0,0
BRDA:136,4,1,2
BRDA:148,5,0,2
BRDA:148,5,1,0
BRDA:159,6,0,0
BRDA:159,6,1,2
BRDA:161,7,0,0
BRDA:161,7,1,0
BRDA:174,8,0,0
BRDA:174,8,1,0
BRDA:192,9,0,0
BRDA:192,9,1,0
BRDA:203,10,0,0
BRDA:203,10,1,4
BRDA:206,11,0,2
BRDA:206,11,1,0
BRDA:228,12,0,0
BRDA:228,12,1,0
BRDA:251,13,0,2
BRDA:251,13,1,2
BRDA:357,14,0,2
BRDA:357,14,1,2
BRDA:364,15,0,2
BRDA:364,15,1,0
BRDA:370,16,0,0
BRDA:370,16,1,0
BRDA:371,17,0,0
BRDA:371,17,1,0
BRF:36
BRH:12
end_of_record
TN:
SF:src\screens\BudgetCategoryFormScreen.tsx
FN:36,getCurrentMonth
FN:43,BudgetCategoryFormScreen
FN:50,(anonymous_2)
FN:77,(anonymous_3)
FN:78,(anonymous_4)
FN:96,(anonymous_5)
FN:112,(anonymous_6)
FN:166,(anonymous_7)
FN:177,(anonymous_8)
FN:221,(anonymous_9)
FNF:10
FNH:4
FNDA:0,getCurrentMonth
FNDA:2,BudgetCategoryFormScreen
FNDA:2,(anonymous_2)
FNDA:2,(anonymous_3)
FNDA:2,(anonymous_4)
FNDA:0,(anonymous_5)
FNDA:0,(anonymous_6)
FNDA:0,(anonymous_7)
FNDA:0,(anonymous_8)
FNDA:0,(anonymous_9)
DA:25,1
DA:37,0
DA:38,0
DA:39,0
DA:40,0
DA:45,2
DA:46,2
DA:48,2
DA:49,2
DA:50,2
DA:54,2
DA:55,2
DA:57,2
DA:58,2
DA:59,2
DA:62,2
DA:77,2
DA:78,2
DA:79,2
DA:80,2
DA:81,2
DA:82,0
DA:83,0
DA:86,2
DA:87,0
DA:89,2
DA:91,2
DA:96,2
DA:97,0
DA:99,0
DA:100,0
DA:101,0
DA:103,0
DA:104,0
DA:105,0
DA:108,0
DA:111,0
DA:112,0
DA:115,0
DA:116,0
DA:117,0
DA:120,0
DA:122,0
DA:123,0
DA:124,0
DA:125,0
DA:128,0
DA:137,0
DA:138,0
DA:140,0
DA:142,0
DA:146,2
DA:147,2
DA:158,0
DA:166,0
DA:177,0
DA:221,0
DA:227,1
LF:58
LH:24
BRDA:50,0,0,2
BRDA:50,0,1,0
BRDA:81,1,0,0
BRDA:81,1,1,2
BRDA:89,2,0,2
BRDA:89,2,1,0
BRDA:97,3,0,0
BRDA:97,3,1,0
BRDA:103,4,0,0
BRDA:103,4,1,0
BRDA:103,5,0,0
BRDA:103,5,1,0
BRDA:108,6,0,0
BRDA:108,6,1,0
BRDA:108,7,0,0
BRDA:108,7,1,0
BRDA:109,8,0,0
BRDA:109,8,1,0
BRDA:112,9,0,0
BRDA:112,9,1,0
BRDA:115,10,0,0
BRDA:115,10,1,0
BRDA:123,11,0,0
BRDA:123,11,1,0
BRDA:140,12,0,0
BRDA:140,12,1,0
BRDA:146,13,0,2
BRDA:146,13,1,0
BRDA:201,14,0,0
BRDA:201,14,1,0
BRDA:206,15,0,0
BRDA:206,15,1,0
BRDA:209,16,0,0
BRDA:209,16,1,0
BRF:34
BRH:4
end_of_record
TN:
SF:src\screens\BudgetScreen.tsx
FN:35,money
FN:42,getCurrentMonth
FN:49,CategoryTile
FN:68,MoreTile
FN:80,BudgetScreen
FN:99,(anonymous_5)
FN:123,(anonymous_6)
FN:128,(anonymous_7)
FN:135,(anonymous_8)
FN:145,(anonymous_9)
FN:151,(anonymous_10)
FN:152,(anonymous_11)
FN:155,(anonymous_12)
FN:156,(anonymous_13)
FN:159,(anonymous_14)
FN:161,(anonymous_15)
FN:169,(anonymous_16)
FN:174,(anonymous_17)
FN:191,(anonymous_18)
FN:212,(anonymous_19)
FN:250,(anonymous_20)
FN:261,(anonymous_21)
FN:334,(anonymous_22)
FN:338,(anonymous_23)
FN:347,(anonymous_24)
FN:363,(anonymous_25)
FN:367,(anonymous_26)
FN:369,(anonymous_27)
FN:387,(anonymous_28)
FN:401,(anonymous_29)
FN:405,(anonymous_30)
FN:407,(anonymous_31)
FN:426,(anonymous_32)
FN:436,(anonymous_33)
FNF:34
FNH:9
FNDA:6,money
FNDA:2,getCurrentMonth
FNDA:24,CategoryTile
FNDA:2,MoreTile
FNDA:4,BudgetScreen
FNDA:2,(anonymous_5)
FNDA:2,(anonymous_6)
FNDA:0,(anonymous_7)
FNDA:0,(anonymous_8)
FNDA:0,(anonymous_9)
FNDA:0,(anonymous_10)
FNDA:0,(anonymous_11)
FNDA:0,(anonymous_12)
FNDA:0,(anonymous_13)
FNDA:0,(anonymous_14)
FNDA:2,(anonymous_15)
FNDA:0,(anonymous_16)
FNDA:0,(anonymous_17)
FNDA:0,(anonymous_18)
FNDA:0,(anonymous_19)
FNDA:0,(anonymous_20)
FNDA:0,(anonymous_21)
FNDA:24,(anonymous_22)
FNDA:0,(anonymous_23)
FNDA:0,(anonymous_24)
FNDA:0,(anonymous_25)
FNDA:0,(anonymous_26)
FNDA:0,(anonymous_27)
FNDA:0,(anonymous_28)
FNDA:0,(anonymous_29)
FNDA:0,(anonymous_30)
FNDA:0,(anonymous_31)
FNDA:0,(anonymous_32)
FNDA:0,(anonymous_33)
DA:33,1
DA:36,6
DA:43,2
DA:44,2
DA:45,2
DA:46,2
DA:56,24
DA:69,2
DA:70,0
DA:82,4
DA:84,4
DA:85,4
DA:87,4
DA:88,4
DA:90,4
DA:91,4
DA:92,4
DA:94,4
DA:95,4
DA:97,4
DA:99,4
DA:100,2
DA:101,2
DA:102,2
DA:103,0
DA:104,0
DA:107,2
DA:108,2
DA:113,2
DA:114,2
DA:116,0
DA:118,2
DA:119,2
DA:123,4
DA:124,2
DA:127,4
DA:129,0
DA:130,0
DA:135,4
DA:136,0
DA:137,0
DA:141,4
DA:142,4
DA:143,4
DA:145,4
DA:146,0
DA:147,0
DA:150,4
DA:151,0
DA:152,0
DA:154,4
DA:155,0
DA:156,0
DA:159,4
DA:161,4
DA:162,2
DA:163,0
DA:169,4
DA:170,0
DA:171,0
DA:174,4
DA:175,0
DA:176,0
DA:177,0
DA:178,0
DA:179,0
DA:180,0
DA:183,0
DA:184,0
DA:185,0
DA:186,0
DA:191,0
DA:192,0
DA:194,0
DA:195,0
DA:196,0
DA:199,0
DA:204,0
DA:205,0
DA:206,0
DA:208,0
DA:212,4
DA:213,0
DA:215,0
DA:216,0
DA:222,0
DA:223,0
DA:224,0
DA:227,4
DA:228,2
DA:239,2
DA:250,0
DA:261,0
DA:335,24
DA:339,0
DA:347,0
DA:363,0
DA:367,0
DA:387,0
DA:401,0
DA:405,0
DA:426,0
DA:436,0
DA:443,1
DA:454,1
LF:105
LH:51
BRDA:102,0,0,0
BRDA:102,0,1,2
BRDA:116,1,0,0
BRDA:116,1,1,0
BRDA:129,2,0,0
BRDA:129,2,1,0
BRDA:147,3,0,0
BRDA:147,3,1,0
BRDA:162,4,0,2
BRDA:162,4,1,0
BRDA:178,5,0,0
BRDA:178,5,1,0
BRDA:178,6,0,0
BRDA:178,6,1,0
BRDA:184,7,0,0
BRDA:184,7,1,0
BRDA:192,8,0,0
BRDA:192,8,1,0
BRDA:194,9,0,0
BRDA:194,9,1,0
BRDA:208,10,0,0
BRDA:208,10,1,0
BRDA:213,11,0,0
BRDA:213,11,1,0
BRDA:227,12,0,2
BRDA:227,12,1,2
BRF:26
BRH:4
end_of_record
TN:
SF:src\screens\EditProfileScreen.tsx
FN:26,EditProfileScreen
FN:39,(anonymous_1)
FN:40,(anonymous_2)
FN:66,(anonymous_3)
FN:122,(anonymous_4)
FN:136,(anonymous_5)
FNF:6
FNH:3
FNDA:4,EditProfileScreen
FNDA:2,(anonymous_1)
FNDA:2,(anonymous_2)
FNDA:0,(anonymous_3)
FNDA:0,(anonymous_4)
FNDA:0,(anonymous_5)
DA:24,1
DA:28,4
DA:30,4
DA:31,4
DA:33,4
DA:34,4
DA:35,4
DA:36,4
DA:37,4
DA:39,4
DA:40,2
DA:41,2
DA:42,2
DA:43,2
DA:44,0
DA:45,0
DA:48,2
DA:49,2
DA:50,2
DA:51,2
DA:52,2
DA:57,2
DA:59,0
DA:61,2
DA:66,4
DA:67,0
DA:69,0
DA:70,0
DA:71,0
DA:72,0
DA:75,0
DA:77,0
DA:78,0
DA:79,0
DA:80,0
DA:83,0
DA:93,0
DA:94,0
DA:96,0
DA:98,0
DA:102,4
DA:103,2
DA:114,2
DA:122,0
DA:137,0
DA:270,1
DA:281,1
LF:47
LH:27
BRDA:43,0,0,0
BRDA:43,0,1,2
BRDA:51,1,0,2
BRDA:51,1,1,0
BRDA:53,2,0,2
BRDA:53,2,1,0
BRDA:57,3,0,2
BRDA:57,3,1,0
BRDA:59,4,0,0
BRDA:59,4,1,0
BRDA:67,5,0,0
BRDA:67,5,1,0
BRDA:70,6,0,0
BRDA:70,6,1,0
BRDA:78,7,0,0
BRDA:78,7,1,0
BRDA:86,8,0,0
BRDA:86,8,1,0
BRDA:87,9,0,0
BRDA:87,9,1,0
BRDA:88,10,0,0
BRDA:88,10,1,0
BRDA:96,11,0,0
BRDA:96,11,1,0
BRDA:102,12,0,2
BRDA:102,12,1,2
BRDA:245,13,0,2
BRDA:245,13,1,0
BRDA:248,14,0,0
BRDA:248,14,1,2
BRF:30
BRH:8
end_of_record
TN:
SF:src\screens\HomeScreen.tsx
FN:23,money
FN:30,Stat
FN:47,CategoryRow
FN:82,HomeScreen
FN:91,(anonymous_4)
FN:110,(anonymous_5)
FN:116,(anonymous_6)
FN:123,(anonymous_7)
FN:133,(anonymous_8)
FN:139,(anonymous_9)
FN:140,(anonymous_10)
FN:143,(anonymous_11)
FN:144,(anonymous_12)
FN:153,(anonymous_13)
FN:154,(anonymous_14)
FN:168,(anonymous_15)
FN:207,(anonymous_16)
FN:256,(anonymous_17)
FN:267,(anonymous_18)
FN:294,(anonymous_19)
FNF:20
FNH:6
FNDA:6,money
FNDA:4,Stat
FNDA:0,CategoryRow
FNDA:4,HomeScreen
FNDA:2,(anonymous_4)
FNDA:2,(anonymous_5)
FNDA:0,(anonymous_6)
FNDA:0,(anonymous_7)
FNDA:0,(anonymous_8)
FNDA:0,(anonymous_9)
FNDA:0,(anonymous_10)
FNDA:0,(anonymous_11)
FNDA:0,(anonymous_12)
FNDA:0,(anonymous_13)
FNDA:0,(anonymous_14)
FNDA:0,(anonymous_15)
FNDA:0,(anonymous_16)
FNDA:12,(anonymous_17)
FNDA:0,(anonymous_18)
FNDA:0,(anonymous_19)
DA:24,6
DA:39,4
DA:60,0
DA:84,4
DA:86,4
DA:87,4
DA:88,4
DA:89,4
DA:91,4
DA:92,2
DA:93,2
DA:94,2
DA:95,0
DA:96,0
DA:99,2
DA:100,2
DA:102,0
DA:104,2
DA:105,2
DA:110,4
DA:111,2
DA:115,4
DA:117,0
DA:118,0
DA:123,4
DA:124,0
DA:125,0
DA:129,4
DA:130,4
DA:131,4
DA:133,4
DA:134,0
DA:135,0
DA:138,4
DA:139,0
DA:140,0
DA:142,4
DA:143,0
DA:144,0
DA:147,4
DA:152,4
DA:153,0
DA:155,0
DA:156,0
DA:162,0
DA:163,0
DA:164,0
DA:167,4
DA:168,0
DA:172,4
DA:181,4
DA:182,2
DA:193,2
DA:207,0
DA:257,12
DA:269,0
DA:270,0
DA:272,0
DA:294,0
DA:300,1
LF:60
LH:34
BRDA:94,0,0,0
BRDA:94,0,1,2
BRDA:102,1,0,0
BRDA:102,1,1,0
BRDA:117,2,0,0
BRDA:117,2,1,0
BRDA:135,3,0,0
BRDA:135,3,1,0
BRDA:156,4,0,0
BRDA:156,4,1,0
BRDA:181,5,0,2
BRDA:181,5,1,2
BRDA:266,6,0,0
BRDA:266,6,1,2
BRDA:269,7,0,0
BRDA:269,7,1,0
BRF:16
BRH:4
end_of_record
TN:
SF:src\screens\LoginScreen.tsx
FN:24,BackgroundDecor
FN:41,Segmented
FN:52,(anonymous_2)
FN:70,(anonymous_3)
FN:89,LabeledInput
FN:126,SocialButton
FN:144,LoginScreen
FN:148,(anonymous_7)
FN:158,(anonymous_8)
FN:162,(anonymous_9)
FN:234,(anonymous_10)
FN:234,(anonymous_11)
FN:245,(anonymous_12)
FN:245,(anonymous_13)
FN:256,(anonymous_14)
FN:281,(anonymous_15)
FN:285,(anonymous_16)
FN:289,(anonymous_17)
FN:293,(anonymous_18)
FNF:19
FNH:6
FNDA:1,BackgroundDecor
FNDA:1,Segmented
FNDA:0,(anonymous_2)
FNDA:0,(anonymous_3)
FNDA:2,LabeledInput
FNDA:4,SocialButton
FNDA:1,LoginScreen
FNDA:1,(anonymous_7)
FNDA:0,(anonymous_8)
FNDA:0,(anonymous_9)
FNDA:0,(anonymous_10)
FNDA:0,(anonymous_11)
FNDA:0,(anonymous_12)
FNDA:0,(anonymous_13)
FNDA:0,(anonymous_14)
FNDA:0,(anonymous_15)
FNDA:0,(anonymous_16)
FNDA:0,(anonymous_17)
FNDA:0,(anonymous_18)
DA:25,1
DA:48,1
DA:52,0
DA:70,0
DA:106,2
DA:133,4
DA:146,1
DA:147,1
DA:148,1
DA:150,1
DA:151,1
DA:152,1
DA:153,1
DA:154,1
DA:156,1
DA:158,1
DA:159,0
DA:162,1
DA:163,0
DA:165,0
DA:166,0
DA:167,0
DA:168,0
DA:169,0
DA:171,0
DA:172,0
DA:173,0
DA:176,0
DA:178,0
DA:183,0
DA:188,0
DA:189,0
DA:191,0
DA:193,0
DA:197,1
DA:234,0
DA:245,0
DA:303,1
LF:38
LH:17
BRDA:55,0,0,1
BRDA:55,0,1,1
BRDA:61,1,0,1
BRDA:61,1,1,1
BRDA:73,2,0,1
BRDA:73,2,1,0
BRDA:79,3,0,1
BRDA:79,3,1,0
BRDA:120,4,0,1
BRDA:120,4,1,1
BRDA:159,5,0,0
BRDA:159,5,1,0
BRDA:163,6,0,0
BRDA:163,6,1,0
BRDA:167,7,0,0
BRDA:167,7,1,0
BRDA:171,8,0,0
BRDA:171,8,1,0
BRDA:191,9,0,0
BRDA:191,9,1,0
BRDA:203,10,0,1
BRDA:203,10,1,0
BRDA:237,11,0,0
BRDA:237,11,1,1
BRDA:249,12,0,1
BRDA:249,12,1,0
BRDA:251,13,0,0
BRDA:251,13,1,1
BRDA:263,14,0,1
BRDA:263,14,1,0
BRDA:268,15,0,0
BRDA:268,15,1,1
BRF:32
BRH:14
end_of_record
TN:
SF:src\screens\OnboardingScreen.tsx
FN:38,SlideVisual
FN:56,OnboardingScreen
FN:65,(anonymous_2)
FN:75,(anonymous_3)
FN:84,(anonymous_4)
FNF:5
FNH:0
FNDA:0,SlideVisual
FNDA:0,OnboardingScreen
FNDA:0,(anonymous_2)
FNDA:0,(anonymous_3)
FNDA:0,(anonymous_4)
DA:26,0
DA:39,0
DA:40,0
DA:47,0
DA:58,0
DA:59,0
DA:60,0
DA:61,0
DA:63,0
DA:65,0
DA:66,0
DA:67,0
DA:68,0
DA:70,0
DA:72,0
DA:75,0
DA:76,0
DA:77,0
DA:84,0
DA:85,0
DA:86,0
DA:87,0
DA:89,0
DA:92,0
DA:130,0
LF:25
LH:0
BRDA:39,0,0,0
BRDA:39,0,1,0
BRDA:70,1,0,0
BRDA:70,1,1,0
BRDA:85,2,0,0
BRDA:85,2,1,0
BRDA:121,3,0,0
BRDA:121,3,1,0
BRDA:145,4,0,0
BRDA:145,4,1,0
BRDA:198,5,0,0
BRDA:198,5,1,0
BRF:12
BRH:0
end_of_record
TN:
SF:src\screens\ProfileScreen.tsx
FN:37,money
FN:44,SettingRow
FN:76,NotificationModal
FN:113,ProfileScreen
FN:128,(anonymous_4)
FN:144,(anonymous_5)
FN:145,(anonymous_6)
FN:148,(anonymous_7)
FN:149,(anonymous_8)
FN:164,(anonymous_9)
FN:169,(anonymous_10)
FN:176,(anonymous_11)
FN:181,(anonymous_12)
FN:252,(anonymous_13)
FN:262,(anonymous_14)
FN:277,(anonymous_15)
FN:315,(anonymous_16)
FN:322,(anonymous_17)
FN:329,(anonymous_18)
FN:338,(anonymous_19)
FN:347,(anonymous_20)
FN:356,(anonymous_21)
FN:380,(anonymous_22)
FNF:23
FNH:7
FNDA:8,money
FNDA:12,SettingRow
FNDA:2,NotificationModal
FNDA:4,ProfileScreen
FNDA:2,(anonymous_4)
FNDA:0,(anonymous_5)
FNDA:0,(anonymous_6)
FNDA:0,(anonymous_7)
FNDA:0,(anonymous_8)
FNDA:2,(anonymous_9)
FNDA:0,(anonymous_10)
FNDA:0,(anonymous_11)
FNDA:0,(anonymous_12)
FNDA:0,(anonymous_13)
FNDA:0,(anonymous_14)
FNDA:6,(anonymous_15)
FNDA:0,(anonymous_16)
FNDA:0,(anonymous_17)
FNDA:0,(anonymous_18)
FNDA:0,(anonymous_19)
FNDA:0,(anonymous_20)
FNDA:0,(anonymous_21)
FNDA:0,(anonymous_22)
DA:26,1
DA:38,8
DA:57,12
DA:59,12
DA:83,2
DA:115,4
DA:117,4
DA:118,4
DA:119,4
DA:121,4
DA:122,4
DA:128,4
DA:129,2
DA:130,2
DA:131,2
DA:132,0
DA:133,0
DA:136,2
DA:141,2
DA:143,2
DA:144,0
DA:145,0
DA:147,2
DA:148,0
DA:149,0
DA:151,2
DA:157,0
DA:159,2
DA:160,2
DA:164,4
DA:165,2
DA:168,4
DA:170,0
DA:171,0
DA:176,4
DA:177,0
DA:178,0
DA:181,4
DA:182,0
DA:183,0
DA:184,0
DA:190,4
DA:217,4
DA:218,2
DA:229,2
DA:252,0
DA:262,0
DA:279,6
DA:285,6
DA:315,0
DA:322,0
DA:330,0
DA:339,0
DA:348,0
DA:357,0
DA:380,0
DA:386,1
DA:397,1
LF:58
LH:35
BRDA:46,0,0,4
BRDA:57,1,0,8
BRDA:57,1,1,4
BRDA:69,2,0,4
BRDA:69,2,1,8
BRDA:131,3,0,0
BRDA:131,3,1,2
BRDA:157,4,0,0
BRDA:157,4,1,0
BRDA:170,5,0,0
BRDA:170,5,1,0
BRDA:217,6,0,2
BRDA:217,6,1,2
BRDA:247,7,0,2
BRDA:247,7,1,0
BRDA:258,8,0,2
BRDA:258,8,1,0
BRDA:259,9,0,2
BRDA:259,9,1,0
BRDA:279,10,0,6
BRDA:279,10,1,0
BRDA:281,11,0,0
BRDA:281,11,1,0
BRF:23
BRH:12
end_of_record
TN:
SF:src\screens\ReportScreen.tsx
FN:36,animateNext
FN:40,getCurrentMonth
FN:47,getWeekDates
FN:63,getMonthWeeks
FN:100,Segmented
FN:110,(anonymous_5)
FN:130,(anonymous_6)
FN:152,ProgressRing
FN:199,BudgetStatus
FN:225,BarChart
FN:236,(anonymous_10)
FN:257,(anonymous_11)
FN:263,(anonymous_12)
FN:302,ReportItem
FN:343,ReportScreen
FN:356,(anonymous_15)
FN:380,(anonymous_16)
FN:385,(anonymous_17)
FN:392,(anonymous_18)
FN:398,(anonymous_19)
FN:401,(anonymous_20)
FN:402,(anonymous_21)
FN:410,(anonymous_22)
FN:427,(anonymous_23)
FN:428,(anonymous_24)
FN:437,(anonymous_25)
FN:453,(anonymous_26)
FN:454,(anonymous_27)
FN:462,(anonymous_28)
FN:463,(anonymous_29)
FN:481,(anonymous_30)
FN:492,(anonymous_31)
FN:496,(anonymous_32)
FN:499,(anonymous_33)
FN:508,(anonymous_34)
FN:509,(anonymous_35)
FN:522,(anonymous_36)
FN:523,(anonymous_37)
FN:568,(anonymous_38)
FN:580,(anonymous_39)
FN:612,(anonymous_40)
FN:620,(anonymous_41)
FN:662,(anonymous_42)
FNF:43
FNH:11
FNDA:0,animateNext
FNDA:2,getCurrentMonth
FNDA:2,getWeekDates
FNDA:0,getMonthWeeks
FNDA:0,Segmented
FNDA:0,(anonymous_5)
FNDA:0,(anonymous_6)
FNDA:0,ProgressRing
FNDA:0,BudgetStatus
FNDA:0,BarChart
FNDA:0,(anonymous_10)
FNDA:0,(anonymous_11)
FNDA:0,(anonymous_12)
FNDA:0,ReportItem
FNDA:2,ReportScreen
FNDA:2,(anonymous_15)
FNDA:2,(anonymous_16)
FNDA:0,(anonymous_17)
FNDA:0,(anonymous_18)
FNDA:2,(anonymous_19)
FNDA:14,(anonymous_20)
FNDA:0,(anonymous_21)
FNDA:0,(anonymous_22)
FNDA:0,(anonymous_23)
FNDA:0,(anonymous_24)
FNDA:0,(anonymous_25)
FNDA:2,(anonymous_26)
FNDA:2,(anonymous_27)
FNDA:14,(anonymous_28)
FNDA:0,(anonymous_29)
FNDA:14,(anonymous_30)
FNDA:0,(anonymous_31)
FNDA:0,(anonymous_32)
FNDA:0,(anonymous_33)
FNDA:0,(anonymous_34)
FNDA:0,(anonymous_35)
FNDA:0,(anonymous_36)
FNDA:0,(anonymous_37)
FNDA:0,(anonymous_38)
FNDA:0,(anonymous_39)
FNDA:0,(anonymous_40)
FNDA:0,(anonymous_41)
FNDA:0,(anonymous_42)
DA:27,1
DA:31,0
DA:37,0
DA:41,2
DA:42,2
DA:43,2
DA:44,2
DA:48,2
DA:49,2
DA:50,2
DA:51,2
DA:52,2
DA:54,2
DA:55,2
DA:56,14
DA:57,14
DA:58,14
DA:60,2
DA:64,0
DA:65,0
DA:66,0
DA:68,0
DA:69,0
DA:71,0
DA:72,0
DA:73,0
DA:75,0
DA:76,0
DA:77,0
DA:79,0
DA:80,0
DA:86,0
DA:93,0
DA:94,0
DA:97,0
DA:107,0
DA:111,0
DA:112,0
DA:131,0
DA:132,0
DA:165,0
DA:166,0
DA:167,0
DA:168,0
DA:170,0
DA:200,0
DA:201,0
DA:236,0
DA:238,0
DA:258,0
DA:259,0
DA:260,0
DA:264,0
DA:265,0
DA:315,0
DA:345,2
DA:347,2
DA:348,2
DA:349,2
DA:351,2
DA:352,2
DA:354,2
DA:356,2
DA:357,2
DA:358,2
DA:359,2
DA:360,0
DA:361,0
DA:364,2
DA:365,2
DA:370,0
DA:371,0
DA:373,2
DA:375,2
DA:376,2
DA:380,2
DA:381,2
DA:384,2
DA:386,0
DA:387,0
DA:392,2
DA:393,0
DA:394,0
DA:398,2
DA:399,2
DA:400,2
DA:401,2
DA:402,14
DA:403,0
DA:404,0
DA:410,14
DA:411,14
DA:415,14
DA:423,2
DA:426,0
DA:427,0
DA:428,0
DA:429,0
DA:430,0
DA:437,0
DA:439,0
DA:447,0
DA:451,2
DA:453,2
DA:454,2
DA:455,0
DA:462,14
DA:463,2
DA:465,2
DA:467,2
DA:469,2
DA:477,2
DA:481,14
DA:482,2
DA:485,2
DA:491,2
DA:493,0
DA:494,0
DA:495,0
DA:496,0
DA:500,0
DA:501,0
DA:507,2
DA:508,0
DA:510,0
DA:511,0
DA:516,0
DA:517,0
DA:518,0
DA:521,2
DA:522,0
DA:523,0
DA:526,2
DA:544,2
DA:545,2
DA:556,0
DA:569,0
DA:580,0
DA:614,0
DA:616,0
DA:620,0
DA:621,0
DA:622,0
DA:624,0
DA:631,0
DA:633,0
DA:639,0
DA:662,0
DA:668,1
DA:679,1
LF:150
LH:65
BRDA:27,0,0,0
BRDA:27,0,1,1
BRDA:28,1,0,1
BRDA:28,1,1,0
BRDA:50,2,0,0
BRDA:50,2,1,2
BRDA:79,3,0,0
BRDA:79,3,1,0
BRDA:116,4,0,0
BRDA:116,4,1,0
BRDA:122,5,0,0
BRDA:122,5,1,0
BRDA:136,6,0,0
BRDA:136,6,1,0
BRDA:142,7,0,0
BRDA:142,7,1,0
BRDA:153,8,0,0
BRDA:154,9,0,0
BRDA:156,10,0,0
BRDA:157,11,0,0
BRDA:206,12,0,0
BRDA:206,12,1,0
BRDA:209,13,0,0
BRDA:209,13,1,0
BRDA:214,14,0,0
BRDA:214,14,1,0
BRDA:217,15,0,0
BRDA:217,15,1,0
BRDA:269,16,0,0
BRDA:269,16,1,0
BRDA:269,17,0,0
BRDA:269,17,1,0
BRDA:275,18,0,0
BRDA:275,18,1,0
BRDA:287,19,0,0
BRDA:287,19,1,0
BRDA:329,20,0,0
BRDA:329,20,1,0
BRDA:330,21,0,0
BRDA:330,21,1,0
BRDA:331,22,0,0
BRDA:331,22,1,0
BRDA:359,23,0,0
BRDA:359,23,1,2
BRDA:373,24,0,2
BRDA:373,24,1,0
BRDA:386,25,0,0
BRDA:386,25,1,0
BRDA:399,26,0,2
BRDA:399,26,1,0
BRDA:405,27,0,0
BRDA:405,27,1,0
BRDA:412,28,0,2
BRDA:412,28,1,12
BRDA:431,29,0,0
BRDA:431,29,1,0
BRDA:431,29,2,0
BRDA:451,30,0,2
BRDA:451,30,1,0
BRDA:454,31,0,0
BRDA:454,31,1,2
BRDA:454,32,0,2
BRDA:454,32,1,2
BRDA:456,33,0,0
BRDA:456,33,1,0
BRDA:465,34,0,0
BRDA:465,34,1,2
BRDA:469,35,0,2
BRDA:469,35,1,0
BRDA:477,36,0,2
BRDA:477,36,1,0
BRDA:491,37,0,2
BRDA:491,37,1,0
BRDA:502,38,0,0
BRDA:502,38,1,0
BRDA:511,39,0,0
BRDA:511,39,1,0
BRDA:544,40,0,2
BRDA:544,40,1,0
BRDA:569,41,0,0
BRDA:569,41,1,0
BRDA:611,42,0,0
BRDA:611,42,1,0
BRDA:614,43,0,0
BRDA:614,43,1,0
BRDA:616,44,0,0
BRDA:616,44,1,0
BRDA:621,45,0,0
BRDA:621,45,1,0
BRDA:622,46,0,0
BRDA:622,46,1,0
BRDA:624,47,0,0
BRDA:624,47,1,0
BRDA:626,48,0,0
BRDA:626,48,1,0
BRDA:631,49,0,0
BRDA:631,49,1,0
BRDA:633,50,0,0
BRDA:633,50,1,0
BRDA:635,51,0,0
BRDA:635,51,1,0
BRF:101
BRH:17
end_of_record
TN:
SF:src\screens\SignupScreen.tsx
FN:25,randInt
FN:29,randDigits
FN:35,makeUsername
FN:52,makePhone
FN:56,normalizeDob
FN:76,BackgroundDecor
FN:93,Segmented
FN:104,(anonymous_7)
FN:122,(anonymous_8)
FN:141,LabeledInput
FN:178,SignUpScreen
FN:182,(anonymous_11)
FN:194,(anonymous_12)
FN:198,(anonymous_13)
FN:291,(anonymous_14)
FN:305,(anonymous_15)
FN:305,(anonymous_16)
FNF:17
FNH:5
FNDA:0,randInt
FNDA:0,randDigits
FNDA:0,makeUsername
FNDA:0,makePhone
FNDA:0,normalizeDob
FNDA:1,BackgroundDecor
FNDA:1,Segmented
FNDA:0,(anonymous_7)
FNDA:0,(anonymous_8)
FNDA:5,LabeledInput
FNDA:1,SignUpScreen
FNDA:1,(anonymous_11)
FNDA:0,(anonymous_12)
FNDA:0,(anonymous_13)
FNDA:0,(anonymous_14)
FNDA:0,(anonymous_15)
FNDA:0,(anonymous_16)
DA:23,1
DA:26,0
DA:30,0
DA:31,0
DA:32,0
DA:40,0
DA:41,0
DA:43,0
DA:44,0
DA:46,0
DA:47,0
DA:49,0
DA:53,0
DA:57,0
DA:58,0
DA:61,0
DA:64,0
DA:65,0
DA:66,0
DA:67,0
DA:68,0
DA:69,0
DA:73,0
DA:77,1
DA:100,1
DA:104,0
DA:122,0
DA:158,5
DA:180,1
DA:181,1
DA:182,1
DA:184,1
DA:185,1
DA:186,1
DA:187,1
DA:188,1
DA:189,1
DA:190,1
DA:192,1
DA:194,1
DA:195,0
DA:198,1
DA:199,0
DA:201,0
DA:202,0
DA:203,0
DA:204,0
DA:205,0
DA:207,0
DA:208,0
DA:209,0
DA:212,0
DA:214,0
DA:224,0
DA:226,0
DA:231,0
DA:232,0
DA:234,0
DA:236,0
DA:240,1
DA:305,0
DA:330,1
LF:62
LH:19
BRDA:40,0,0,0
BRDA:40,0,1,0
BRDA:40,1,0,0
BRDA:40,1,1,0
BRDA:41,2,0,0
BRDA:41,2,1,0
BRDA:41,3,0,0
BRDA:41,3,1,0
BRDA:43,4,0,0
BRDA:43,4,1,0
BRDA:43,4,2,0
BRDA:46,5,0,0
BRDA:46,5,1,0
BRDA:58,6,0,0
BRDA:58,6,1,0
BRDA:61,7,0,0
BRDA:61,7,1,0
BRDA:65,8,0,0
BRDA:65,8,1,0
BRDA:107,9,0,1
BRDA:107,9,1,0
BRDA:113,10,0,1
BRDA:113,10,1,0
BRDA:125,11,0,1
BRDA:125,11,1,1
BRDA:131,12,0,1
BRDA:131,12,1,1
BRDA:172,13,0,2
BRDA:172,13,1,3
BRDA:195,14,0,0
BRDA:195,14,1,0
BRDA:199,15,0,0
BRDA:199,15,1,0
BRDA:203,16,0,0
BRDA:203,16,1,0
BRDA:207,17,0,0
BRDA:207,17,1,0
BRDA:207,18,0,0
BRDA:207,18,1,0
BRDA:217,19,0,0
BRDA:217,19,1,0
BRDA:234,20,0,0
BRDA:234,20,1,0
BRDA:246,21,0,1
BRDA:246,21,1,0
BRDA:308,22,0,0
BRDA:308,22,1,1
BRDA:315,23,0,1
BRDA:315,23,1,0
BRDA:320,24,0,0
BRDA:320,24,1,1
BRF:51
BRH:12
end_of_record
TN:
SF:src\services\analytics.ts
FN:3,logEvent
FNF:1
FNH:1
FNDA:72,logEvent
DA:7,72
DA:9,55
DA:12,55
DA:13,55
DA:17,9
LF:5
LH:5
BRDA:7,0,0,17
BRDA:7,0,1,55
BRF:2
BRH:2
end_of_record
TN:
SF:src\services\api.ts
FN:6,apiPost
FN:35,apiGet
FN:62,apiDelete
FN:83,apiPut
FNF:4
FNH:4
FNDA:5,apiPost
FNDA:8,apiGet
FNDA:1,apiDelete
FNDA:2,apiPut
DA:2,6
DA:11,5
DA:12,5
DA:21,5
DA:22,5
DA:24,5
DA:26,1
DA:29,1
DA:32,4
DA:39,8
DA:40,8
DA:48,8
DA:49,8
DA:51,8
DA:53,4
DA:56,4
DA:59,4
DA:63,1
DA:64,1
DA:72,1
DA:73,0
DA:74,0
DA:76,0
DA:79,0
DA:88,2
DA:89,2
DA:98,2
DA:99,0
DA:100,0
DA:102,0
DA:105,0
DA:108,2
DA:109,2
LF:33
LH:25
BRDA:2,0,0,6
BRDA:2,0,1,6
BRDA:16,1,0,2
BRDA:16,1,1,3
BRDA:22,2,0,5
BRDA:22,2,1,0
BRDA:24,3,0,1
BRDA:24,3,1,4
BRDA:26,4,0,1
BRDA:26,4,1,0
BRDA:26,4,2,0
BRDA:44,5,0,8
BRDA:44,5,1,0
BRDA:49,6,0,8
BRDA:49,6,1,0
BRDA:51,7,0,4
BRDA:51,7,1,4
BRDA:53,8,0,4
BRDA:53,8,1,0
BRDA:53,8,2,0
BRDA:68,9,0,1
BRDA:68,9,1,0
BRDA:72,10,0,0
BRDA:72,10,1,1
BRDA:74,11,0,0
BRDA:74,11,1,0
BRDA:76,12,0,0
BRDA:76,12,1,0
BRDA:76,12,2,0
BRDA:93,13,0,2
BRDA:93,13,1,0
BRDA:98,14,0,0
BRDA:98,14,1,2
BRDA:100,15,0,0
BRDA:100,15,1,0
BRDA:102,16,0,0
BRDA:102,16,1,0
BRDA:102,16,2,0
BRDA:109,17,0,2
BRDA:109,17,1,0
BRF:40
BRH:18
end_of_record
TN:
SF:src\services\auth.ts
FN:19,register
FN:28,login
FNF:2
FNH:2
FNDA:1,register
FNDA:2,login
DA:20,1
DA:29,2
LF:2
LH:2
BRF:0
BRH:0
end_of_record
TN:
SF:src\services\budgets.ts
FN:23,getBudgets
FN:28,createOrUpdateBudget
FN:35,deleteBudget
FNF:3
FNH:3
FNDA:3,getBudgets
FNDA:1,createOrUpdateBudget
FNDA:1,deleteBudget
DA:24,3
DA:25,3
DA:32,1
DA:36,1
LF:4
LH:4
BRDA:24,0,0,2
BRDA:24,0,1,1
BRF:2
BRH:2
end_of_record
TN:
SF:src\services\tokenStorage.ts
FN:11,isWeb
FN:15,hasLocalStorage
FN:23,saveTokens
FN:40,getTokens
FN:63,clearTokens
FNF:5
FNH:0
FNDA:0,isWeb
FNDA:0,hasLocalStorage
FNDA:0,saveTokens
FNDA:0,getTokens
FNDA:0,clearTokens
DA:3,1
DA:4,1
DA:12,0
DA:16,0
DA:17,0
DA:19,0
DA:24,0
DA:25,0
DA:26,0
DA:27,0
DA:30,0
DA:34,0
DA:41,0
DA:42,0
DA:43,0
DA:44,0
DA:45,0
DA:48,0
DA:52,0
DA:56,0
DA:57,0
DA:58,0
DA:60,0
DA:64,0
DA:65,0
DA:66,0
DA:67,0
DA:70,0
DA:74,0
LF:29
LH:2
BRDA:17,0,0,0
BRDA:17,0,1,0
BRDA:24,1,0,0
BRDA:24,1,1,0
BRDA:24,2,0,0
BRDA:24,2,1,0
BRDA:41,3,0,0
BRDA:41,3,1,0
BRDA:41,4,0,0
BRDA:41,4,1,0
BRDA:44,5,0,0
BRDA:44,5,1,0
BRDA:44,6,0,0
BRDA:44,6,1,0
BRDA:58,7,0,0
BRDA:58,7,1,0
BRDA:58,8,0,0
BRDA:58,8,1,0
BRDA:64,9,0,0
BRDA:64,9,1,0
BRDA:64,10,0,0
BRDA:64,10,1,0
BRF:22
BRH:0
end_of_record
TN:
SF:src\services\transactions.ts
FN:26,getTransactions
FN:30,createTransaction
FN:45,getCategories
FNF:3
FNH:3
FNDA:1,getTransactions
FNDA:1,createTransaction
FNDA:3,getCategories
DA:27,1
DA:34,1
DA:46,3
LF:3
LH:3
BRF:0
BRH:0
end_of_record
TN:
SF:src\services\users.ts
FN:26,getProfile
FN:30,updateProfile
FN:37,changePassword
FNF:3
FNH:3
FNDA:1,getProfile
FNDA:1,updateProfile
FNDA:1,changePassword
DA:27,1
DA:34,1
DA:41,1
LF:3
LH:3
BRF:0
BRH:0
end_of_record
TN:
SF:src\utils\toast.ts
FNF:0
FNH:0
LF:0
LH:0
BRF:0
BRH:0
end_of_record
