TN:
SF:src\components\NotificationModal.tsx
FN:12,NotificationModal
FNF:1
FNH:1
FNDA:19,NotificationModal
DA:19,19
DA:49,5
DA:60,5
LF:3
LH:3
BRF:0
BRH:0
end_of_record
TN:
SF:src\components\ProgressDots.tsx
FN:10,ProgressDots
FN:13,(anonymous_1)
FN:16,(anonymous_2)
FNF:3
FNH:0
FNDA:0,ProgressDots
FNDA:0,(anonymous_1)
FNDA:0,(anonymous_2)
DA:11,0
DA:14,0
DA:16,0
DA:31,0
LF:4
LH:0
BRDA:16,0,0,0
BRDA:16,0,1,0
BRDA:22,1,0,0
BRDA:22,1,1,0
BRF:4
BRH:0
end_of_record
TN:
SF:src\components\Toast.tsx
FN:34,showSuccess
FN:38,showError
FN:42,showInfo
FN:46,Toast
FN:56,(anonymous_4)
FN:57,(anonymous_5)
FN:76,(anonymous_6)
FN:88,(anonymous_7)
FNF:8
FNH:2
FNDA:0,showSuccess
FNDA:0,showError
FNDA:0,showInfo
FNDA:11,Toast
FNDA:11,(anonymous_4)
FNDA:0,(anonymous_5)
FNDA:0,(anonymous_6)
FNDA:0,(anonymous_7)
DA:19,12
DA:26,12
DA:32,12
DA:35,0
DA:39,0
DA:43,0
DA:47,11
DA:48,11
DA:53,11
DA:54,11
DA:56,11
DA:57,11
DA:58,0
DA:59,0
DA:62,0
DA:76,0
DA:77,0
DA:88,0
DA:93,11
DA:95,0
DA:96,0
DA:98,0
DA:124,12
DA:125,12
DA:127,12
LF:25
LH:13
BRDA:89,0,0,0
BRDA:89,0,1,0
BRDA:93,1,0,11
BRDA:93,1,1,0
BRDA:130,2,0,0
BRDA:130,2,1,12
BRF:6
BRH:2
end_of_record
TN:
SF:src\constants\budgetCategories.ts
FN:58,getBudgetCategory
FN:59,(anonymous_1)
FNF:2
FNH:2
FNDA:40,getBudgetCategory
FNDA:293,(anonymous_1)
DA:21,4
DA:59,293
LF:2
LH:2
BRF:0
BRH:0
end_of_record
TN:
SF:src\screens\AddTransactionScreen.tsx
FN:102,formatVnd
FN:108,pad2
FN:112,formatDateLabel
FN:119,toISODate
FN:126,mondayIndex
FN:130,buildCalendarMatrix
FN:145,Segmented
FN:155,(anonymous_7)
FN:171,(anonymous_8)
FN:190,Keypad
FN:212,(anonymous_10)
FN:213,(anonymous_11)
FN:221,(anonymous_12)
FN:242,CategoryPill
FN:273,AddTransactionScreen
FN:286,(anonymous_15)
FN:293,(anonymous_16)
FN:305,(anonymous_17)
FN:306,(anonymous_18)
FN:325,(anonymous_19)
FN:329,(anonymous_20)
FN:333,(anonymous_21)
FN:334,(anonymous_22)
FN:338,(anonymous_23)
FN:357,(anonymous_24)
FN:364,(anonymous_25)
FN:366,(anonymous_26)
FN:371,(anonymous_27)
FN:372,(anonymous_28)
FN:379,(anonymous_29)
FN:380,(anonymous_30)
FN:386,(anonymous_31)
FN:388,(anonymous_32)
FN:391,(anonymous_33)
FN:393,(anonymous_34)
FN:396,(anonymous_35)
FN:456,(anonymous_36)
FN:486,(anonymous_37)
FN:504,(anonymous_38)
FN:509,(anonymous_39)
FN:515,(anonymous_40)
FN:593,(anonymous_41)
FN:594,(anonymous_42)
FN:617,(anonymous_43)
FN:618,(anonymous_44)
FN:630,(anonymous_45)
FN:637,(anonymous_46)
FN:639,(anonymous_47)
FN:650,(anonymous_48)
FN:703,(anonymous_49)
FN:707,(anonymous_50)
FN:709,(anonymous_51)
FN:713,(anonymous_52)
FN:722,(anonymous_53)
FN:725,(anonymous_54)
FNF:55
FNH:34
FNDA:13,formatVnd
FNDA:17,pad2
FNDA:13,formatDateLabel
FNDA:2,toISODate
FNDA:3,mondayIndex
FNDA:3,buildCalendarMatrix
FNDA:13,Segmented
FNDA:1,(anonymous_7)
FNDA:0,(anonymous_8)
FNDA:12,Keypad
FNDA:108,(anonymous_10)
FNDA:2,(anonymous_11)
FNDA:2,(anonymous_12)
FNDA:27,CategoryPill
FNDA:16,AddTransactionScreen
FNDA:3,(anonymous_15)
FNDA:3,(anonymous_16)
FNDA:3,(anonymous_17)
FNDA:3,(anonymous_18)
FNDA:4,(anonymous_19)
FNDA:4,(anonymous_20)
FNDA:4,(anonymous_21)
FNDA:3,(anonymous_22)
FNDA:1,(anonymous_23)
FNDA:1,(anonymous_24)
FNDA:1,(anonymous_25)
FNDA:2,(anonymous_26)
FNDA:4,(anonymous_27)
FNDA:4,(anonymous_28)
FNDA:0,(anonymous_29)
FNDA:0,(anonymous_30)
FNDA:1,(anonymous_31)
FNDA:1,(anonymous_32)
FNDA:0,(anonymous_33)
FNDA:0,(anonymous_34)
FNDA:2,(anonymous_35)
FNDA:1,(anonymous_36)
FNDA:0,(anonymous_37)
FNDA:27,(anonymous_38)
FNDA:0,(anonymous_39)
FNDA:0,(anonymous_40)
FNDA:0,(anonymous_41)
FNDA:0,(anonymous_42)
FNDA:0,(anonymous_43)
FNDA:0,(anonymous_44)
FNDA:0,(anonymous_45)
FNDA:0,(anonymous_46)
FNDA:0,(anonymous_47)
FNDA:0,(anonymous_48)
FNDA:0,(anonymous_49)
FNDA:0,(anonymous_50)
FNDA:0,(anonymous_51)
FNDA:0,(anonymous_52)
FNDA:108,(anonymous_53)
FNDA:0,(anonymous_54)
DA:35,1
DA:53,1
DA:103,13
DA:104,13
DA:105,13
DA:109,17
DA:113,13
DA:114,13
DA:115,13
DA:116,13
DA:120,2
DA:121,2
DA:122,2
DA:123,2
DA:127,3
DA:131,3
DA:132,3
DA:133,3
DA:135,3
DA:136,9
DA:137,93
DA:138,3
DA:140,3
DA:141,15
DA:142,3
DA:152,13
DA:155,1
DA:171,0
DA:197,12
DA:198,12
DA:209,12
DA:213,108
DA:221,2
DA:251,27
DA:274,16
DA:276,16
DA:277,16
DA:279,16
DA:280,16
DA:282,16
DA:283,16
DA:285,16
DA:286,16
DA:290,16
DA:292,16
DA:293,3
DA:298,16
DA:299,16
DA:302,16
DA:305,16
DA:306,3
DA:307,3
DA:308,3
DA:309,3
DA:310,0
DA:311,0
DA:314,3
DA:315,3
DA:317,0
DA:319,3
DA:325,16
DA:326,4
DA:329,16
DA:330,4
DA:333,16
DA:334,4
DA:338,16
DA:339,1
DA:354,1
DA:356,1
DA:357,1
DA:360,1
DA:364,16
DA:365,1
DA:366,2
DA:368,1
DA:371,16
DA:372,4
DA:373,4
DA:374,4
DA:375,4
DA:379,16
DA:380,0
DA:381,0
DA:382,0
DA:386,16
DA:387,1
DA:388,1
DA:391,16
DA:392,0
DA:393,0
DA:396,16
DA:397,2
DA:399,2
DA:400,2
DA:401,2
DA:402,0
DA:403,0
DA:406,2
DA:408,2
DA:409,1
DA:410,0
DA:411,0
DA:413,1
DA:414,1
DA:415,0
DA:418,0
DA:422,1
DA:423,1
DA:424,0
DA:425,0
DA:429,2
DA:431,2
DA:432,2
DA:433,0
DA:434,0
DA:437,2
DA:447,2
DA:448,2
DA:450,0
DA:452,2
DA:456,16
DA:457,1
DA:458,1
DA:459,1
DA:462,1
DA:463,0
DA:467,16
DA:468,3
DA:479,13
DA:486,0
DA:505,27
DA:509,0
DA:516,0
DA:517,0
DA:594,0
DA:595,0
DA:596,0
DA:618,0
DA:619,0
DA:620,0
DA:631,0
DA:638,0
DA:641,0
DA:646,0
DA:651,0
DA:703,0
DA:707,0
DA:713,0
DA:723,108
DA:726,0
DA:727,0
DA:752,1
DA:763,1
LF:154
LH:113
BRDA:103,0,0,13
BRDA:103,0,1,0
BRDA:158,1,0,13
BRDA:158,1,1,4
BRDA:164,2,0,13
BRDA:164,2,1,4
BRDA:174,3,0,13
BRDA:174,3,1,9
BRDA:180,4,0,13
BRDA:180,4,1,9
BRDA:215,5,0,108
BRDA:215,5,1,12
BRDA:254,6,0,27
BRDA:254,6,1,9
BRDA:256,7,0,27
BRDA:256,7,1,9
BRDA:264,8,0,27
BRDA:264,8,1,9
BRDA:309,9,0,0
BRDA:309,9,1,3
BRDA:317,10,0,0
BRDA:317,10,1,0
BRDA:326,11,0,3
BRDA:326,11,1,1
BRDA:330,12,0,3
BRDA:330,12,1,1
BRDA:354,13,0,1
BRDA:354,13,1,0
BRDA:357,14,0,1
BRDA:357,14,1,1
BRDA:360,15,0,1
BRDA:360,15,1,0
BRDA:366,16,0,2
BRDA:366,16,1,1
BRDA:368,17,0,1
BRDA:368,17,1,0
BRDA:373,18,0,2
BRDA:373,18,1,2
BRDA:375,19,0,4
BRDA:375,19,1,0
BRDA:381,20,0,0
BRDA:381,20,1,0
BRDA:388,21,0,0
BRDA:388,21,1,1
BRDA:393,22,0,0
BRDA:393,22,1,0
BRDA:397,23,0,0
BRDA:397,23,1,2
BRDA:401,24,0,0
BRDA:401,24,1,2
BRDA:408,25,0,1
BRDA:408,25,1,1
BRDA:409,26,0,0
BRDA:409,26,1,1
BRDA:414,27,0,0
BRDA:414,27,1,1
BRDA:423,28,0,0
BRDA:423,28,1,1
BRDA:432,29,0,0
BRDA:432,29,1,2
BRDA:441,30,0,2
BRDA:441,30,1,2
BRDA:450,31,0,0
BRDA:450,31,1,0
BRDA:462,32,0,0
BRDA:462,32,1,1
BRDA:467,33,0,3
BRDA:467,33,1,13
BRDA:499,34,0,13
BRDA:499,34,1,9
BRDA:513,35,0,9
BRDA:513,35,1,0
BRDA:529,36,0,9
BRDA:529,36,1,0
BRDA:551,37,0,0
BRDA:551,37,1,13
BRDA:571,38,0,1
BRDA:571,38,1,12
BRDA:589,39,0,0
BRDA:589,39,1,12
BRDA:641,40,0,0
BRDA:641,40,1,0
BRDA:641,40,2,0
BRDA:641,40,3,0
BRDA:649,41,0,0
BRDA:649,41,1,0
BRDA:657,42,0,0
BRDA:657,42,1,0
BRDA:658,43,0,0
BRDA:658,43,1,0
BRDA:664,44,0,0
BRDA:664,44,1,0
BRDA:665,45,0,0
BRDA:665,45,1,0
BRDA:668,46,0,0
BRDA:668,46,1,0
BRDA:686,47,0,13
BRDA:686,47,1,2
BRDA:689,48,0,2
BRDA:689,48,1,11
BRDA:698,49,0,13
BRDA:698,49,1,9
BRDA:983,50,0,0
BRDA:983,50,1,1
BRF:104
BRH:61
end_of_record
TN:
SF:src\screens\BudgetCategoryDetailScreen.tsx
FN:35,money
FN:42,formatTime
FN:49,formatDateLabel
FN:56,getCurrentMonth
FN:74,TxRow
FN:99,BudgetCategoryDetailScreen
FN:133,(anonymous_6)
FN:149,(anonymous_7)
FN:154,(anonymous_8)
FN:168,(anonymous_9)
FN:173,(anonymous_10)
FN:180,(anonymous_11)
FN:190,(anonymous_12)
FN:196,(anonymous_13)
FN:197,(anonymous_14)
FN:200,(anonymous_15)
FN:201,(anonymous_16)
FN:205,(anonymous_17)
FN:214,(anonymous_18)
FN:217,(anonymous_19)
FN:236,(anonymous_20)
FN:237,(anonymous_21)
FN:243,(anonymous_22)
FN:274,(anonymous_23)
FN:285,(anonymous_24)
FN:369,(anonymous_25)
FN:375,(anonymous_26)
FN:383,(anonymous_27)
FN:398,(anonymous_28)
FNF:29
FNH:22
FNDA:12,money
FNDA:3,formatTime
FNDA:3,formatDateLabel
FNDA:4,getCurrentMonth
FNDA:3,TxRow
FNDA:4,BudgetCategoryDetailScreen
FNDA:4,(anonymous_6)
FNDA:4,(anonymous_7)
FNDA:4,(anonymous_8)
FNDA:1,(anonymous_9)
FNDA:4,(anonymous_10)
FNDA:0,(anonymous_11)
FNDA:3,(anonymous_12)
FNDA:3,(anonymous_13)
FNDA:0,(anonymous_14)
FNDA:3,(anonymous_15)
FNDA:3,(anonymous_16)
FNDA:2,(anonymous_17)
FNDA:4,(anonymous_18)
FNDA:3,(anonymous_19)
FNDA:0,(anonymous_20)
FNDA:3,(anonymous_21)
FNDA:0,(anonymous_22)
FNDA:0,(anonymous_23)
FNDA:0,(anonymous_24)
FNDA:3,(anonymous_25)
FNDA:3,(anonymous_26)
FNDA:1,(anonymous_27)
FNDA:0,(anonymous_28)
DA:36,12
DA:43,3
DA:44,3
DA:45,3
DA:46,3
DA:50,3
DA:51,3
DA:52,3
DA:53,3
DA:57,4
DA:58,4
DA:59,4
DA:60,4
DA:63,1
DA:75,3
DA:76,3
DA:77,3
DA:79,3
DA:101,4
DA:103,4
DA:106,4
DA:107,4
DA:109,4
DA:110,4
DA:112,4
DA:113,4
DA:115,4
DA:118,4
DA:133,4
DA:134,4
DA:135,4
DA:136,4
DA:137,0
DA:138,0
DA:141,4
DA:142,4
DA:148,4
DA:149,4
DA:150,4
DA:154,4
DA:155,4
DA:158,4
DA:159,4
DA:161,0
DA:163,4
DA:164,4
DA:168,4
DA:169,1
DA:172,4
DA:174,4
DA:175,3
DA:180,4
DA:181,0
DA:182,0
DA:186,4
DA:187,4
DA:188,4
DA:190,4
DA:191,3
DA:192,3
DA:195,4
DA:196,3
DA:197,0
DA:199,4
DA:200,3
DA:201,3
DA:203,4
DA:205,4
DA:206,2
DA:207,1
DA:214,4
DA:215,4
DA:217,4
DA:218,3
DA:219,3
DA:223,3
DA:228,3
DA:229,3
DA:231,3
DA:235,4
DA:236,0
DA:238,3
DA:239,3
DA:243,0
DA:248,4
DA:251,4
DA:252,1
DA:263,3
DA:274,0
DA:285,0
DA:370,3
DA:376,3
DA:384,1
DA:398,0
DA:404,1
LF:95
LH:84
BRDA:77,0,0,3
BRDA:77,0,1,0
BRDA:86,1,0,3
BRDA:86,1,1,0
BRDA:106,2,0,4
BRDA:106,2,1,4
BRDA:107,3,0,4
BRDA:107,3,1,0
BRDA:136,4,0,0
BRDA:136,4,1,4
BRDA:148,5,0,4
BRDA:148,5,1,0
BRDA:159,6,0,4
BRDA:159,6,1,0
BRDA:161,7,0,0
BRDA:161,7,1,0
BRDA:174,8,0,3
BRDA:174,8,1,1
BRDA:192,9,0,3
BRDA:192,9,1,3
BRDA:203,10,0,3
BRDA:203,10,1,1
BRDA:206,11,0,1
BRDA:206,11,1,1
BRDA:228,12,0,3
BRDA:228,12,1,0
BRDA:251,13,0,1
BRDA:251,13,1,3
BRDA:357,14,0,3
BRDA:357,14,1,0
BRDA:364,15,0,0
BRDA:364,15,1,3
BRDA:370,16,0,3
BRDA:370,16,1,0
BRDA:371,17,0,0
BRDA:371,17,1,3
BRF:36
BRH:23
end_of_record
TN:
SF:src\screens\BudgetCategoryFormScreen.tsx
FN:36,getCurrentMonth
FN:43,BudgetCategoryFormScreen
FN:50,(anonymous_2)
FN:77,(anonymous_3)
FN:78,(anonymous_4)
FN:96,(anonymous_5)
FN:112,(anonymous_6)
FN:166,(anonymous_7)
FN:177,(anonymous_8)
FN:221,(anonymous_9)
FNF:10
FNH:7
FNDA:1,getCurrentMonth
FNDA:5,BudgetCategoryFormScreen
FNDA:1,(anonymous_2)
FNDA:1,(anonymous_3)
FNDA:1,(anonymous_4)
FNDA:1,(anonymous_5)
FNDA:1,(anonymous_6)
FNDA:0,(anonymous_7)
FNDA:0,(anonymous_8)
FNDA:0,(anonymous_9)
DA:25,1
DA:37,1
DA:38,1
DA:39,1
DA:40,1
DA:45,5
DA:46,5
DA:48,5
DA:49,5
DA:50,1
DA:54,5
DA:55,5
DA:57,5
DA:58,5
DA:59,5
DA:62,5
DA:77,5
DA:78,1
DA:79,1
DA:80,1
DA:81,1
DA:82,0
DA:83,0
DA:86,1
DA:87,1
DA:89,0
DA:91,1
DA:96,5
DA:97,1
DA:99,1
DA:100,1
DA:101,1
DA:103,1
DA:104,0
DA:105,0
DA:108,1
DA:111,1
DA:112,1
DA:115,1
DA:116,0
DA:117,0
DA:120,1
DA:122,1
DA:123,1
DA:124,0
DA:125,0
DA:128,1
DA:137,1
DA:138,1
DA:140,0
DA:142,1
DA:146,5
DA:147,1
DA:158,4
DA:166,0
DA:177,0
DA:221,0
DA:227,1
LF:58
LH:45
BRDA:50,0,0,1
BRDA:50,0,1,0
BRDA:81,1,0,0
BRDA:81,1,1,1
BRDA:89,2,0,0
BRDA:89,2,1,0
BRDA:97,3,0,0
BRDA:97,3,1,1
BRDA:103,4,0,0
BRDA:103,4,1,1
BRDA:103,5,0,1
BRDA:103,5,1,1
BRDA:108,6,0,1
BRDA:108,6,1,0
BRDA:108,7,0,1
BRDA:108,7,1,0
BRDA:109,8,0,0
BRDA:109,8,1,0
BRDA:112,9,0,1
BRDA:112,9,1,1
BRDA:115,10,0,0
BRDA:115,10,1,1
BRDA:123,11,0,0
BRDA:123,11,1,1
BRDA:140,12,0,0
BRDA:140,12,1,0
BRDA:146,13,0,1
BRDA:146,13,1,4
BRDA:201,14,0,4
BRDA:201,14,1,0
BRDA:206,15,0,4
BRDA:206,15,1,1
BRDA:209,16,0,1
BRDA:209,16,1,3
BRF:34
BRH:19
end_of_record
TN:
SF:src\screens\BudgetScreen.tsx
FN:35,money
FN:42,getCurrentMonth
FN:49,CategoryTile
FN:68,MoreTile
FN:80,BudgetScreen
FN:99,(anonymous_5)
FN:123,(anonymous_6)
FN:128,(anonymous_7)
FN:135,(anonymous_8)
FN:145,(anonymous_9)
FN:151,(anonymous_10)
FN:152,(anonymous_11)
FN:155,(anonymous_12)
FN:156,(anonymous_13)
FN:159,(anonymous_14)
FN:161,(anonymous_15)
FN:169,(anonymous_16)
FN:174,(anonymous_17)
FN:191,(anonymous_18)
FN:212,(anonymous_19)
FN:250,(anonymous_20)
FN:261,(anonymous_21)
FN:334,(anonymous_22)
FN:338,(anonymous_23)
FN:347,(anonymous_24)
FN:363,(anonymous_25)
FN:367,(anonymous_26)
FN:369,(anonymous_27)
FN:387,(anonymous_28)
FN:401,(anonymous_29)
FN:405,(anonymous_30)
FN:407,(anonymous_31)
FN:426,(anonymous_32)
FN:436,(anonymous_33)
FNF:34
FNH:15
FNDA:24,money
FNDA:12,getCurrentMonth
FNDA:60,CategoryTile
FNDA:5,MoreTile
FNDA:10,BudgetScreen
FNDA:11,(anonymous_5)
FNDA:2,(anonymous_6)
FNDA:10,(anonymous_7)
FNDA:0,(anonymous_8)
FNDA:0,(anonymous_9)
FNDA:0,(anonymous_10)
FNDA:0,(anonymous_11)
FNDA:0,(anonymous_12)
FNDA:0,(anonymous_13)
FNDA:8,(anonymous_14)
FNDA:4,(anonymous_15)
FNDA:1,(anonymous_16)
FNDA:1,(anonymous_17)
FNDA:1,(anonymous_18)
FNDA:0,(anonymous_19)
FNDA:0,(anonymous_20)
FNDA:0,(anonymous_21)
FNDA:96,(anonymous_22)
FNDA:1,(anonymous_23)
FNDA:0,(anonymous_24)
FNDA:0,(anonymous_25)
FNDA:0,(anonymous_26)
FNDA:0,(anonymous_27)
FNDA:0,(anonymous_28)
FNDA:0,(anonymous_29)
FNDA:0,(anonymous_30)
FNDA:0,(anonymous_31)
FNDA:0,(anonymous_32)
FNDA:0,(anonymous_33)
DA:33,1
DA:36,24
DA:43,12
DA:44,12
DA:45,12
DA:46,12
DA:56,60
DA:69,5
DA:70,0
DA:82,10
DA:84,10
DA:85,10
DA:87,10
DA:88,10
DA:90,10
DA:91,10
DA:92,10
DA:94,10
DA:95,10
DA:97,10
DA:99,10
DA:100,11
DA:101,11
DA:102,11
DA:103,0
DA:104,0
DA:107,11
DA:108,11
DA:113,11
DA:114,11
DA:116,0
DA:118,11
DA:119,11
DA:123,10
DA:124,2
DA:127,10
DA:129,10
DA:130,8
DA:135,10
DA:136,0
DA:137,0
DA:141,10
DA:142,10
DA:143,10
DA:145,10
DA:146,0
DA:147,0
DA:150,10
DA:151,0
DA:152,0
DA:154,10
DA:155,0
DA:156,0
DA:159,10
DA:161,10
DA:162,4
DA:163,2
DA:169,10
DA:170,1
DA:171,1
DA:174,10
DA:175,1
DA:176,1
DA:177,1
DA:178,1
DA:179,0
DA:180,0
DA:183,1
DA:184,1
DA:185,0
DA:186,0
DA:191,1
DA:192,1
DA:194,1
DA:195,0
DA:196,0
DA:199,1
DA:204,1
DA:205,1
DA:206,1
DA:208,0
DA:212,10
DA:213,0
DA:215,0
DA:216,0
DA:222,0
DA:223,0
DA:224,0
DA:227,10
DA:228,2
DA:239,8
DA:250,0
DA:261,0
DA:335,96
DA:339,1
DA:347,0
DA:363,0
DA:367,0
DA:387,0
DA:401,0
DA:405,0
DA:426,0
DA:436,0
DA:443,1
DA:454,1
LF:105
LH:70
BRDA:102,0,0,0
BRDA:102,0,1,11
BRDA:116,1,0,0
BRDA:116,1,1,0
BRDA:129,2,0,8
BRDA:129,2,1,2
BRDA:147,3,0,0
BRDA:147,3,1,0
BRDA:162,4,0,2
BRDA:162,4,1,2
BRDA:178,5,0,0
BRDA:178,5,1,1
BRDA:178,6,0,1
BRDA:178,6,1,1
BRDA:184,7,0,0
BRDA:184,7,1,1
BRDA:192,8,0,1
BRDA:192,8,1,0
BRDA:194,9,0,0
BRDA:194,9,1,1
BRDA:208,10,0,0
BRDA:208,10,1,0
BRDA:213,11,0,0
BRDA:213,11,1,0
BRDA:227,12,0,2
BRDA:227,12,1,8
BRF:26
BRH:13
end_of_record
TN:
SF:src\screens\EditProfileScreen.tsx
FN:26,EditProfileScreen
FN:39,(anonymous_1)
FN:40,(anonymous_2)
FN:66,(anonymous_3)
FN:122,(anonymous_4)
FN:136,(anonymous_5)
FNF:6
FNH:4
FNDA:5,EditProfileScreen
FNDA:1,(anonymous_1)
FNDA:1,(anonymous_2)
FNDA:1,(anonymous_3)
FNDA:0,(anonymous_4)
FNDA:0,(anonymous_5)
DA:24,1
DA:28,5
DA:30,5
DA:31,5
DA:33,5
DA:34,5
DA:35,5
DA:36,5
DA:37,5
DA:39,5
DA:40,1
DA:41,1
DA:42,1
DA:43,1
DA:44,0
DA:45,0
DA:48,1
DA:49,1
DA:50,1
DA:51,1
DA:52,1
DA:57,1
DA:59,0
DA:61,1
DA:66,5
DA:67,1
DA:69,1
DA:70,1
DA:71,0
DA:72,0
DA:75,1
DA:77,1
DA:78,1
DA:79,0
DA:80,0
DA:83,1
DA:93,1
DA:94,1
DA:96,0
DA:98,1
DA:102,5
DA:103,1
DA:114,4
DA:122,0
DA:137,0
DA:270,1
DA:281,1
LF:47
LH:37
BRDA:43,0,0,0
BRDA:43,0,1,1
BRDA:51,1,0,1
BRDA:51,1,1,0
BRDA:53,2,0,0
BRDA:53,2,1,1
BRDA:57,3,0,1
BRDA:57,3,1,1
BRDA:59,4,0,0
BRDA:59,4,1,0
BRDA:67,5,0,0
BRDA:67,5,1,1
BRDA:70,6,0,0
BRDA:70,6,1,1
BRDA:78,7,0,0
BRDA:78,7,1,1
BRDA:86,8,0,1
BRDA:86,8,1,0
BRDA:87,9,0,1
BRDA:87,9,1,1
BRDA:88,10,0,1
BRDA:88,10,1,0
BRDA:96,11,0,0
BRDA:96,11,1,0
BRDA:102,12,0,1
BRDA:102,12,1,4
BRDA:245,13,0,4
BRDA:245,13,1,1
BRDA:248,14,0,1
BRDA:248,14,1,3
BRF:30
BRH:18
end_of_record
TN:
SF:src\screens\HomeScreen.tsx
FN:23,money
FN:30,Stat
FN:47,CategoryRow
FN:82,HomeScreen
FN:91,(anonymous_4)
FN:110,(anonymous_5)
FN:116,(anonymous_6)
FN:123,(anonymous_7)
FN:133,(anonymous_8)
FN:139,(anonymous_9)
FN:140,(anonymous_10)
FN:143,(anonymous_11)
FN:144,(anonymous_12)
FN:153,(anonymous_13)
FN:154,(anonymous_14)
FN:168,(anonymous_15)
FN:207,(anonymous_16)
FN:256,(anonymous_17)
FN:267,(anonymous_18)
FN:294,(anonymous_19)
FNF:20
FNH:17
FNDA:22,money
FNDA:6,Stat
FNDA:2,CategoryRow
FNDA:9,HomeScreen
FNDA:9,(anonymous_4)
FNDA:3,(anonymous_5)
FNDA:9,(anonymous_6)
FNDA:0,(anonymous_7)
FNDA:6,(anonymous_8)
FNDA:6,(anonymous_9)
FNDA:2,(anonymous_10)
FNDA:6,(anonymous_11)
FNDA:4,(anonymous_12)
FNDA:6,(anonymous_13)
FNDA:4,(anonymous_14)
FNDA:2,(anonymous_15)
FNDA:0,(anonymous_16)
FNDA:36,(anonymous_17)
FNDA:4,(anonymous_18)
FNDA:0,(anonymous_19)
DA:24,22
DA:39,6
DA:60,2
DA:84,9
DA:86,9
DA:87,9
DA:88,9
DA:89,9
DA:91,9
DA:92,9
DA:93,9
DA:94,9
DA:95,0
DA:96,0
DA:99,9
DA:100,9
DA:102,0
DA:104,9
DA:105,9
DA:110,9
DA:111,3
DA:115,9
DA:117,9
DA:118,6
DA:123,9
DA:124,0
DA:125,0
DA:129,9
DA:130,9
DA:131,9
DA:133,9
DA:134,6
DA:135,6
DA:138,9
DA:139,6
DA:140,2
DA:142,9
DA:143,6
DA:144,4
DA:147,9
DA:152,9
DA:153,6
DA:155,4
DA:156,4
DA:162,4
DA:163,4
DA:164,4
DA:167,9
DA:168,2
DA:172,9
DA:181,9
DA:182,3
DA:193,6
DA:207,0
DA:257,36
DA:269,4
DA:270,4
DA:272,4
DA:294,0
DA:300,1
LF:60
LH:53
BRDA:94,0,0,0
BRDA:94,0,1,9
BRDA:102,1,0,0
BRDA:102,1,1,0
BRDA:117,2,0,6
BRDA:117,2,1,3
BRDA:135,3,0,6
BRDA:135,3,1,6
BRDA:156,4,0,4
BRDA:156,4,1,4
BRDA:181,5,0,3
BRDA:181,5,1,6
BRDA:266,6,0,2
BRDA:266,6,1,4
BRDA:269,7,0,4
BRDA:269,7,1,0
BRF:16
BRH:12
end_of_record
TN:
SF:src\screens\LoginScreen.tsx
FN:24,BackgroundDecor
FN:41,Segmented
FN:52,(anonymous_2)
FN:70,(anonymous_3)
FN:89,LabeledInput
FN:126,SocialButton
FN:144,LoginScreen
FN:148,(anonymous_7)
FN:158,(anonymous_8)
FN:162,(anonymous_9)
FN:234,(anonymous_10)
FN:234,(anonymous_11)
FN:245,(anonymous_12)
FN:245,(anonymous_13)
FN:256,(anonymous_14)
FN:281,(anonymous_15)
FN:285,(anonymous_16)
FN:289,(anonymous_17)
FN:293,(anonymous_18)
FNF:19
FNH:10
FNDA:7,BackgroundDecor
FNDA:7,Segmented
FNDA:0,(anonymous_2)
FNDA:1,(anonymous_3)
FNDA:14,LabeledInput
FNDA:28,SocialButton
FNDA:7,LoginScreen
FNDA:4,(anonymous_7)
FNDA:1,(anonymous_8)
FNDA:0,(anonymous_9)
FNDA:1,(anonymous_10)
FNDA:1,(anonymous_11)
FNDA:0,(anonymous_12)
FNDA:0,(anonymous_13)
FNDA:0,(anonymous_14)
FNDA:0,(anonymous_15)
FNDA:0,(anonymous_16)
FNDA:0,(anonymous_17)
FNDA:0,(anonymous_18)
DA:25,7
DA:48,7
DA:52,0
DA:70,1
DA:106,14
DA:133,28
DA:146,7
DA:147,7
DA:148,7
DA:150,7
DA:151,7
DA:152,7
DA:153,7
DA:154,7
DA:156,7
DA:158,7
DA:159,1
DA:162,7
DA:163,0
DA:165,0
DA:166,0
DA:167,0
DA:168,0
DA:169,0
DA:171,0
DA:172,0
DA:173,0
DA:176,0
DA:178,0
DA:183,0
DA:188,0
DA:189,0
DA:191,0
DA:193,0
DA:197,7
DA:234,1
DA:245,0
DA:303,1
LF:38
LH:20
BRDA:55,0,0,7
BRDA:55,0,1,7
BRDA:61,1,0,7
BRDA:61,1,1,7
BRDA:73,2,0,7
BRDA:73,2,1,0
BRDA:79,3,0,7
BRDA:79,3,1,0
BRDA:120,4,0,7
BRDA:120,4,1,7
BRDA:159,5,0,1
BRDA:159,5,1,0
BRDA:163,6,0,0
BRDA:163,6,1,0
BRDA:167,7,0,0
BRDA:167,7,1,0
BRDA:171,8,0,0
BRDA:171,8,1,0
BRDA:191,9,0,0
BRDA:191,9,1,0
BRDA:203,10,0,7
BRDA:203,10,1,0
BRDA:237,11,0,1
BRDA:237,11,1,6
BRDA:249,12,0,7
BRDA:249,12,1,0
BRDA:251,13,0,0
BRDA:251,13,1,7
BRDA:263,14,0,7
BRDA:263,14,1,0
BRDA:268,15,0,0
BRDA:268,15,1,7
BRF:32
BRH:16
end_of_record
TN:
SF:src\screens\OnboardingScreen.tsx
FN:38,SlideVisual
FN:56,OnboardingScreen
FN:65,(anonymous_2)
FN:75,(anonymous_3)
FN:84,(anonymous_4)
FNF:5
FNH:5
FNDA:1,SlideVisual
FNDA:1,OnboardingScreen
FNDA:1,(anonymous_2)
FNDA:1,(anonymous_3)
FNDA:1,(anonymous_4)
DA:26,1
DA:39,1
DA:40,0
DA:47,1
DA:58,1
DA:59,1
DA:60,1
DA:61,1
DA:63,1
DA:65,1
DA:66,1
DA:67,1
DA:68,1
DA:70,1
DA:72,1
DA:75,1
DA:76,1
DA:77,1
DA:84,1
DA:85,1
DA:86,0
DA:87,0
DA:89,1
DA:92,1
DA:130,1
LF:25
LH:22
BRDA:39,0,0,0
BRDA:39,0,1,1
BRDA:70,1,0,0
BRDA:70,1,1,1
BRDA:85,2,0,0
BRDA:85,2,1,1
BRDA:121,3,0,1
BRDA:121,3,1,0
BRDA:145,4,0,0
BRDA:145,4,1,1
BRDA:198,5,0,0
BRDA:198,5,1,1
BRF:12
BRH:6
end_of_record
TN:
SF:src\screens\ProfileScreen.tsx
FN:37,money
FN:44,SettingRow
FN:76,NotificationModal
FN:113,ProfileScreen
FN:128,(anonymous_4)
FN:144,(anonymous_5)
FN:145,(anonymous_6)
FN:148,(anonymous_7)
FN:149,(anonymous_8)
FN:164,(anonymous_9)
FN:169,(anonymous_10)
FN:176,(anonymous_11)
FN:181,(anonymous_12)
FN:252,(anonymous_13)
FN:262,(anonymous_14)
FN:277,(anonymous_15)
FN:315,(anonymous_16)
FN:322,(anonymous_17)
FN:329,(anonymous_18)
FN:338,(anonymous_19)
FN:347,(anonymous_20)
FN:356,(anonymous_21)
FN:380,(anonymous_22)
FNF:23
FNH:18
FNDA:38,money
FNDA:96,SettingRow
FNDA:16,NotificationModal
FNDA:19,ProfileScreen
FNDA:19,(anonymous_4)
FNDA:38,(anonymous_5)
FNDA:19,(anonymous_6)
FNDA:38,(anonymous_7)
FNDA:19,(anonymous_8)
FNDA:3,(anonymous_9)
FNDA:19,(anonymous_10)
FNDA:0,(anonymous_11)
FNDA:0,(anonymous_12)
FNDA:0,(anonymous_13)
FNDA:1,(anonymous_14)
FNDA:48,(anonymous_15)
FNDA:1,(anonymous_16)
FNDA:1,(anonymous_17)
FNDA:1,(anonymous_18)
FNDA:0,(anonymous_19)
FNDA:0,(anonymous_20)
FNDA:1,(anonymous_21)
FNDA:1,(anonymous_22)
DA:26,1
DA:38,38
DA:57,96
DA:59,96
DA:83,16
DA:115,19
DA:117,19
DA:118,19
DA:119,19
DA:121,19
DA:122,19
DA:128,19
DA:129,19
DA:130,19
DA:131,19
DA:132,0
DA:133,0
DA:136,19
DA:141,19
DA:143,19
DA:144,38
DA:145,19
DA:147,19
DA:148,38
DA:149,19
DA:151,19
DA:157,0
DA:159,19
DA:160,19
DA:164,19
DA:165,3
DA:168,19
DA:170,19
DA:171,16
DA:176,19
DA:177,0
DA:178,0
DA:181,19
DA:182,0
DA:183,0
DA:184,0
DA:190,19
DA:217,19
DA:218,3
DA:229,16
DA:252,0
DA:262,1
DA:279,48
DA:285,48
DA:315,1
DA:322,1
DA:330,1
DA:339,0
DA:348,0
DA:357,1
DA:380,1
DA:386,1
DA:397,1
LF:58
LH:47
BRDA:46,0,0,32
BRDA:57,1,0,64
BRDA:57,1,1,32
BRDA:69,2,0,32
BRDA:69,2,1,64
BRDA:131,3,0,0
BRDA:131,3,1,19
BRDA:157,4,0,0
BRDA:157,4,1,0
BRDA:170,5,0,16
BRDA:170,5,1,3
BRDA:217,6,0,3
BRDA:217,6,1,16
BRDA:247,7,0,16
BRDA:247,7,1,16
BRDA:258,8,0,16
BRDA:258,8,1,0
BRDA:259,9,0,16
BRDA:259,9,1,0
BRDA:279,10,0,48
BRDA:279,10,1,0
BRDA:281,11,0,0
BRDA:281,11,1,0
BRF:23
BRH:15
end_of_record
TN:
SF:src\screens\ReportScreen.tsx
FN:36,animateNext
FN:40,getCurrentMonth
FN:47,getWeekDates
FN:63,getMonthWeeks
FN:100,Segmented
FN:110,(anonymous_5)
FN:130,(anonymous_6)
FN:152,ProgressRing
FN:199,BudgetStatus
FN:225,BarChart
FN:236,(anonymous_10)
FN:257,(anonymous_11)
FN:263,(anonymous_12)
FN:302,ReportItem
FN:343,ReportScreen
FN:356,(anonymous_15)
FN:380,(anonymous_16)
FN:385,(anonymous_17)
FN:392,(anonymous_18)
FN:398,(anonymous_19)
FN:401,(anonymous_20)
FN:402,(anonymous_21)
FN:410,(anonymous_22)
FN:427,(anonymous_23)
FN:428,(anonymous_24)
FN:437,(anonymous_25)
FN:453,(anonymous_26)
FN:454,(anonymous_27)
FN:462,(anonymous_28)
FN:463,(anonymous_29)
FN:481,(anonymous_30)
FN:492,(anonymous_31)
FN:496,(anonymous_32)
FN:499,(anonymous_33)
FN:508,(anonymous_34)
FN:509,(anonymous_35)
FN:522,(anonymous_36)
FN:523,(anonymous_37)
FN:568,(anonymous_38)
FN:580,(anonymous_39)
FN:612,(anonymous_40)
FN:620,(anonymous_41)
FN:662,(anonymous_42)
FNF:43
FNH:30
FNDA:0,animateNext
FNDA:7,getCurrentMonth
FNDA:14,getWeekDates
FNDA:0,getMonthWeeks
FNDA:4,Segmented
FNDA:0,(anonymous_5)
FNDA:0,(anonymous_6)
FNDA:6,ProgressRing
FNDA:4,BudgetStatus
FNDA:4,BarChart
FNDA:28,(anonymous_10)
FNDA:28,(anonymous_11)
FNDA:0,(anonymous_12)
FNDA:8,ReportItem
FNDA:7,ReportScreen
FNDA:7,(anonymous_15)
FNDA:2,(anonymous_16)
FNDA:7,(anonymous_17)
FNDA:0,(anonymous_18)
FNDA:4,(anonymous_19)
FNDA:28,(anonymous_20)
FNDA:28,(anonymous_21)
FNDA:4,(anonymous_22)
FNDA:0,(anonymous_23)
FNDA:0,(anonymous_24)
FNDA:0,(anonymous_25)
FNDA:4,(anonymous_26)
FNDA:16,(anonymous_27)
FNDA:49,(anonymous_28)
FNDA:4,(anonymous_29)
FNDA:49,(anonymous_30)
FNDA:10,(anonymous_31)
FNDA:40,(anonymous_32)
FNDA:0,(anonymous_33)
FNDA:10,(anonymous_34)
FNDA:10,(anonymous_35)
FNDA:10,(anonymous_36)
FNDA:5,(anonymous_37)
FNDA:0,(anonymous_38)
FNDA:0,(anonymous_39)
FNDA:10,(anonymous_40)
FNDA:6,(anonymous_41)
FNDA:0,(anonymous_42)
DA:27,1
DA:31,0
DA:37,0
DA:41,7
DA:42,7
DA:43,7
DA:44,7
DA:48,14
DA:49,14
DA:50,14
DA:51,14
DA:52,14
DA:54,14
DA:55,14
DA:56,98
DA:57,98
DA:58,98
DA:60,14
DA:64,0
DA:65,0
DA:66,0
DA:68,0
DA:69,0
DA:71,0
DA:72,0
DA:73,0
DA:75,0
DA:76,0
DA:77,0
DA:79,0
DA:80,0
DA:86,0
DA:93,0
DA:94,0
DA:97,0
DA:107,4
DA:111,0
DA:112,0
DA:131,0
DA:132,0
DA:165,6
DA:166,6
DA:167,6
DA:168,6
DA:170,6
DA:200,4
DA:201,4
DA:236,28
DA:238,4
DA:258,28
DA:259,28
DA:260,28
DA:264,0
DA:265,0
DA:315,8
DA:345,7
DA:347,7
DA:348,7
DA:349,7
DA:351,7
DA:352,7
DA:354,7
DA:356,7
DA:357,7
DA:358,7
DA:359,7
DA:360,0
DA:361,0
DA:364,7
DA:365,7
DA:370,7
DA:371,7
DA:373,0
DA:375,7
DA:376,7
DA:380,7
DA:381,2
DA:384,7
DA:386,7
DA:387,5
DA:392,7
DA:393,0
DA:394,0
DA:398,7
DA:399,4
DA:400,4
DA:401,4
DA:402,28
DA:403,28
DA:404,28
DA:410,28
DA:411,28
DA:415,28
DA:423,4
DA:426,0
DA:427,0
DA:428,0
DA:429,0
DA:430,0
DA:437,0
DA:439,0
DA:447,0
DA:451,7
DA:453,7
DA:454,16
DA:455,2
DA:462,49
DA:463,7
DA:465,7
DA:467,7
DA:469,7
DA:477,7
DA:481,49
DA:482,7
DA:485,7
DA:491,7
DA:493,10
DA:494,10
DA:495,10
DA:496,40
DA:500,0
DA:501,0
DA:507,7
DA:508,10
DA:510,10
DA:511,10
DA:516,10
DA:517,10
DA:518,10
DA:521,7
DA:522,10
DA:523,5
DA:526,7
DA:544,7
DA:545,2
DA:556,5
DA:569,0
DA:580,0
DA:614,10
DA:616,10
DA:620,10
DA:621,10
DA:622,10
DA:624,10
DA:631,10
DA:633,10
DA:639,10
DA:662,0
DA:668,1
DA:679,1
LF:150
LH:107
BRDA:27,0,0,0
BRDA:27,0,1,1
BRDA:28,1,0,1
BRDA:28,1,1,0
BRDA:50,2,0,0
BRDA:50,2,1,14
BRDA:79,3,0,0
BRDA:79,3,1,0
BRDA:116,4,0,4
BRDA:116,4,1,4
BRDA:122,5,0,4
BRDA:122,5,1,4
BRDA:136,6,0,4
BRDA:136,6,1,0
BRDA:142,7,0,4
BRDA:142,7,1,0
BRDA:153,8,0,6
BRDA:154,9,0,6
BRDA:156,10,0,0
BRDA:157,11,0,2
BRDA:206,12,0,4
BRDA:206,12,1,0
BRDA:209,13,0,4
BRDA:209,13,1,0
BRDA:214,14,0,4
BRDA:214,14,1,0
BRDA:217,15,0,4
BRDA:217,15,1,0
BRDA:269,16,0,2
BRDA:269,16,1,26
BRDA:269,17,0,28
BRDA:269,17,1,2
BRDA:275,18,0,2
BRDA:275,18,1,26
BRDA:287,19,0,28
BRDA:287,19,1,2
BRDA:329,20,0,2
BRDA:329,20,1,6
BRDA:330,21,0,2
BRDA:330,21,1,0
BRDA:331,22,0,2
BRDA:331,22,1,4
BRDA:359,23,0,0
BRDA:359,23,1,7
BRDA:373,24,0,0
BRDA:373,24,1,0
BRDA:386,25,0,5
BRDA:386,25,1,2
BRDA:399,26,0,4
BRDA:399,26,1,0
BRDA:405,27,0,28
BRDA:405,27,1,28
BRDA:412,28,0,4
BRDA:412,28,1,24
BRDA:431,29,0,0
BRDA:431,29,1,0
BRDA:431,29,2,0
BRDA:451,30,0,7
BRDA:451,30,1,0
BRDA:454,31,0,2
BRDA:454,31,1,2
BRDA:454,32,0,4
BRDA:454,32,1,4
BRDA:456,33,0,2
BRDA:456,33,1,0
BRDA:465,34,0,5
BRDA:465,34,1,2
BRDA:469,35,0,7
BRDA:469,35,1,0
BRDA:477,36,0,7
BRDA:477,36,1,0
BRDA:491,37,0,7
BRDA:491,37,1,0
BRDA:502,38,0,0
BRDA:502,38,1,0
BRDA:511,39,0,10
BRDA:511,39,1,10
BRDA:544,40,0,2
BRDA:544,40,1,5
BRDA:569,41,0,0
BRDA:569,41,1,0
BRDA:611,42,0,5
BRDA:611,42,1,0
BRDA:614,43,0,10
BRDA:614,43,1,0
BRDA:616,44,0,10
BRDA:616,44,1,0
BRDA:621,45,0,4
BRDA:621,45,1,6
BRDA:622,46,0,10
BRDA:622,46,1,4
BRDA:624,47,0,2
BRDA:624,47,1,8
BRDA:626,48,0,2
BRDA:626,48,1,6
BRDA:631,49,0,4
BRDA:631,49,1,6
BRDA:633,50,0,2
BRDA:633,50,1,8
BRDA:635,51,0,2
BRDA:635,51,1,6
BRF:101
BRH:69
end_of_record
TN:
SF:src\screens\SignupScreen.tsx
FN:25,randInt
FN:29,randDigits
FN:35,makeUsername
FN:52,makePhone
FN:56,normalizeDob
FN:76,BackgroundDecor
FN:93,Segmented
FN:104,(anonymous_7)
FN:122,(anonymous_8)
FN:141,LabeledInput
FN:178,SignUpScreen
FN:182,(anonymous_11)
FN:194,(anonymous_12)
FN:198,(anonymous_13)
FN:291,(anonymous_14)
FN:305,(anonymous_15)
FN:305,(anonymous_16)
FNF:17
FNH:15
FNDA:60,randInt
FNDA:10,randDigits
FNDA:5,makeUsername
FNDA:5,makePhone
FNDA:5,normalizeDob
FNDA:43,BackgroundDecor
FNDA:43,Segmented
FNDA:2,(anonymous_7)
FNDA:0,(anonymous_8)
FNDA:215,LabeledInput
FNDA:44,SignUpScreen
FNDA:11,(anonymous_11)
FNDA:2,(anonymous_12)
FNDA:8,(anonymous_13)
FNDA:0,(anonymous_14)
FNDA:2,(anonymous_15)
FNDA:2,(anonymous_16)
DA:23,2
DA:26,60
DA:30,10
DA:31,60
DA:32,10
DA:40,5
DA:41,5
DA:43,5
DA:44,5
DA:46,5
DA:47,5
DA:49,5
DA:53,5
DA:57,5
DA:58,5
DA:61,4
DA:64,2
DA:65,2
DA:66,2
DA:67,2
DA:68,2
DA:69,2
DA:73,0
DA:77,43
DA:100,43
DA:104,2
DA:122,0
DA:158,215
DA:180,44
DA:181,44
DA:182,44
DA:184,44
DA:185,44
DA:186,44
DA:187,44
DA:188,44
DA:189,44
DA:190,44
DA:192,44
DA:194,44
DA:195,2
DA:198,44
DA:199,8
DA:201,8
DA:202,8
DA:203,8
DA:204,2
DA:205,2
DA:207,6
DA:208,1
DA:209,1
DA:212,5
DA:214,5
DA:224,5
DA:226,4
DA:231,0
DA:232,0
DA:234,5
DA:236,8
DA:240,44
DA:305,2
DA:330,2
LF:62
LH:58
BRDA:40,0,0,5
BRDA:40,0,1,0
BRDA:40,1,0,5
BRDA:40,1,1,0
BRDA:41,2,0,5
BRDA:41,2,1,0
BRDA:41,3,0,5
BRDA:41,3,1,0
BRDA:43,4,0,5
BRDA:43,4,1,0
BRDA:43,4,2,0
BRDA:46,5,0,2
BRDA:46,5,1,3
BRDA:58,6,0,1
BRDA:58,6,1,4
BRDA:61,7,0,2
BRDA:61,7,1,2
BRDA:65,8,0,2
BRDA:65,8,1,0
BRDA:107,9,0,43
BRDA:107,9,1,0
BRDA:113,10,0,43
BRDA:113,10,1,0
BRDA:125,11,0,43
BRDA:125,11,1,43
BRDA:131,12,0,43
BRDA:131,12,1,43
BRDA:172,13,0,86
BRDA:172,13,1,129
BRDA:195,14,0,2
BRDA:195,14,1,0
BRDA:199,15,0,0
BRDA:199,15,1,8
BRDA:203,16,0,2
BRDA:203,16,1,6
BRDA:207,17,0,1
BRDA:207,17,1,5
BRDA:207,18,0,6
BRDA:207,18,1,6
BRDA:217,19,0,5
BRDA:217,19,1,3
BRDA:234,20,0,5
BRDA:234,20,1,0
BRDA:246,21,0,44
BRDA:246,21,1,0
BRDA:308,22,0,1
BRDA:308,22,1,43
BRDA:315,23,0,44
BRDA:315,23,1,5
BRDA:320,24,0,5
BRDA:320,24,1,39
BRF:51
BRH:38
end_of_record
TN:
SF:src\services\analytics.ts
FN:4,isExpoGo
FN:14,isRNFirebaseAvailable
FN:20,logEvent
FNF:3
FNH:3
FNDA:17,isExpoGo
FNDA:17,isRNFirebaseAvailable
FNDA:18,logEvent
DA:6,17
DA:7,17
DA:10,16
DA:11,16
DA:15,17
DA:17,15
DA:24,18
DA:25,17
DA:27,3
DA:29,3
DA:30,3
DA:32,3
DA:34,2
DA:36,1
LF:14
LH:14
BRDA:7,0,0,1
BRDA:7,0,1,16
BRDA:15,1,0,2
BRDA:15,1,1,15
BRDA:24,2,0,1
BRDA:24,2,1,17
BRDA:25,3,0,14
BRDA:25,3,1,3
BRDA:32,4,0,1
BRDA:32,4,1,2
BRF:10
BRH:10
end_of_record
TN:
SF:src\services\api.ts
FN:6,apiPost
FN:35,apiGet
FN:62,apiDelete
FN:83,apiPut
FNF:4
FNH:4
FNDA:5,apiPost
FNDA:4,apiGet
FNDA:1,apiDelete
FNDA:2,apiPut
DA:2,4
DA:11,5
DA:12,5
DA:21,5
DA:22,5
DA:24,5
DA:26,1
DA:29,1
DA:32,4
DA:39,4
DA:40,4
DA:48,4
DA:49,4
DA:51,4
DA:53,0
DA:56,0
DA:59,4
DA:63,1
DA:64,1
DA:72,1
DA:73,0
DA:74,0
DA:76,0
DA:79,0
DA:88,2
DA:89,2
DA:98,2
DA:99,0
DA:100,0
DA:102,0
DA:105,0
DA:108,2
DA:109,2
LF:33
LH:23
BRDA:2,0,0,4
BRDA:2,0,1,4
BRDA:16,1,0,2
BRDA:16,1,1,3
BRDA:22,2,0,5
BRDA:22,2,1,0
BRDA:24,3,0,1
BRDA:24,3,1,4
BRDA:26,4,0,1
BRDA:26,4,1,0
BRDA:26,4,2,0
BRDA:44,5,0,4
BRDA:44,5,1,0
BRDA:49,6,0,4
BRDA:49,6,1,0
BRDA:51,7,0,0
BRDA:51,7,1,4
BRDA:53,8,0,0
BRDA:53,8,1,0
BRDA:53,8,2,0
BRDA:68,9,0,1
BRDA:68,9,1,0
BRDA:72,10,0,0
BRDA:72,10,1,1
BRDA:74,11,0,0
BRDA:74,11,1,0
BRDA:76,12,0,0
BRDA:76,12,1,0
BRDA:76,12,2,0
BRDA:93,13,0,2
BRDA:93,13,1,0
BRDA:98,14,0,0
BRDA:98,14,1,2
BRDA:100,15,0,0
BRDA:100,15,1,0
BRDA:102,16,0,0
BRDA:102,16,1,0
BRDA:102,16,2,0
BRDA:109,17,0,2
BRDA:109,17,1,0
BRF:40
BRH:16
end_of_record
TN:
SF:src\services\auth.ts
FN:19,register
FN:28,login
FNF:2
FNH:2
FNDA:1,register
FNDA:2,login
DA:20,1
DA:29,2
LF:2
LH:2
BRF:0
BRH:0
end_of_record
TN:
SF:src\services\budgets.ts
FN:23,getBudgets
FN:28,createOrUpdateBudget
FN:35,deleteBudget
FNF:3
FNH:3
FNDA:1,getBudgets
FNDA:1,createOrUpdateBudget
FNDA:1,deleteBudget
DA:24,1
DA:25,1
DA:32,1
DA:36,1
LF:4
LH:4
BRDA:24,0,0,0
BRDA:24,0,1,1
BRF:2
BRH:1
end_of_record
TN:
SF:src\services\tokenStorage.ts
FN:11,isWeb
FN:15,hasLocalStorage
FN:23,saveTokens
FN:40,getTokens
FN:63,clearTokens
FNF:5
FNH:5
FNDA:8,isWeb
FNDA:4,hasLocalStorage
FNDA:2,saveTokens
FNDA:4,getTokens
FNDA:2,clearTokens
DA:3,1
DA:4,1
DA:12,8
DA:16,4
DA:17,4
DA:19,0
DA:24,2
DA:25,1
DA:26,1
DA:27,1
DA:30,1
DA:34,0
DA:41,4
DA:42,2
DA:43,2
DA:44,2
DA:45,1
DA:48,2
DA:52,0
DA:56,0
DA:57,0
DA:58,0
DA:60,0
DA:64,2
DA:65,1
DA:66,1
DA:67,1
DA:70,1
DA:74,0
LF:29
LH:21
BRDA:17,0,0,4
BRDA:17,0,1,4
BRDA:24,1,0,1
BRDA:24,1,1,1
BRDA:24,2,0,2
BRDA:24,2,1,1
BRDA:41,3,0,2
BRDA:41,3,1,2
BRDA:41,4,0,4
BRDA:41,4,1,2
BRDA:44,5,0,1
BRDA:44,5,1,1
BRDA:44,6,0,2
BRDA:44,6,1,1
BRDA:58,7,0,0
BRDA:58,7,1,0
BRDA:58,8,0,0
BRDA:58,8,1,0
BRDA:64,9,0,1
BRDA:64,9,1,1
BRDA:64,10,0,2
BRDA:64,10,1,1
BRF:22
BRH:18
end_of_record
TN:
SF:src\services\transactions.ts
FN:26,getTransactions
FN:30,createTransaction
FN:45,getCategories
FNF:3
FNH:3
FNDA:1,getTransactions
FNDA:1,createTransaction
FNDA:1,getCategories
DA:27,1
DA:34,1
DA:46,1
LF:3
LH:3
BRF:0
BRH:0
end_of_record
TN:
SF:src\services\users.ts
FN:26,getProfile
FN:30,updateProfile
FN:37,changePassword
FNF:3
FNH:3
FNDA:1,getProfile
FNDA:1,updateProfile
FNDA:1,changePassword
DA:27,1
DA:34,1
DA:41,1
LF:3
LH:3
BRF:0
BRH:0
end_of_record
TN:
SF:src\utils\toast.ts
FNF:0
FNH:0
LF:0
LH:0
BRF:0
BRH:0
end_of_record
