{"D:\\UNi\\251\\Mobile\\Testing\\finflow\\backend-v2\\src\\controllers\\auth.controller.ts": {"path":"D:\\UNi\\251\\Mobile\\Testing\\finflow\\backend-v2\\src\\controllers\\auth.controller.ts","statementMap":{"0":{"start":{"line":12,"column":0},"end":{"line":12,"column":7}},"1":{"start":{"line":82,"column":0},"end":{"line":82,"column":7}},"2":{"start":{"line":3,"column":0},"end":{"line":3,"column":30}},"3":{"start":{"line":4,"column":0},"end":{"line":4,"column":31}},"4":{"start":{"line":6,"column":0},"end":{"line":6,"column":31}},"5":{"start":{"line":8,"column":19},"end":{"line":8,"column":74}},"6":{"start":{"line":10,"column":2},"end":{"line":10,"column":69}},"7":{"start":{"line":13,"column":2},"end":{"line":79,"column":3}},"8":{"start":{"line":15,"column":6},"end":{"line":15,"column":14}},"9":{"start":{"line":17,"column":4},"end":{"line":19,"column":5}},"10":{"start":{"line":18,"column":6},"end":{"line":18,"column":74}},"11":{"start":{"line":21,"column":25},"end":{"line":25,"column":6}},"12":{"start":{"line":27,"column":4},"end":{"line":29,"column":5}},"13":{"start":{"line":28,"column":6},"end":{"line":28,"column":70}},"14":{"start":{"line":31,"column":27},"end":{"line":31,"column":58}},"15":{"start":{"line":33,"column":17},"end":{"line":43,"column":6}},"16":{"start":{"line":46,"column":4},"end":{"line":46,"column":43}},"17":{"start":{"line":48,"column":24},"end":{"line":50,"column":6}},"18":{"start":{"line":52,"column":25},"end":{"line":55,"column":null}},"19":{"start":{"line":58,"column":4},"end":{"line":61,"column":7}},"20":{"start":{"line":63,"column":4},"end":{"line":75,"column":7}},"21":{"start":{"line":77,"column":4},"end":{"line":77,"column":42}},"22":{"start":{"line":78,"column":4},"end":{"line":78,"column":78}},"23":{"start":{"line":83,"column":2},"end":{"line":138,"column":3}},"24":{"start":{"line":84,"column":35},"end":{"line":84,"column":43}},"25":{"start":{"line":86,"column":4},"end":{"line":88,"column":5}},"26":{"start":{"line":87,"column":6},"end":{"line":87,"column":79}},"27":{"start":{"line":90,"column":17},"end":{"line":94,"column":6}},"28":{"start":{"line":96,"column":4},"end":{"line":98,"column":5}},"29":{"start":{"line":97,"column":6},"end":{"line":97,"column":70}},"30":{"start":{"line":100,"column":18},"end":{"line":100,"column":63}},"31":{"start":{"line":101,"column":4},"end":{"line":103,"column":5}},"32":{"start":{"line":102,"column":6},"end":{"line":102,"column":70}},"33":{"start":{"line":105,"column":24},"end":{"line":108,"column":null}},"34":{"start":{"line":111,"column":25},"end":{"line":114,"column":null}},"35":{"start":{"line":117,"column":4},"end":{"line":120,"column":7}},"36":{"start":{"line":122,"column":4},"end":{"line":134,"column":7}},"37":{"start":{"line":136,"column":4},"end":{"line":136,"column":39}},"38":{"start":{"line":137,"column":4},"end":{"line":137,"column":78}},"39":{"start":{"line":143,"column":28},"end":{"line":162,"column":4}},"40":{"start":{"line":164,"column":2},"end":{"line":169,"column":5}},"41":{"start":{"line":165,"column":42},"end":{"line":168,"column":6}}},"fnMap":{"0":{"name":"register","decl":{"start":{"line":12,"column":22},"end":{"line":12,"column":30}},"loc":{"start":{"line":12,"column":58},"end":{"line":80,"column":1}}},"1":{"name":"login","decl":{"start":{"line":82,"column":22},"end":{"line":82,"column":27}},"loc":{"start":{"line":82,"column":55},"end":{"line":139,"column":1}}},"2":{"name":"createDefaultCategories","decl":{"start":{"line":142,"column":15},"end":{"line":142,"column":38}},"loc":{"start":{"line":142,"column":53},"end":{"line":170,"column":1}}},"3":{"name":"(anonymous_4)","decl":{"start":{"line":165,"column":32},"end":{"line":165,"column":33}},"loc":{"start":{"line":165,"column":42},"end":{"line":168,"column":6}}}},"branchMap":{"0":{"loc":{"start":{"line":8,"column":19},"end":{"line":8,"column":74}},"type":"binary-expr","locations":[{"start":{"line":8,"column":19},"end":{"line":8,"column":41}},{"start":{"line":8,"column":45},"end":{"line":8,"column":74}}]},"1":{"loc":{"start":{"line":10,"column":2},"end":{"line":10,"column":69}},"type":"binary-expr","locations":[{"start":{"line":10,"column":2},"end":{"line":10,"column":32}},{"start":{"line":10,"column":36},"end":{"line":10,"column":69}}]},"2":{"loc":{"start":{"line":17,"column":4},"end":{"line":19,"column":5}},"type":"if","locations":[{"start":{"line":17,"column":4},"end":{"line":19,"column":5}},{"start":{},"end":{}}]},"3":{"loc":{"start":{"line":17,"column":8},"end":{"line":17,"column":53}},"type":"binary-expr","locations":[{"start":{"line":17,"column":8},"end":{"line":17,"column":17}},{"start":{"line":17,"column":21},"end":{"line":17,"column":27}},{"start":{"line":17,"column":31},"end":{"line":17,"column":40}},{"start":{"line":17,"column":44},"end":{"line":17,"column":53}}]},"4":{"loc":{"start":{"line":23,"column":42},"end":{"line":23,"column":66}},"type":"cond-expr","locations":[{"start":{"line":23,"column":50},"end":{"line":23,"column":61}},{"start":{"line":23,"column":64},"end":{"line":23,"column":66}}]},"5":{"loc":{"start":{"line":27,"column":4},"end":{"line":29,"column":5}},"type":"if","locations":[{"start":{"line":27,"column":4},"end":{"line":29,"column":5}},{"start":{},"end":{}}]},"6":{"loc":{"start":{"line":39,"column":15},"end":{"line":39,"column":28}},"type":"binary-expr","locations":[{"start":{"line":39,"column":15},"end":{"line":39,"column":20}},{"start":{"line":39,"column":24},"end":{"line":39,"column":28}}]},"7":{"loc":{"start":{"line":40,"column":21},"end":{"line":40,"column":63}},"type":"cond-expr","locations":[{"start":{"line":40,"column":35},"end":{"line":40,"column":56}},{"start":{"line":40,"column":59},"end":{"line":40,"column":63}}]},"8":{"loc":{"start":{"line":41,"column":15},"end":{"line":41,"column":28}},"type":"binary-expr","locations":[{"start":{"line":41,"column":15},"end":{"line":41,"column":20}},{"start":{"line":41,"column":24},"end":{"line":41,"column":28}}]},"9":{"loc":{"start":{"line":78,"column":36},"end":{"line":78,"column":74}},"type":"binary-expr","locations":[{"start":{"line":78,"column":36},"end":{"line":78,"column":47}},{"start":{"line":78,"column":51},"end":{"line":78,"column":74}}]},"10":{"loc":{"start":{"line":86,"column":4},"end":{"line":88,"column":5}},"type":"if","locations":[{"start":{"line":86,"column":4},"end":{"line":88,"column":5}},{"start":{},"end":{}}]},"11":{"loc":{"start":{"line":86,"column":8},"end":{"line":86,"column":30}},"type":"binary-expr","locations":[{"start":{"line":86,"column":8},"end":{"line":86,"column":17}},{"start":{"line":86,"column":21},"end":{"line":86,"column":30}}]},"12":{"loc":{"start":{"line":96,"column":4},"end":{"line":98,"column":5}},"type":"if","locations":[{"start":{"line":96,"column":4},"end":{"line":98,"column":5}},{"start":{},"end":{}}]},"13":{"loc":{"start":{"line":101,"column":4},"end":{"line":103,"column":5}},"type":"if","locations":[{"start":{"line":101,"column":4},"end":{"line":103,"column":5}},{"start":{},"end":{}}]},"14":{"loc":{"start":{"line":137,"column":36},"end":{"line":137,"column":74}},"type":"binary-expr","locations":[{"start":{"line":137,"column":36},"end":{"line":137,"column":47}},{"start":{"line":137,"column":51},"end":{"line":137,"column":74}}]}},"s":{"0":6,"1":6,"2":6,"3":6,"4":6,"5":6,"6":6,"7":3,"8":3,"9":3,"10":1,"11":2,"12":2,"13":1,"14":1,"15":1,"16":1,"17":1,"18":1,"19":1,"20":1,"21":0,"22":0,"23":5,"24":5,"25":5,"26":1,"27":4,"28":3,"29":1,"30":2,"31":2,"32":1,"33":1,"34":1,"35":1,"36":1,"37":1,"38":1,"39":1,"40":1,"41":15},"f":{"0":3,"1":5,"2":1,"3":15},"b":{"0":[6,0],"1":[6,0],"2":[1,2],"3":[3,3,2,2],"4":[1,1],"5":[1,1],"6":[1,0],"7":[1,0],"8":[1,1],"9":[0,0],"10":[1,4],"11":[5,4],"12":[1,2],"13":[1,1],"14":[1,0]}}
,"D:\\UNi\\251\\Mobile\\Testing\\finflow\\backend-v2\\src\\controllers\\budgets.controller.ts": {"path":"D:\\UNi\\251\\Mobile\\Testing\\finflow\\backend-v2\\src\\controllers\\budgets.controller.ts","statementMap":{"0":{"start":{"line":8,"column":0},"end":{"line":8,"column":7}},"1":{"start":{"line":26,"column":0},"end":{"line":26,"column":7}},"2":{"start":{"line":63,"column":0},"end":{"line":63,"column":7}},"3":{"start":{"line":5,"column":0},"end":{"line":5,"column":31}},"4":{"start":{"line":9,"column":2},"end":{"line":22,"column":3}},"5":{"start":{"line":10,"column":19},"end":{"line":10,"column":32}},"6":{"start":{"line":11,"column":19},"end":{"line":11,"column":66}},"7":{"start":{"line":13,"column":20},"end":{"line":16,"column":6}},"8":{"start":{"line":18,"column":4},"end":{"line":18,"column":22}},"9":{"start":{"line":20,"column":4},"end":{"line":20,"column":45}},"10":{"start":{"line":21,"column":4},"end":{"line":21,"column":78}},"11":{"start":{"line":27,"column":2},"end":{"line":59,"column":3}},"12":{"start":{"line":28,"column":19},"end":{"line":28,"column":32}},"13":{"start":{"line":29,"column":42},"end":{"line":29,"column":50}},"14":{"start":{"line":31,"column":4},"end":{"line":33,"column":5}},"15":{"start":{"line":32,"column":6},"end":{"line":32,"column":74}},"16":{"start":{"line":35,"column":24},"end":{"line":35,"column":50}},"17":{"start":{"line":37,"column":19},"end":{"line":53,"column":6}},"18":{"start":{"line":55,"column":4},"end":{"line":55,"column":21}},"19":{"start":{"line":57,"column":4},"end":{"line":57,"column":54}},"20":{"start":{"line":58,"column":4},"end":{"line":58,"column":78}},"21":{"start":{"line":64,"column":2},"end":{"line":82,"column":3}},"22":{"start":{"line":65,"column":19},"end":{"line":65,"column":32}},"23":{"start":{"line":66,"column":21},"end":{"line":66,"column":42}},"24":{"start":{"line":68,"column":19},"end":{"line":70,"column":6}},"25":{"start":{"line":72,"column":4},"end":{"line":74,"column":5}},"26":{"start":{"line":73,"column":6},"end":{"line":73,"column":67}},"27":{"start":{"line":76,"column":4},"end":{"line":76,"column":60}},"28":{"start":{"line":78,"column":4},"end":{"line":78,"column":57}},"29":{"start":{"line":80,"column":4},"end":{"line":80,"column":47}},"30":{"start":{"line":81,"column":4},"end":{"line":81,"column":78}},"31":{"start":{"line":86,"column":14},"end":{"line":86,"column":24}},"32":{"start":{"line":87,"column":15},"end":{"line":87,"column":32}},"33":{"start":{"line":88,"column":16},"end":{"line":88,"column":59}},"34":{"start":{"line":89,"column":2},"end":{"line":89,"column":28}}},"fnMap":{"0":{"name":"getBudgets","decl":{"start":{"line":8,"column":22},"end":{"line":8,"column":32}},"loc":{"start":{"line":8,"column":64},"end":{"line":23,"column":1}}},"1":{"name":"createOrUpdateBudget","decl":{"start":{"line":26,"column":22},"end":{"line":26,"column":42}},"loc":{"start":{"line":26,"column":74},"end":{"line":60,"column":1}}},"2":{"name":"deleteBudget","decl":{"start":{"line":63,"column":22},"end":{"line":63,"column":34}},"loc":{"start":{"line":63,"column":66},"end":{"line":83,"column":1}}},"3":{"name":"getCurrentMonth","decl":{"start":{"line":85,"column":9},"end":{"line":85,"column":24}},"loc":{"start":{"line":85,"column":24},"end":{"line":90,"column":1}}}},"branchMap":{"0":{"loc":{"start":{"line":11,"column":19},"end":{"line":11,"column":66}},"type":"binary-expr","locations":[{"start":{"line":11,"column":19},"end":{"line":11,"column":45}},{"start":{"line":11,"column":49},"end":{"line":11,"column":66}}]},"1":{"loc":{"start":{"line":21,"column":36},"end":{"line":21,"column":74}},"type":"binary-expr","locations":[{"start":{"line":21,"column":36},"end":{"line":21,"column":47}},{"start":{"line":21,"column":51},"end":{"line":21,"column":74}}]},"2":{"loc":{"start":{"line":31,"column":4},"end":{"line":33,"column":5}},"type":"if","locations":[{"start":{"line":31,"column":4},"end":{"line":33,"column":5}},{"start":{},"end":{}}]},"3":{"loc":{"start":{"line":31,"column":8},"end":{"line":31,"column":30}},"type":"binary-expr","locations":[{"start":{"line":31,"column":8},"end":{"line":31,"column":19}},{"start":{"line":31,"column":23},"end":{"line":31,"column":30}}]},"4":{"loc":{"start":{"line":35,"column":24},"end":{"line":35,"column":50}},"type":"binary-expr","locations":[{"start":{"line":35,"column":24},"end":{"line":35,"column":29}},{"start":{"line":35,"column":33},"end":{"line":35,"column":50}}]},"5":{"loc":{"start":{"line":58,"column":36},"end":{"line":58,"column":74}},"type":"binary-expr","locations":[{"start":{"line":58,"column":36},"end":{"line":58,"column":47}},{"start":{"line":58,"column":51},"end":{"line":58,"column":74}}]},"6":{"loc":{"start":{"line":72,"column":4},"end":{"line":74,"column":5}},"type":"if","locations":[{"start":{"line":72,"column":4},"end":{"line":74,"column":5}},{"start":{},"end":{}}]},"7":{"loc":{"start":{"line":81,"column":36},"end":{"line":81,"column":74}},"type":"binary-expr","locations":[{"start":{"line":81,"column":36},"end":{"line":81,"column":47}},{"start":{"line":81,"column":51},"end":{"line":81,"column":74}}]}},"s":{"0":6,"1":6,"2":6,"3":6,"4":2,"5":2,"6":2,"7":2,"8":1,"9":1,"10":1,"11":2,"12":2,"13":2,"14":2,"15":1,"16":1,"17":1,"18":1,"19":0,"20":0,"21":2,"22":2,"23":2,"24":2,"25":2,"26":1,"27":1,"28":1,"29":0,"30":0,"31":3,"32":3,"33":3,"34":3},"f":{"0":2,"1":2,"2":2,"3":3},"b":{"0":[2,2],"1":[1,0],"2":[1,1],"3":[2,1],"4":[1,1],"5":[0,0],"6":[1,1],"7":[0,0]}}
,"D:\\UNi\\251\\Mobile\\Testing\\finflow\\backend-v2\\src\\controllers\\categories.controller.ts": {"path":"D:\\UNi\\251\\Mobile\\Testing\\finflow\\backend-v2\\src\\controllers\\categories.controller.ts","statementMap":{"0":{"start":{"line":7,"column":0},"end":{"line":7,"column":7}},"1":{"start":{"line":5,"column":0},"end":{"line":5,"column":31}},"2":{"start":{"line":8,"column":2},"end":{"line":20,"column":3}},"3":{"start":{"line":9,"column":19},"end":{"line":9,"column":32}},"4":{"start":{"line":11,"column":23},"end":{"line":14,"column":6}},"5":{"start":{"line":16,"column":4},"end":{"line":16,"column":25}},"6":{"start":{"line":18,"column":4},"end":{"line":18,"column":48}},"7":{"start":{"line":19,"column":4},"end":{"line":19,"column":78}}},"fnMap":{"0":{"name":"getCategories","decl":{"start":{"line":7,"column":22},"end":{"line":7,"column":35}},"loc":{"start":{"line":7,"column":67},"end":{"line":21,"column":1}}}},"branchMap":{"0":{"loc":{"start":{"line":19,"column":36},"end":{"line":19,"column":74}},"type":"binary-expr","locations":[{"start":{"line":19,"column":36},"end":{"line":19,"column":47}},{"start":{"line":19,"column":51},"end":{"line":19,"column":74}}]}},"s":{"0":6,"1":6,"2":1,"3":1,"4":1,"5":1,"6":0,"7":0},"f":{"0":1},"b":{"0":[0,0]}}
,"D:\\UNi\\251\\Mobile\\Testing\\finflow\\backend-v2\\src\\controllers\\transactions.controller.ts": {"path":"D:\\UNi\\251\\Mobile\\Testing\\finflow\\backend-v2\\src\\controllers\\transactions.controller.ts","statementMap":{"0":{"start":{"line":7,"column":0},"end":{"line":7,"column":7}},"1":{"start":{"line":25,"column":0},"end":{"line":25,"column":7}},"2":{"start":{"line":5,"column":0},"end":{"line":5,"column":31}},"3":{"start":{"line":8,"column":2},"end":{"line":22,"column":3}},"4":{"start":{"line":9,"column":19},"end":{"line":9,"column":32}},"5":{"start":{"line":11,"column":25},"end":{"line":16,"column":6}},"6":{"start":{"line":18,"column":4},"end":{"line":18,"column":27}},"7":{"start":{"line":20,"column":4},"end":{"line":20,"column":50}},"8":{"start":{"line":21,"column":4},"end":{"line":21,"column":78}},"9":{"start":{"line":26,"column":2},"end":{"line":49,"column":3}},"10":{"start":{"line":27,"column":19},"end":{"line":27,"column":32}},"11":{"start":{"line":28,"column":47},"end":{"line":28,"column":55}},"12":{"start":{"line":30,"column":4},"end":{"line":32,"column":5}},"13":{"start":{"line":31,"column":6},"end":{"line":31,"column":74}},"14":{"start":{"line":34,"column":24},"end":{"line":43,"column":6}},"15":{"start":{"line":45,"column":4},"end":{"line":45,"column":38}},"16":{"start":{"line":47,"column":4},"end":{"line":47,"column":52}},"17":{"start":{"line":48,"column":4},"end":{"line":48,"column":78}}},"fnMap":{"0":{"name":"getTransactions","decl":{"start":{"line":7,"column":22},"end":{"line":7,"column":37}},"loc":{"start":{"line":7,"column":69},"end":{"line":23,"column":1}}},"1":{"name":"createTransaction","decl":{"start":{"line":25,"column":22},"end":{"line":25,"column":39}},"loc":{"start":{"line":25,"column":71},"end":{"line":50,"column":1}}}},"branchMap":{"0":{"loc":{"start":{"line":21,"column":36},"end":{"line":21,"column":74}},"type":"binary-expr","locations":[{"start":{"line":21,"column":36},"end":{"line":21,"column":47}},{"start":{"line":21,"column":51},"end":{"line":21,"column":74}}]},"1":{"loc":{"start":{"line":30,"column":4},"end":{"line":32,"column":5}},"type":"if","locations":[{"start":{"line":30,"column":4},"end":{"line":32,"column":5}},{"start":{},"end":{}}]},"2":{"loc":{"start":{"line":30,"column":8},"end":{"line":30,"column":39}},"type":"binary-expr","locations":[{"start":{"line":30,"column":8},"end":{"line":30,"column":15}},{"start":{"line":30,"column":19},"end":{"line":30,"column":24}},{"start":{"line":30,"column":28},"end":{"line":30,"column":39}}]},"3":{"loc":{"start":{"line":38,"column":14},"end":{"line":38,"column":26}},"type":"binary-expr","locations":[{"start":{"line":38,"column":14},"end":{"line":38,"column":18}},{"start":{"line":38,"column":22},"end":{"line":38,"column":26}}]},"4":{"loc":{"start":{"line":48,"column":36},"end":{"line":48,"column":74}},"type":"binary-expr","locations":[{"start":{"line":48,"column":36},"end":{"line":48,"column":47}},{"start":{"line":48,"column":51},"end":{"line":48,"column":74}}]}},"s":{"0":6,"1":6,"2":6,"3":2,"4":2,"5":2,"6":1,"7":1,"8":1,"9":2,"10":2,"11":2,"12":2,"13":1,"14":1,"15":0,"16":1,"17":1},"f":{"0":2,"1":2},"b":{"0":[1,0],"1":[1,1],"2":[2,2,1],"3":[1,1],"4":[1,0]}}
,"D:\\UNi\\251\\Mobile\\Testing\\finflow\\backend-v2\\src\\controllers\\users.controller.ts": {"path":"D:\\UNi\\251\\Mobile\\Testing\\finflow\\backend-v2\\src\\controllers\\users.controller.ts","statementMap":{"0":{"start":{"line":9,"column":0},"end":{"line":9,"column":7}},"1":{"start":{"line":39,"column":0},"end":{"line":39,"column":7}},"2":{"start":{"line":73,"column":0},"end":{"line":73,"column":7}},"3":{"start":{"line":4,"column":0},"end":{"line":4,"column":30}},"4":{"start":{"line":6,"column":0},"end":{"line":6,"column":31}},"5":{"start":{"line":10,"column":2},"end":{"line":35,"column":3}},"6":{"start":{"line":11,"column":19},"end":{"line":11,"column":32}},"7":{"start":{"line":13,"column":17},"end":{"line":25,"column":6}},"8":{"start":{"line":27,"column":4},"end":{"line":29,"column":5}},"9":{"start":{"line":28,"column":6},"end":{"line":28,"column":65}},"10":{"start":{"line":31,"column":4},"end":{"line":31,"column":19}},"11":{"start":{"line":33,"column":4},"end":{"line":33,"column":45}},"12":{"start":{"line":34,"column":4},"end":{"line":34,"column":78}},"13":{"start":{"line":40,"column":2},"end":{"line":69,"column":3}},"14":{"start":{"line":41,"column":19},"end":{"line":41,"column":32}},"15":{"start":{"line":42,"column":52},"end":{"line":42,"column":60}},"16":{"start":{"line":44,"column":28},"end":{"line":44,"column":30}},"17":{"start":{"line":45,"column":4},"end":{"line":45,"column":63}},"18":{"start":{"line":45,"column":32},"end":{"line":45,"column":63}},"19":{"start":{"line":46,"column":4},"end":{"line":46,"column":62}},"20":{"start":{"line":46,"column":29},"end":{"line":46,"column":62}},"21":{"start":{"line":47,"column":4},"end":{"line":48,"column":74}},"22":{"start":{"line":48,"column":6},"end":{"line":48,"column":74}},"23":{"start":{"line":49,"column":4},"end":{"line":49,"column":62}},"24":{"start":{"line":49,"column":29},"end":{"line":49,"column":62}},"25":{"start":{"line":51,"column":17},"end":{"line":63,"column":6}},"26":{"start":{"line":65,"column":4},"end":{"line":65,"column":19}},"27":{"start":{"line":67,"column":4},"end":{"line":67,"column":48}},"28":{"start":{"line":68,"column":4},"end":{"line":68,"column":78}},"29":{"start":{"line":74,"column":2},"end":{"line":106,"column":3}},"30":{"start":{"line":75,"column":19},"end":{"line":75,"column":32}},"31":{"start":{"line":76,"column":45},"end":{"line":76,"column":53}},"32":{"start":{"line":78,"column":4},"end":{"line":80,"column":5}},"33":{"start":{"line":79,"column":6},"end":{"line":79,"column":74}},"34":{"start":{"line":82,"column":17},"end":{"line":84,"column":6}},"35":{"start":{"line":86,"column":4},"end":{"line":88,"column":5}},"36":{"start":{"line":87,"column":6},"end":{"line":87,"column":65}},"37":{"start":{"line":90,"column":18},"end":{"line":90,"column":70}},"38":{"start":{"line":91,"column":4},"end":{"line":93,"column":5}},"39":{"start":{"line":92,"column":6},"end":{"line":92,"column":80}},"40":{"start":{"line":95,"column":27},"end":{"line":95,"column":61}},"41":{"start":{"line":97,"column":4},"end":{"line":100,"column":7}},"42":{"start":{"line":102,"column":4},"end":{"line":102,"column":59}},"43":{"start":{"line":104,"column":4},"end":{"line":104,"column":49}},"44":{"start":{"line":105,"column":4},"end":{"line":105,"column":78}}},"fnMap":{"0":{"name":"getProfile","decl":{"start":{"line":9,"column":22},"end":{"line":9,"column":32}},"loc":{"start":{"line":9,"column":64},"end":{"line":36,"column":1}}},"1":{"name":"updateProfile","decl":{"start":{"line":39,"column":22},"end":{"line":39,"column":35}},"loc":{"start":{"line":39,"column":67},"end":{"line":70,"column":1}}},"2":{"name":"changePassword","decl":{"start":{"line":73,"column":22},"end":{"line":73,"column":36}},"loc":{"start":{"line":73,"column":68},"end":{"line":107,"column":1}}}},"branchMap":{"0":{"loc":{"start":{"line":27,"column":4},"end":{"line":29,"column":5}},"type":"if","locations":[{"start":{"line":27,"column":4},"end":{"line":29,"column":5}},{"start":{},"end":{}}]},"1":{"loc":{"start":{"line":34,"column":36},"end":{"line":34,"column":74}},"type":"binary-expr","locations":[{"start":{"line":34,"column":36},"end":{"line":34,"column":47}},{"start":{"line":34,"column":51},"end":{"line":34,"column":74}}]},"2":{"loc":{"start":{"line":45,"column":4},"end":{"line":45,"column":63}},"type":"if","locations":[{"start":{"line":45,"column":4},"end":{"line":45,"column":63}},{"start":{},"end":{}}]},"3":{"loc":{"start":{"line":46,"column":4},"end":{"line":46,"column":62}},"type":"if","locations":[{"start":{"line":46,"column":4},"end":{"line":46,"column":62}},{"start":{},"end":{}}]},"4":{"loc":{"start":{"line":46,"column":48},"end":{"line":46,"column":61}},"type":"binary-expr","locations":[{"start":{"line":46,"column":48},"end":{"line":46,"column":53}},{"start":{"line":46,"column":57},"end":{"line":46,"column":61}}]},"5":{"loc":{"start":{"line":47,"column":4},"end":{"line":48,"column":74}},"type":"if","locations":[{"start":{"line":47,"column":4},"end":{"line":48,"column":74}},{"start":{},"end":{}}]},"6":{"loc":{"start":{"line":48,"column":31},"end":{"line":48,"column":73}},"type":"cond-expr","locations":[{"start":{"line":48,"column":45},"end":{"line":48,"column":66}},{"start":{"line":48,"column":69},"end":{"line":48,"column":73}}]},"7":{"loc":{"start":{"line":49,"column":4},"end":{"line":49,"column":62}},"type":"if","locations":[{"start":{"line":49,"column":4},"end":{"line":49,"column":62}},{"start":{},"end":{}}]},"8":{"loc":{"start":{"line":49,"column":48},"end":{"line":49,"column":61}},"type":"binary-expr","locations":[{"start":{"line":49,"column":48},"end":{"line":49,"column":53}},{"start":{"line":49,"column":57},"end":{"line":49,"column":61}}]},"9":{"loc":{"start":{"line":68,"column":36},"end":{"line":68,"column":74}},"type":"binary-expr","locations":[{"start":{"line":68,"column":36},"end":{"line":68,"column":47}},{"start":{"line":68,"column":51},"end":{"line":68,"column":74}}]},"10":{"loc":{"start":{"line":78,"column":4},"end":{"line":80,"column":5}},"type":"if","locations":[{"start":{"line":78,"column":4},"end":{"line":80,"column":5}},{"start":{},"end":{}}]},"11":{"loc":{"start":{"line":78,"column":8},"end":{"line":78,"column":40}},"type":"binary-expr","locations":[{"start":{"line":78,"column":8},"end":{"line":78,"column":24}},{"start":{"line":78,"column":28},"end":{"line":78,"column":40}}]},"12":{"loc":{"start":{"line":86,"column":4},"end":{"line":88,"column":5}},"type":"if","locations":[{"start":{"line":86,"column":4},"end":{"line":88,"column":5}},{"start":{},"end":{}}]},"13":{"loc":{"start":{"line":91,"column":4},"end":{"line":93,"column":5}},"type":"if","locations":[{"start":{"line":91,"column":4},"end":{"line":93,"column":5}},{"start":{},"end":{}}]},"14":{"loc":{"start":{"line":105,"column":36},"end":{"line":105,"column":74}},"type":"binary-expr","locations":[{"start":{"line":105,"column":36},"end":{"line":105,"column":47}},{"start":{"line":105,"column":51},"end":{"line":105,"column":74}}]}},"s":{"0":6,"1":6,"2":6,"3":6,"4":6,"5":2,"6":2,"7":2,"8":2,"9":1,"10":1,"11":0,"12":0,"13":1,"14":1,"15":1,"16":1,"17":1,"18":1,"19":1,"20":0,"21":1,"22":0,"23":1,"24":0,"25":1,"26":1,"27":0,"28":0,"29":2,"30":2,"31":2,"32":2,"33":0,"34":2,"35":2,"36":0,"37":2,"38":2,"39":1,"40":1,"41":1,"42":1,"43":0,"44":0},"f":{"0":2,"1":1,"2":2},"b":{"0":[1,1],"1":[0,0],"2":[1,0],"3":[0,1],"4":[0,0],"5":[0,1],"6":[0,0],"7":[0,1],"8":[0,0],"9":[0,0],"10":[0,2],"11":[2,2],"12":[0,2],"13":[1,1],"14":[0,0]}}
,"D:\\UNi\\251\\Mobile\\Testing\\finflow\\backend-v2\\src\\middleware\\auth.middleware.ts": {"path":"D:\\UNi\\251\\Mobile\\Testing\\finflow\\backend-v2\\src\\middleware\\auth.middleware.ts","statementMap":{"0":{"start":{"line":8,"column":0},"end":{"line":8,"column":16}},"1":{"start":{"line":2,"column":0},"end":{"line":2,"column":55}},"2":{"start":{"line":13,"column":21},"end":{"line":13,"column":46}},"3":{"start":{"line":14,"column":2},"end":{"line":16,"column":3}},"4":{"start":{"line":15,"column":4},"end":{"line":15,"column":61}},"5":{"start":{"line":18,"column":16},"end":{"line":18,"column":39}},"6":{"start":{"line":19,"column":2},"end":{"line":25,"column":3}},"7":{"start":{"line":20,"column":20},"end":{"line":20,"column":44}},"8":{"start":{"line":21,"column":4},"end":{"line":21,"column":23}},"9":{"start":{"line":22,"column":4},"end":{"line":22,"column":11}},"10":{"start":{"line":24,"column":4},"end":{"line":24,"column":62}}},"fnMap":{"0":{"name":"authMiddleware","decl":{"start":{"line":8,"column":16},"end":{"line":8,"column":30}},"loc":{"start":{"line":11,"column":20},"end":{"line":26,"column":1}}}},"branchMap":{"0":{"loc":{"start":{"line":14,"column":2},"end":{"line":16,"column":3}},"type":"if","locations":[{"start":{"line":14,"column":2},"end":{"line":16,"column":3}},{"start":{},"end":{}}]},"1":{"loc":{"start":{"line":14,"column":6},"end":{"line":14,"column":54}},"type":"binary-expr","locations":[{"start":{"line":14,"column":6},"end":{"line":14,"column":17}},{"start":{"line":14,"column":21},"end":{"line":14,"column":54}}]}},"s":{"0":7,"1":7,"2":18,"3":18,"4":1,"5":17,"6":17,"7":17,"8":16,"9":16,"10":1},"f":{"0":18},"b":{"0":[1,17],"1":[18,17]}}
}
