TN:
SF:src\controllers\auth.controller.ts
FN:12,register
FN:82,login
FN:142,createDefaultCategories
FN:165,(anonymous_4)
FNF:4
FNH:4
FNDA:3,register
FNDA:5,login
FNDA:1,createDefaultCategories
FNDA:15,(anonymous_4)
DA:3,6
DA:4,6
DA:6,6
DA:8,6
DA:10,6
DA:12,6
DA:13,3
DA:15,3
DA:17,3
DA:18,1
DA:21,2
DA:27,2
DA:28,1
DA:31,1
DA:33,1
DA:46,1
DA:48,1
DA:52,1
DA:58,1
DA:63,1
DA:77,0
DA:78,0
DA:82,6
DA:83,5
DA:84,5
DA:86,5
DA:87,1
DA:90,4
DA:96,3
DA:97,1
DA:100,2
DA:101,2
DA:102,1
DA:105,1
DA:111,1
DA:117,1
DA:122,1
DA:136,1
DA:137,1
DA:143,1
DA:164,1
DA:165,15
LF:42
LH:40
BRDA:8,0,0,6
BRDA:8,0,1,0
BRDA:10,1,0,6
BRDA:10,1,1,0
BRDA:17,2,0,1
BRDA:17,2,1,2
BRDA:17,3,0,3
BRDA:17,3,1,3
BRDA:17,3,2,2
BRDA:17,3,3,2
BRDA:23,4,0,1
BRDA:23,4,1,1
BRDA:27,5,0,1
BRDA:27,5,1,1
BRDA:39,6,0,1
BRDA:39,6,1,0
BRDA:40,7,0,1
BRDA:40,7,1,0
BRDA:41,8,0,1
BRDA:41,8,1,1
BRDA:78,9,0,0
BRDA:78,9,1,0
BRDA:86,10,0,1
BRDA:86,10,1,4
BRDA:86,11,0,5
BRDA:86,11,1,4
BRDA:96,12,0,1
BRDA:96,12,1,2
BRDA:101,13,0,1
BRDA:101,13,1,1
BRDA:137,14,0,1
BRDA:137,14,1,0
BRF:32
BRH:25
end_of_record
TN:
SF:src\controllers\budgets.controller.ts
FN:8,getBudgets
FN:26,createOrUpdateBudget
FN:63,deleteBudget
FN:85,getCurrentMonth
FNF:4
FNH:4
FNDA:2,getBudgets
FNDA:2,createOrUpdateBudget
FNDA:2,deleteBudget
FNDA:3,getCurrentMonth
DA:5,6
DA:8,6
DA:9,2
DA:10,2
DA:11,2
DA:13,2
DA:18,1
DA:20,1
DA:21,1
DA:26,6
DA:27,2
DA:28,2
DA:29,2
DA:31,2
DA:32,1
DA:35,1
DA:37,1
DA:55,1
DA:57,0
DA:58,0
DA:63,6
DA:64,2
DA:65,2
DA:66,2
DA:68,2
DA:72,2
DA:73,1
DA:76,1
DA:78,1
DA:80,0
DA:81,0
DA:86,3
DA:87,3
DA:88,3
DA:89,3
LF:35
LH:31
BRDA:11,0,0,2
BRDA:11,0,1,2
BRDA:21,1,0,1
BRDA:21,1,1,0
BRDA:31,2,0,1
BRDA:31,2,1,1
BRDA:31,3,0,2
BRDA:31,3,1,1
BRDA:35,4,0,1
BRDA:35,4,1,1
BRDA:58,5,0,0
BRDA:58,5,1,0
BRDA:72,6,0,1
BRDA:72,6,1,1
BRDA:81,7,0,0
BRDA:81,7,1,0
BRF:16
BRH:11
end_of_record
TN:
SF:src\controllers\categories.controller.ts
FN:7,getCategories
FNF:1
FNH:1
FNDA:1,getCategories
DA:5,6
DA:7,6
DA:8,1
DA:9,1
DA:11,1
DA:16,1
DA:18,0
DA:19,0
LF:8
LH:6
BRDA:19,0,0,0
BRDA:19,0,1,0
BRF:2
BRH:0
end_of_record
TN:
SF:src\controllers\transactions.controller.ts
FN:7,getTransactions
FN:25,createTransaction
FNF:2
FNH:2
FNDA:2,getTransactions
FNDA:2,createTransaction
DA:5,6
DA:7,6
DA:8,2
DA:9,2
DA:11,2
DA:18,1
DA:20,1
DA:21,1
DA:25,6
DA:26,2
DA:27,2
DA:28,2
DA:30,2
DA:31,1
DA:34,1
DA:45,0
DA:47,1
DA:48,1
LF:18
LH:17
BRDA:21,0,0,1
BRDA:21,0,1,0
BRDA:30,1,0,1
BRDA:30,1,1,1
BRDA:30,2,0,2
BRDA:30,2,1,2
BRDA:30,2,2,1
BRDA:38,3,0,1
BRDA:38,3,1,1
BRDA:48,4,0,1
BRDA:48,4,1,0
BRF:11
BRH:9
end_of_record
TN:
SF:src\controllers\users.controller.ts
FN:9,getProfile
FN:39,updateProfile
FN:73,changePassword
FNF:3
FNH:3
FNDA:2,getProfile
FNDA:1,updateProfile
FNDA:2,changePassword
DA:4,6
DA:6,6
DA:9,6
DA:10,2
DA:11,2
DA:13,2
DA:27,2
DA:28,1
DA:31,1
DA:33,0
DA:34,0
DA:39,6
DA:40,1
DA:41,1
DA:42,1
DA:44,1
DA:45,1
DA:46,1
DA:47,1
DA:48,0
DA:49,1
DA:51,1
DA:65,1
DA:67,0
DA:68,0
DA:73,6
DA:74,2
DA:75,2
DA:76,2
DA:78,2
DA:79,0
DA:82,2
DA:86,2
DA:87,0
DA:90,2
DA:91,2
DA:92,1
DA:95,1
DA:97,1
DA:102,1
DA:104,0
DA:105,0
LF:42
LH:33
BRDA:27,0,0,1
BRDA:27,0,1,1
BRDA:34,1,0,0
BRDA:34,1,1,0
BRDA:45,2,0,1
BRDA:45,2,1,0
BRDA:46,3,0,0
BRDA:46,3,1,1
BRDA:46,4,0,0
BRDA:46,4,1,0
BRDA:47,5,0,0
BRDA:47,5,1,1
BRDA:48,6,0,0
BRDA:48,6,1,0
BRDA:49,7,0,0
BRDA:49,7,1,1
BRDA:49,8,0,0
BRDA:49,8,1,0
BRDA:68,9,0,0
BRDA:68,9,1,0
BRDA:78,10,0,0
BRDA:78,10,1,2
BRDA:78,11,0,2
BRDA:78,11,1,2
BRDA:86,12,0,0
BRDA:86,12,1,2
BRDA:91,13,0,1
BRDA:91,13,1,1
BRDA:105,14,0,0
BRDA:105,14,1,0
BRF:30
BRH:12
end_of_record
TN:
SF:src\middleware\auth.middleware.ts
FN:8,authMiddleware
FNF:1
FNH:1
FNDA:18,authMiddleware
DA:2,7
DA:8,7
DA:13,18
DA:14,18
DA:15,1
DA:18,17
DA:19,17
DA:20,17
DA:21,16
DA:22,16
DA:24,1
LF:11
LH:11
BRDA:14,0,0,1
BRDA:14,0,1,17
BRDA:14,1,0,18
BRDA:14,1,1,17
BRF:4
BRH:4
end_of_record
